[16:40:10] [main/DEBUG] [FML/]: Injecting tracing printstreams for STDOUT/STDERR.
[16:40:10] [main/INFO] [FML/]: Forge Mod Loader version 7.99.40.1614 for Minecraft 1.7.10 loading
[16:40:10] [main/INFO] [FML/]: Java is OpenJDK 64-Bit Server VM, version 1.8.0_362, running on Mac OS X:x86_64:10.15.7, installed at /Users/rafadazdoit/.gradle/jdks/azul_systems__inc_-8-x86_64-os_x/zulu8.68.0.21-ca-jdk8.0.362-macosx_x64/zulu-8.jdk/Contents/Home/jre
[16:40:10] [main/DEBUG] [FML/]: Java classpath at launch is /Users/rafadazdoit/.gradle/caches/modules-2/files-2.1/org.lwjgl.lwjgl/lwjgl_util/2.9.4-nightly-20150209/d51a7c040a721d13efdfbd34f8b257b2df882ad0/lwjgl_util-2.9.4-nightly-20150209.jar:/Users/rafadazdoit/.gradle/caches/modules-2/files-2.1/org.lwjgl.lwjgl/lwjgl/2.9.4-nightly-20150209/697517568c68e78ae0b4544145af031c81082dfe/lwjgl-2.9.4-nightly-20150209.jar:/Users/rafadazdoit/.gradle/caches/modules-2/files-2.1/org.lwjgl.lwjgl/lwjgl-platform/2.9.4-nightly-20150209/bcab850f8f487c3f4c4dbabde778bb82bd1a40ed/lwjgl-platform-2.9.4-nightly-20150209-natives-osx.jar:/Users/rafadazdoit/.gradle/caches/modules-2/files-2.1/org.lwjgl.lwjgl/lwjgl-platform/2.9.4-nightly-20150209/b84d5102b9dbfabfeb5e43c7e2828d98a7fc80e0/lwjgl-platform-2.9.4-nightly-20150209-natives-windows.jar:/Users/rafadazdoit/.gradle/caches/modules-2/files-2.1/org.lwjgl.lwjgl/lwjgl-platform/2.9.4-nightly-20150209/931074f46c795d2f7b30ed6395df5715cfd7675b/lwjgl-platform-2.9.4-nightly-20150209-natives-linux.jar:/Users/rafadazdoit/.gradle/caches/modules-2/files-2.1/net.java.jinput/jinput/2.0.5/39c7796b469a600f72380316f6b1f11db6c2c7c4/jinput-2.0.5.jar:/Users/rafadazdoit/.gradle/caches/modules-2/files-2.1/net.java.jutils/jutils/1.0.0/e12fe1fda814bd348c1579329c86943d2cd3c6a6/jutils-1.0.0.jar:/Users/rafadazdoit/.gradle/caches/modules-2/files-2.1/net.java.jinput/jinput-platform/2.0.5/7ff832a6eb9ab6a767f1ade2b548092d0fa64795/jinput-platform-2.0.5-natives-linux.jar:/Users/rafadazdoit/.gradle/caches/modules-2/files-2.1/net.java.jinput/jinput-platform/2.0.5/385ee093e01f587f30ee1c8a2ee7d408fd732e16/jinput-platform-2.0.5-natives-windows.jar:/Users/rafadazdoit/.gradle/caches/modules-2/files-2.1/net.java.jinput/jinput-platform/2.0.5/53f9c919f34d2ca9de8c51fc4e1e8282029a9232/jinput-platform-2.0.5-natives-osx.jar:/Users/rafadazdoit/Documents/GitHub/GTNewHorizons/thaumicboots/build/rfg/mclauncher-1.7.10.jar:/Users/rafadazdoit/Documents/GitHub/GTNewHorizons/thaumicboots/build/rfg/recompiled_minecraft-1.7.10.jar:/Users/rafadazdoit/.gradle/caches/modules-2/files-2.1/net.minecraft/launchwrapper/1.12/111e7bea9c968cdb3d06ef4632bf7ff0824d0f36/launchwrapper-1.12.jar:/Users/rafadazdoit/.gradle/caches/modules-2/files-2.1/com.mojang/authlib/1.5.21/aefba0d5b53fbcb70860bc8046ab95d5854c07a5/authlib-1.5.21.jar:/Users/rafadazdoit/.gradle/caches/modules-2/files-2.1/com.google.code.findbugs/jsr305/2.0.1/516c03b21d50a644d538de0f0369c620989cd8f0/jsr305-2.0.1.jar:/Users/rafadazdoit/.gradle/caches/modules-2/files-2.1/com.typesafe.akka/akka-actor_2.11/2.3.3/ed62e9fc709ca0f2ff1a3220daa8b70a2870078e/akka-actor_2.11-2.3.3.jar:/Users/rafadazdoit/.gradle/caches/modules-2/files-2.1/com.typesafe/config/1.2.1/f771f71fdae3df231bcd54d5ca2d57f0bf93f467/config-1.2.1.jar:/Users/rafadazdoit/.gradle/caches/modules-2/files-2.1/org.scala-lang/scala-actors-migration_2.11/1.1.0/dfa8bc42b181d5b9f1a5dd147f8ae308b893eb6f/scala-actors-migration_2.11-1.1.0.jar:/Users/rafadazdoit/.gradle/caches/modules-2/files-2.1/org.scala-lang.plugins/scala-continuations-plugin_2.11.1/1.0.2/f361a3283452c57fa30c1ee69448995de23c60f7/scala-continuations-plugin_2.11.1-1.0.2.jar:/Users/rafadazdoit/.gradle/caches/modules-2/files-2.1/org.scala-lang/scala-compiler/2.11.5/eb2631e425d240f55ffc060c3262caa4d05d8d1a/scala-compiler-2.11.5.jar:/Users/rafadazdoit/.gradle/caches/modules-2/files-2.1/org.scala-lang.plugins/scala-continuations-library_2.11/1.0.2/e517c53a7e9acd6b1668c5a35eccbaa3bab9aac/scala-continuations-library_2.11-1.0.2.jar:/Users/rafadazdoit/.gradle/caches/modules-2/files-2.1/org.scala-lang/scala-actors/2.11.0/8ccfb6541de179bb1c4d45cf414acee069b7f78b/scala-actors-2.11.0.jar:/Users/rafadazdoit/.gradle/caches/modules-2/files-2.1/org.scala-lang/scala-reflect/2.11.5/69ce65b0f0767c4e5eafaf789fdde7aab78bd9d/scala-reflect-2.11.5.jar:/Users/rafadazdoit/.gradle/caches/modules-2/files-2.1/org.scala-lang.modules/scala-xml_2.11/1.0.3/8f295fc7620bf5a71eb7e34e71d97207aa534abf/scala-xml_2.11-1.0.3.jar:/Users/rafadazdoit/.gradle/caches/modules-2/files-2.1/org.scala-lang.modules/scala-parser-combinators_2.11/1.0.3/b85f2ff7cbdb5540a4c293a947cc936892040fc9/scala-parser-combinators_2.11-1.0.3.jar:/Users/rafadazdoit/.gradle/caches/modules-2/files-2.1/org.scala-lang/scala-library/2.11.5/a5544bb030c5e6c3d81ad116b7dc5024f047df26/scala-library-2.11.5.jar:/Users/rafadazdoit/.gradle/caches/modules-2/files-2.1/org.scala-lang/scala-parser-combinators_2.11/1.0.1/f05d7345bf5a58924f2837c6c1f4d73a938e1ff0/scala-parser-combinators_2.11-1.0.1.jar:/Users/rafadazdoit/.gradle/caches/modules-2/files-2.1/org.scala-lang/scala-swing_2.11/1.0.1/b1cdd92bd47b1e1837139c1c53020e86bb9112ae/scala-swing_2.11-1.0.1.jar:/Users/rafadazdoit/.gradle/caches/modules-2/files-2.1/org.scala-lang/scala-xml_2.11/1.0.2/7a80ec00aec122fba7cd4e0d4cdd87ff7e4cb6d0/scala-xml_2.11-1.0.2.jar:/Users/rafadazdoit/.gradle/caches/modules-2/files-2.1/lzma/lzma/0.0.1/521616dc7487b42bef0e803bd2fa3faf668101d7/lzma-0.0.1.jar:/Users/rafadazdoit/.gradle/caches/modules-2/files-2.1/org.ow2.asm/asm-debug-all/5.0.3/f9e364ae2a66ce2a543012a4668856e84e5dab74/asm-debug-all-5.0.3.jar:/Users/rafadazdoit/.gradle/caches/modules-2/files-2.1/com.paulscode/codecjorbis/20101023/c73b5636faf089d9f00e8732a829577de25237ee/codecjorbis-20101023.jar:/Users/rafadazdoit/.gradle/caches/modules-2/files-2.1/com.paulscode/codecwav/20101023/12f031cfe88fef5c1dd36c563c0a3a69bd7261da/codecwav-20101023.jar:/Users/rafadazdoit/.gradle/caches/modules-2/files-2.1/com.paulscode/libraryjavasound/20101123/5c5e304366f75f9eaa2e8cca546a1fb6109348b3/libraryjavasound-20101123.jar:/Users/rafadazdoit/.gradle/caches/modules-2/files-2.1/com.paulscode/librarylwjglopenal/20100824/73e80d0794c39665aec3f62eee88ca91676674ef/librarylwjglopenal-20100824.jar:/Users/rafadazdoit/.gradle/caches/modules-2/files-2.1/com.paulscode/soundsystem/20120107/419c05fe9be71f792b2d76cfc9b67f1ed0fec7f6/soundsystem-20120107.jar:/Users/rafadazdoit/.gradle/caches/modules-2/files-2.1/com.mojang/netty/1.8.8/a796914d1c8a55b4da9f4a8856dd9623375d8bb/netty-1.8.8.jar:/Users/rafadazdoit/.gradle/caches/modules-2/files-2.1/com.mojang/realms/1.3.5/807ae355ee63583becd7ea60e76aab1532bb42e/realms-1.3.5.jar:/Users/rafadazdoit/.gradle/caches/modules-2/files-2.1/org.apache.commons/commons-compress/1.8.1/a698750c16740fd5b3871425f4cb3bbaa87f529d/commons-compress-1.8.1.jar:/Users/rafadazdoit/.gradle/caches/modules-2/files-2.1/org.apache.httpcomponents/httpclient/4.3.3/18f4247ff4572a074444572cee34647c43e7c9c7/httpclient-4.3.3.jar:/Users/rafadazdoit/.gradle/caches/modules-2/files-2.1/commons-logging/commons-logging/1.1.3/f6f66e966c70a83ffbdb6f17a0919eaf7c8aca7f/commons-logging-1.1.3.jar:/Users/rafadazdoit/.gradle/caches/modules-2/files-2.1/org.apache.httpcomponents/httpcore/4.3.2/31fbbff1ddbf98f3aa7377c94d33b0447c646b6e/httpcore-4.3.2.jar:/Users/rafadazdoit/.gradle/caches/modules-2/files-2.1/java3d/vecmath/1.3.1/a0ae4f51da409fa0c20fa0ca59e6bbc9413ae71d/vecmath-1.3.1.jar:/Users/rafadazdoit/.gradle/caches/modules-2/files-2.1/net.sf.trove4j/trove4j/3.0.3/42ccaf4761f0dfdfa805c9e340d99a755907e2dd/trove4j-3.0.3.jar:/Users/rafadazdoit/.gradle/caches/modules-2/files-2.1/com.ibm.icu/icu4j-core-mojang/51.2/63d216a9311cca6be337c1e458e587f99d382b84/icu4j-core-mojang-51.2.jar:/Users/rafadazdoit/.gradle/caches/modules-2/files-2.1/net.sf.jopt-simple/jopt-simple/4.5/6065cc95c661255349c1d0756657be17c29a4fd3/jopt-simple-4.5.jar:/Users/rafadazdoit/.gradle/caches/modules-2/files-2.1/io.netty/netty-all/4.0.10.Final/9e50bd52ffe257a0e2cd8d971688d6ce7d174325/netty-all-4.0.10.Final.jar:/Users/rafadazdoit/.gradle/caches/modules-2/files-2.1/com.google.guava/guava/17.0/9c6ef172e8de35fd8d4d8783e4821e57cdef7445/guava-17.0.jar:/Users/rafadazdoit/.gradle/caches/modules-2/files-2.1/org.apache.commons/commons-lang3/3.3.2/90a3822c38ec8c996e84c16a3477ef632cbc87a3/commons-lang3-3.3.2.jar:/Users/rafadazdoit/.gradle/caches/modules-2/files-2.1/commons-io/commons-io/2.4/b1b6ea3b7e4aa4f492509a4952029cd8e48019ad/commons-io-2.4.jar:/Users/rafadazdoit/.gradle/caches/modules-2/files-2.1/commons-codec/commons-codec/1.9/9ce04e34240f674bc72680f8b843b1457383161a/commons-codec-1.9.jar:/Users/rafadazdoit/.gradle/caches/modules-2/files-2.1/com.google.code.gson/gson/2.2.4/a60a5e993c98c864010053cb901b7eab25306568/gson-2.2.4.jar:/Users/rafadazdoit/.gradle/caches/modules-2/files-2.1/org.apache.logging.log4j/log4j-core/2.0-beta9/678861ba1b2e1fccb594bb0ca03114bb05da9695/log4j-core-2.0-beta9.jar:/Users/rafadazdoit/.gradle/caches/modules-2/files-2.1/org.apache.logging.log4j/log4j-api/2.0-beta9/1dd66e68cccd907880229f9e2de1314bd13ff785/log4j-api-2.0-beta9.jar:/Users/rafadazdoit/.gradle/caches/modules-2/files-2.1/tv.twitch/twitch/5.16/1f55f009c61637c10c0acfb8b5ffc600f30044b4/twitch-5.16.jar:/Users/rafadazdoit/.gradle/caches/modules-2/files-2.1/tv.twitch/twitch-platform/5.16/7c6affe439099806a4f552da14c42f9d643d8b23/twitch-platform-5.16-natives-windows-32.jar:/Users/rafadazdoit/.gradle/caches/modules-2/files-2.1/tv.twitch/twitch-platform/5.16/39d0c3d363735b4785598e0e7fbf8297c706a9f9/twitch-platform-5.16-natives-windows-64.jar:/Users/rafadazdoit/.gradle/caches/modules-2/files-2.1/tv.twitch/twitch-platform/5.16/62503ee712766cf77f97252e5902786fd834b8c5/twitch-platform-5.16-natives-osx.jar:/Users/rafadazdoit/.gradle/caches/modules-2/files-2.1/tv.twitch/twitch-external-platform/4.5/18215140f010c05b9f86ef6f0f8871954d2ccebf/twitch-external-platform-4.5-natives-windows-32.jar:/Users/rafadazdoit/.gradle/caches/modules-2/files-2.1/tv.twitch/twitch-external-platform/4.5/c3cde57891b935d41b6680a9c5e1502eeab76d86/twitch-external-platform-4.5-natives-windows-64.jar:/Users/rafadazdoit/Documents/GitHub/GTNewHorizons/thaumicboots/build/libs/thaumicboots-0.2.4.dirty-dev.jar:/Users/rafadazdoit/.gradle/caches/modules-2/files-2.1/com.github.GTNewHorizons/TCNEIAdditions/1.2.0/351ef0fa93f8b3df74ece6e1a17e37ad032cb7ee/TCNEIAdditions-1.2.0-dev.jar:/Users/rafadazdoit/.gradle/caches/modules-2/files-2.1/thaumcraft/Thaumcraft/1.7.10-4.2.3.5/40386c3beabd555527575c831dd26a398b6666eb/Thaumcraft-1.7.10-4.2.3.5-dev.jar:/Users/rafadazdoit/.gradle/caches/modules-2/files-2.1/com.github.GTNewHorizons/Baubles/1.0.1.16/fa7f7d04f80a7e52b6b57cb7c0f05ab094636b8f/Baubles-1.0.1.16-dev.jar:/Users/rafadazdoit/.gradle/caches/modules-2/files-2.1/io.github.legacymoddingmc/unimixins/0.1.6/cc10bf0ac8bb4b37cdd7ec9dc5d622f70c5806eb/unimixins-0.1.6-dev.jar:/Users/rafadazdoit/.gradle/caches/modules-2/files-2.1/com.github.GTNewHorizons/NotEnoughItems/2.3.46-GTNH/628306ac44ed29f211875cd575d1a229bdc4802b/NotEnoughItems-2.3.46-GTNH-dev.jar:/Users/rafadazdoit/.gradle/caches/modules-2/files-2.1/curse.maven/thaumcraft-nei-plugin-225095/2241913/1cad010865aa455cc5eafbffc4ef915ac4ab2ecc/thaumcraft-nei-plugin-225095-2241913.jar:/Users/rafadazdoit/.gradle/caches/modules-2/files-2.1/com.github.GTNewHorizons/CodeChickenCore/1.1.10/f9014a8d55c176de368182063e652e41c27e1cb3/CodeChickenCore-1.1.10-dev.jar:/Users/rafadazdoit/.gradle/caches/modules-2/files-2.1/com.github.GTNewHorizons/CodeChickenLib/1.1.6/51081c1c2d8d75ae26f64427849de2c0ba99144/CodeChickenLib-1.1.6-dev.jar
[16:40:10] [main/DEBUG] [FML/]: Java library path at launch is /Users/rafadazdoit/Documents/GitHub/GTNewHorizons/thaumicboots/run/natives/lwjgl2:/Users/rafadazdoit/Library/Java/Extensions:/Library/Java/Extensions:/Network/Library/Java/Extensions:/System/Library/Java/Extensions:/usr/lib/java:.
[16:40:10] [main/INFO] [FML/]: Managed to load a deobfuscated Minecraft name- we are in a deobfuscated environment. Skipping runtime deobfuscation
[16:40:10] [main/DEBUG] [FML/]: Instantiating coremod class FMLCorePlugin
[16:40:10] [main/DEBUG] [FML/]: Added access transformer class cpw.mods.fml.common.asm.transformers.AccessTransformer to enqueued access transformers
[16:40:10] [main/DEBUG] [FML/]: Enqueued coremod FMLCorePlugin
[16:40:10] [main/DEBUG] [FML/]: Instantiating coremod class FMLForgePlugin
[16:40:10] [main/DEBUG] [FML/]: Added access transformer class net.minecraftforge.transformers.ForgeAccessTransformer to enqueued access transformers
[16:40:10] [main/DEBUG] [FML/]: Enqueued coremod FMLForgePlugin
[16:40:10] [main/DEBUG] [FML/]: All fundamental core mods are successfully located
[16:40:10] [main/INFO] [FML/]: Found a command line coremod : codechicken.nei.asm.NEICorePlugin
[16:40:10] [main/DEBUG] [FML/]: Instantiating coremod class NEICorePlugin
[16:40:10] [main/DEBUG] [FML/]: The coremod codechicken.nei.asm.NEICorePlugin requested minecraft version 1.7.10 and minecraft is 1.7.10. It will be loaded.
[16:40:10] [main/DEBUG] [mixin/]: Preparing mixins for MixinEnvironment[PREINIT]
[16:40:10] [main/DEBUG] [FML/]: Enqueued coremod NEICorePlugin
[16:40:10] [main/INFO] [FML/]: Found a command line coremod : thaumcraft.codechicken.core.launch.DepLoader
[16:40:10] [main/DEBUG] [FML/]: Instantiating coremod class DepLoader
[16:40:10] [main/WARN] [FML/]: The coremod thaumcraft.codechicken.core.launch.DepLoader does not have a MCVersion annotation, it may cause issues with this version of Minecraft
[16:40:10] [main/DEBUG] [FML/]: Enqueued coremod DepLoader
[16:40:10] [main/INFO] [FML/]: Found a command line coremod : io.github.legacymoddingmc.unimixins.all.AllCore
[16:40:10] [main/DEBUG] [FML/]: Instantiating coremod class AllCore
[16:40:10] [main/DEBUG] [unimixins/]: Name of jar containing MixinCore: unimixins-0.1.6-dev.jar
[16:40:10] [main/DEBUG] [unimixins/]: Name of jar containing MixinTweaker: unimixins-0.1.6-dev.jar
[16:40:10] [main/INFO] [GasStation Core Plugin/]: Initializing GasStationCore
[16:40:10] [main/INFO] [GTNHMixins Core Plugin/]: Initializing GTNHMixins Core
[16:40:10] [main/DEBUG] [unimixin-gtnhmixins/]: Initializing MixinExtras
[16:40:10] [main/DEBUG] [mixin/]: Registering new injector for @Inject with org.spongepowered.asm.mixin.injection.struct.CallbackInjectionInfo
[16:40:10] [main/DEBUG] [mixin/]: Registering new injector for @ModifyArg with org.spongepowered.asm.mixin.injection.struct.ModifyArgInjectionInfo
[16:40:10] [main/DEBUG] [mixin/]: Registering new injector for @ModifyArgs with org.spongepowered.asm.mixin.injection.struct.ModifyArgsInjectionInfo
[16:40:10] [main/DEBUG] [mixin/]: Registering new injector for @Redirect with org.spongepowered.asm.mixin.injection.struct.RedirectInjectionInfo
[16:40:10] [main/DEBUG] [mixin/]: Registering new injector for @ModifyVariable with org.spongepowered.asm.mixin.injection.struct.ModifyVariableInjectionInfo
[16:40:10] [main/DEBUG] [mixin/]: Registering new injector for @ModifyConstant with org.spongepowered.asm.mixin.injection.struct.ModifyConstantInjectionInfo
[16:40:10] [main/DEBUG] [mixin/]: Registering new injector for @ModifyExpressionValue with com.gtnewhorizon.mixinextras.injector.ModifyExpressionValueInjectionInfo
[16:40:10] [main/DEBUG] [mixin/]: Registering new injector for @ModifyReceiver with com.gtnewhorizon.mixinextras.injector.ModifyReceiverInjectionInfo
[16:40:10] [main/DEBUG] [mixin/]: Registering new injector for @ModifyReturnValue with com.gtnewhorizon.mixinextras.injector.ModifyReturnValueInjectionInfo
[16:40:10] [main/DEBUG] [mixin/]: Registering new injector for @WrapOperation with com.gtnewhorizon.mixinextras.injector.wrapoperation.WrapOperationInjectionInfo
[16:40:10] [main/DEBUG] [mixin/]: Registering new injector for @WrapWithCondition with com.gtnewhorizon.mixinextras.injector.WrapWithConditionInjectionInfo
[16:40:10] [main/DEBUG] [FML/]: The coremod io.github.legacymoddingmc.unimixins.all.AllCore requested minecraft version 1.7.10 and minecraft is 1.7.10. It will be loaded.
[16:40:10] [main/INFO] [unimixins/]: Instantiating AllCore
[16:40:10] [main/INFO] [unimixins/]: Instantiating CompatCore
[16:40:10] [main/INFO] [unimixins-mixinextras/]: Instantiating MixinExtrasCore
[16:40:10] [main/DEBUG] [unimixins/]: Resolved real package prefix to: org/spongepowered/asm/lib/
[16:40:10] [main/DEBUG] [mixin/]: Registering new injector for @ModifyExpressionValue with com.llamalad7.mixinextras.injector.ModifyExpressionValueInjectionInfo
[16:40:10] [main/DEBUG] [mixin/]: Registering new injector for @ModifyReceiver with com.llamalad7.mixinextras.injector.ModifyReceiverInjectionInfo
[16:40:10] [main/DEBUG] [mixin/]: Registering new injector for @ModifyReturnValue with com.llamalad7.mixinextras.injector.ModifyReturnValueInjectionInfo
[16:40:10] [main/DEBUG] [mixin/]: Registering new injector for @WrapOperation with com.llamalad7.mixinextras.injector.wrapoperation.WrapOperationInjectionInfo
[16:40:10] [main/DEBUG] [mixin/]: Registering new injector for @WrapWithCondition with com.llamalad7.mixinextras.injector.WrapWithConditionInjectionInfo
[16:40:10] [main/DEBUG] [FML/]: Enqueued coremod AllCore
[16:40:10] [main/INFO] [FML/]: Found a command line coremod : codechicken.core.launch.CodeChickenCorePlugin
[16:40:10] [main/DEBUG] [FML/]: Instantiating coremod class CodeChickenCorePlugin
[16:40:10] [main/DEBUG] [FML/]: The coremod codechicken.core.launch.CodeChickenCorePlugin requested minecraft version 1.7.10 and minecraft is 1.7.10. It will be loaded.
[16:40:10] [main/DEBUG] [FML/]: Added access transformer class codechicken.core.asm.CodeChickenAccessTransformer to enqueued access transformers
[16:40:10] [main/DEBUG] [FML/]: Enqueued coremod CodeChickenCorePlugin
[16:40:10] [main/DEBUG] [FML/]: Attempting to load commandline specified mods, relative to /Users/rafadazdoit/Documents/GitHub/GTNewHorizons/thaumicboots/run
[16:40:10] [main/DEBUG] [FML/]: Discovering coremods
[16:40:10] [main/INFO] [LaunchWrapper/]: Calling tweak class org.spongepowered.asm.launch.MixinTweaker
[16:40:10] [main/DEBUG] [mixin/]: Processing prepare() for PlatformAgent[MixinPlatformAgentDefault:ContainerHandleURI(file:/Users/rafadazdoit/.gradle/caches/modules-2/files-2.1/io.github.legacymoddingmc/unimixins/0.1.6/cc10bf0ac8bb4b37cdd7ec9dc5d622f70c5806eb/unimixins-0.1.6-dev.jar)]
[16:40:10] [main/DEBUG] [mixin/]: Registering mixin config: mixins.gtnhmixins.json
[16:40:10] [main/INFO] [mixin/]: Compatibility level set to JAVA_8
[16:40:10] [main/DEBUG] [mixin/]: Registering mixin config: mixins.gasstation.json
[16:40:10] [main/DEBUG] [mixin/]: Registering mixin config: mixins.gtnhmixins.json
[16:40:10] [main/DEBUG] [mixin/]: Registering mixin config: mixingasm.mixin.json
[16:40:10] [main/DEBUG] [mixin/]: Processing prepare() for PlatformAgent[MixinPlatformAgentDefault:ContainerHandleURI(file:/Users/rafadazdoit/.gradle/caches/modules-2/files-2.1/com.github.GTNewHorizons/TCNEIAdditions/1.2.0/351ef0fa93f8b3df74ece6e1a17e37ad032cb7ee/TCNEIAdditions-1.2.0-dev.jar)]
[16:40:10] [main/DEBUG] [mixin/]: Registering mixin config: mixins.tcneiadditions.json
[16:40:10] [main/DEBUG] [mixin/]: Creating FML remapper adapter: org.spongepowered.asm.bridge.RemapperAdapterFML
[16:40:10] [main/DEBUG] [mixin/]: Checking for additional mixins for MixinEnvironment[PREINIT]
[16:40:10] [main/DEBUG] [mixin/]: Selecting config mixins.gasstation.json
[16:40:10] [main/DEBUG] [mixin/]: Remapping refMap mixins.gasstation.refmap.json using remapper chain
[16:40:10] [main/DEBUG] [mixin/]: Preparing mixins.gasstation.json (0)
[16:40:10] [main/INFO] [mixin/]: Initialised Mixin FML Remapper Adapter with cpw.mods.fml.common.asm.transformers.deobf.FMLDeobfuscatingRemapper@5fb759d6
[16:40:10] [main/INFO] [mixin/]: Initialised Legacy FML Dev Remapper
[16:40:10] [main/DEBUG] [mixin/]: Processing launch tasks for PlatformAgent[MixinPlatformAgentDefault:ContainerHandleURI(file:/Users/rafadazdoit/.gradle/caches/modules-2/files-2.1/io.github.legacymoddingmc/unimixins/0.1.6/cc10bf0ac8bb4b37cdd7ec9dc5d622f70c5806eb/unimixins-0.1.6-dev.jar)]
[16:40:10] [main/DEBUG] [org.spongepowered.asm.service.mojang.MixinServiceLaunchWrapper/]: Scanning file:/Users/rafadazdoit/.gradle/caches/modules-2/files-2.1/org.lwjgl.lwjgl/lwjgl_util/2.9.4-nightly-20150209/d51a7c040a721d13efdfbd34f8b257b2df882ad0/lwjgl_util-2.9.4-nightly-20150209.jar for mixin tweaker
[16:40:10] [main/DEBUG] [org.spongepowered.asm.service.mojang.MixinServiceLaunchWrapper/]: Scanning file:/Users/rafadazdoit/.gradle/caches/modules-2/files-2.1/org.lwjgl.lwjgl/lwjgl/2.9.4-nightly-20150209/697517568c68e78ae0b4544145af031c81082dfe/lwjgl-2.9.4-nightly-20150209.jar for mixin tweaker
[16:40:10] [main/DEBUG] [org.spongepowered.asm.service.mojang.MixinServiceLaunchWrapper/]: Scanning file:/Users/rafadazdoit/.gradle/caches/modules-2/files-2.1/org.lwjgl.lwjgl/lwjgl-platform/2.9.4-nightly-20150209/bcab850f8f487c3f4c4dbabde778bb82bd1a40ed/lwjgl-platform-2.9.4-nightly-20150209-natives-osx.jar for mixin tweaker
[16:40:10] [main/DEBUG] [org.spongepowered.asm.service.mojang.MixinServiceLaunchWrapper/]: Scanning file:/Users/rafadazdoit/.gradle/caches/modules-2/files-2.1/org.lwjgl.lwjgl/lwjgl-platform/2.9.4-nightly-20150209/b84d5102b9dbfabfeb5e43c7e2828d98a7fc80e0/lwjgl-platform-2.9.4-nightly-20150209-natives-windows.jar for mixin tweaker
[16:40:10] [main/DEBUG] [org.spongepowered.asm.service.mojang.MixinServiceLaunchWrapper/]: Scanning file:/Users/rafadazdoit/.gradle/caches/modules-2/files-2.1/org.lwjgl.lwjgl/lwjgl-platform/2.9.4-nightly-20150209/931074f46c795d2f7b30ed6395df5715cfd7675b/lwjgl-platform-2.9.4-nightly-20150209-natives-linux.jar for mixin tweaker
[16:40:10] [main/DEBUG] [org.spongepowered.asm.service.mojang.MixinServiceLaunchWrapper/]: Scanning file:/Users/rafadazdoit/.gradle/caches/modules-2/files-2.1/net.java.jinput/jinput/2.0.5/39c7796b469a600f72380316f6b1f11db6c2c7c4/jinput-2.0.5.jar for mixin tweaker
[16:40:10] [main/DEBUG] [org.spongepowered.asm.service.mojang.MixinServiceLaunchWrapper/]: Scanning file:/Users/rafadazdoit/.gradle/caches/modules-2/files-2.1/net.java.jutils/jutils/1.0.0/e12fe1fda814bd348c1579329c86943d2cd3c6a6/jutils-1.0.0.jar for mixin tweaker
[16:40:10] [main/DEBUG] [org.spongepowered.asm.service.mojang.MixinServiceLaunchWrapper/]: Scanning file:/Users/rafadazdoit/.gradle/caches/modules-2/files-2.1/net.java.jinput/jinput-platform/2.0.5/7ff832a6eb9ab6a767f1ade2b548092d0fa64795/jinput-platform-2.0.5-natives-linux.jar for mixin tweaker
[16:40:10] [main/DEBUG] [org.spongepowered.asm.service.mojang.MixinServiceLaunchWrapper/]: Scanning file:/Users/rafadazdoit/.gradle/caches/modules-2/files-2.1/net.java.jinput/jinput-platform/2.0.5/385ee093e01f587f30ee1c8a2ee7d408fd732e16/jinput-platform-2.0.5-natives-windows.jar for mixin tweaker
[16:40:10] [main/DEBUG] [org.spongepowered.asm.service.mojang.MixinServiceLaunchWrapper/]: Scanning file:/Users/rafadazdoit/.gradle/caches/modules-2/files-2.1/net.java.jinput/jinput-platform/2.0.5/53f9c919f34d2ca9de8c51fc4e1e8282029a9232/jinput-platform-2.0.5-natives-osx.jar for mixin tweaker
[16:40:10] [main/DEBUG] [org.spongepowered.asm.service.mojang.MixinServiceLaunchWrapper/]: Scanning file:/Users/rafadazdoit/Documents/GitHub/GTNewHorizons/thaumicboots/build/rfg/mclauncher-1.7.10.jar for mixin tweaker
[16:40:10] [main/DEBUG] [org.spongepowered.asm.service.mojang.MixinServiceLaunchWrapper/]: Scanning file:/Users/rafadazdoit/Documents/GitHub/GTNewHorizons/thaumicboots/build/rfg/recompiled_minecraft-1.7.10.jar for mixin tweaker
[16:40:10] [main/DEBUG] [org.spongepowered.asm.service.mojang.MixinServiceLaunchWrapper/]: Scanning file:/Users/rafadazdoit/.gradle/caches/modules-2/files-2.1/net.minecraft/launchwrapper/1.12/111e7bea9c968cdb3d06ef4632bf7ff0824d0f36/launchwrapper-1.12.jar for mixin tweaker
[16:40:10] [main/DEBUG] [org.spongepowered.asm.service.mojang.MixinServiceLaunchWrapper/]: Scanning file:/Users/rafadazdoit/.gradle/caches/modules-2/files-2.1/com.mojang/authlib/1.5.21/aefba0d5b53fbcb70860bc8046ab95d5854c07a5/authlib-1.5.21.jar for mixin tweaker
[16:40:10] [main/DEBUG] [org.spongepowered.asm.service.mojang.MixinServiceLaunchWrapper/]: Scanning file:/Users/rafadazdoit/.gradle/caches/modules-2/files-2.1/com.google.code.findbugs/jsr305/2.0.1/516c03b21d50a644d538de0f0369c620989cd8f0/jsr305-2.0.1.jar for mixin tweaker
[16:40:10] [main/DEBUG] [org.spongepowered.asm.service.mojang.MixinServiceLaunchWrapper/]: Scanning file:/Users/rafadazdoit/.gradle/caches/modules-2/files-2.1/com.typesafe.akka/akka-actor_2.11/2.3.3/ed62e9fc709ca0f2ff1a3220daa8b70a2870078e/akka-actor_2.11-2.3.3.jar for mixin tweaker
[16:40:10] [main/DEBUG] [org.spongepowered.asm.service.mojang.MixinServiceLaunchWrapper/]: Scanning file:/Users/rafadazdoit/.gradle/caches/modules-2/files-2.1/com.typesafe/config/1.2.1/f771f71fdae3df231bcd54d5ca2d57f0bf93f467/config-1.2.1.jar for mixin tweaker
[16:40:10] [main/DEBUG] [org.spongepowered.asm.service.mojang.MixinServiceLaunchWrapper/]: Scanning file:/Users/rafadazdoit/.gradle/caches/modules-2/files-2.1/org.scala-lang/scala-actors-migration_2.11/1.1.0/dfa8bc42b181d5b9f1a5dd147f8ae308b893eb6f/scala-actors-migration_2.11-1.1.0.jar for mixin tweaker
[16:40:10] [main/DEBUG] [org.spongepowered.asm.service.mojang.MixinServiceLaunchWrapper/]: Scanning file:/Users/rafadazdoit/.gradle/caches/modules-2/files-2.1/org.scala-lang.plugins/scala-continuations-plugin_2.11.1/1.0.2/f361a3283452c57fa30c1ee69448995de23c60f7/scala-continuations-plugin_2.11.1-1.0.2.jar for mixin tweaker
[16:40:10] [main/DEBUG] [org.spongepowered.asm.service.mojang.MixinServiceLaunchWrapper/]: Scanning file:/Users/rafadazdoit/.gradle/caches/modules-2/files-2.1/org.scala-lang/scala-compiler/2.11.5/eb2631e425d240f55ffc060c3262caa4d05d8d1a/scala-compiler-2.11.5.jar for mixin tweaker
[16:40:10] [main/DEBUG] [org.spongepowered.asm.service.mojang.MixinServiceLaunchWrapper/]: Scanning file:/Users/rafadazdoit/.gradle/caches/modules-2/files-2.1/org.scala-lang.plugins/scala-continuations-library_2.11/1.0.2/e517c53a7e9acd6b1668c5a35eccbaa3bab9aac/scala-continuations-library_2.11-1.0.2.jar for mixin tweaker
[16:40:10] [main/DEBUG] [org.spongepowered.asm.service.mojang.MixinServiceLaunchWrapper/]: Scanning file:/Users/rafadazdoit/.gradle/caches/modules-2/files-2.1/org.scala-lang/scala-actors/2.11.0/8ccfb6541de179bb1c4d45cf414acee069b7f78b/scala-actors-2.11.0.jar for mixin tweaker
[16:40:10] [main/DEBUG] [org.spongepowered.asm.service.mojang.MixinServiceLaunchWrapper/]: Scanning file:/Users/rafadazdoit/.gradle/caches/modules-2/files-2.1/org.scala-lang/scala-reflect/2.11.5/69ce65b0f0767c4e5eafaf789fdde7aab78bd9d/scala-reflect-2.11.5.jar for mixin tweaker
[16:40:10] [main/DEBUG] [org.spongepowered.asm.service.mojang.MixinServiceLaunchWrapper/]: Scanning file:/Users/rafadazdoit/.gradle/caches/modules-2/files-2.1/org.scala-lang.modules/scala-xml_2.11/1.0.3/8f295fc7620bf5a71eb7e34e71d97207aa534abf/scala-xml_2.11-1.0.3.jar for mixin tweaker
[16:40:10] [main/DEBUG] [org.spongepowered.asm.service.mojang.MixinServiceLaunchWrapper/]: Scanning file:/Users/rafadazdoit/.gradle/caches/modules-2/files-2.1/org.scala-lang.modules/scala-parser-combinators_2.11/1.0.3/b85f2ff7cbdb5540a4c293a947cc936892040fc9/scala-parser-combinators_2.11-1.0.3.jar for mixin tweaker
[16:40:10] [main/DEBUG] [org.spongepowered.asm.service.mojang.MixinServiceLaunchWrapper/]: Scanning file:/Users/rafadazdoit/.gradle/caches/modules-2/files-2.1/org.scala-lang/scala-library/2.11.5/a5544bb030c5e6c3d81ad116b7dc5024f047df26/scala-library-2.11.5.jar for mixin tweaker
[16:40:10] [main/DEBUG] [org.spongepowered.asm.service.mojang.MixinServiceLaunchWrapper/]: Scanning file:/Users/rafadazdoit/.gradle/caches/modules-2/files-2.1/org.scala-lang/scala-parser-combinators_2.11/1.0.1/f05d7345bf5a58924f2837c6c1f4d73a938e1ff0/scala-parser-combinators_2.11-1.0.1.jar for mixin tweaker
[16:40:10] [main/DEBUG] [org.spongepowered.asm.service.mojang.MixinServiceLaunchWrapper/]: Scanning file:/Users/rafadazdoit/.gradle/caches/modules-2/files-2.1/org.scala-lang/scala-swing_2.11/1.0.1/b1cdd92bd47b1e1837139c1c53020e86bb9112ae/scala-swing_2.11-1.0.1.jar for mixin tweaker
[16:40:10] [main/DEBUG] [org.spongepowered.asm.service.mojang.MixinServiceLaunchWrapper/]: Scanning file:/Users/rafadazdoit/.gradle/caches/modules-2/files-2.1/org.scala-lang/scala-xml_2.11/1.0.2/7a80ec00aec122fba7cd4e0d4cdd87ff7e4cb6d0/scala-xml_2.11-1.0.2.jar for mixin tweaker
[16:40:10] [main/DEBUG] [org.spongepowered.asm.service.mojang.MixinServiceLaunchWrapper/]: Scanning file:/Users/rafadazdoit/.gradle/caches/modules-2/files-2.1/lzma/lzma/0.0.1/521616dc7487b42bef0e803bd2fa3faf668101d7/lzma-0.0.1.jar for mixin tweaker
[16:40:10] [main/DEBUG] [org.spongepowered.asm.service.mojang.MixinServiceLaunchWrapper/]: Scanning file:/Users/rafadazdoit/.gradle/caches/modules-2/files-2.1/org.ow2.asm/asm-debug-all/5.0.3/f9e364ae2a66ce2a543012a4668856e84e5dab74/asm-debug-all-5.0.3.jar for mixin tweaker
[16:40:10] [main/DEBUG] [org.spongepowered.asm.service.mojang.MixinServiceLaunchWrapper/]: Scanning file:/Users/rafadazdoit/.gradle/caches/modules-2/files-2.1/com.paulscode/codecjorbis/20101023/c73b5636faf089d9f00e8732a829577de25237ee/codecjorbis-20101023.jar for mixin tweaker
[16:40:10] [main/DEBUG] [org.spongepowered.asm.service.mojang.MixinServiceLaunchWrapper/]: Scanning file:/Users/rafadazdoit/.gradle/caches/modules-2/files-2.1/com.paulscode/codecwav/20101023/12f031cfe88fef5c1dd36c563c0a3a69bd7261da/codecwav-20101023.jar for mixin tweaker
[16:40:10] [main/DEBUG] [org.spongepowered.asm.service.mojang.MixinServiceLaunchWrapper/]: Scanning file:/Users/rafadazdoit/.gradle/caches/modules-2/files-2.1/com.paulscode/libraryjavasound/20101123/5c5e304366f75f9eaa2e8cca546a1fb6109348b3/libraryjavasound-20101123.jar for mixin tweaker
[16:40:10] [main/DEBUG] [org.spongepowered.asm.service.mojang.MixinServiceLaunchWrapper/]: Scanning file:/Users/rafadazdoit/.gradle/caches/modules-2/files-2.1/com.paulscode/librarylwjglopenal/20100824/73e80d0794c39665aec3f62eee88ca91676674ef/librarylwjglopenal-20100824.jar for mixin tweaker
[16:40:10] [main/DEBUG] [org.spongepowered.asm.service.mojang.MixinServiceLaunchWrapper/]: Scanning file:/Users/rafadazdoit/.gradle/caches/modules-2/files-2.1/com.paulscode/soundsystem/20120107/419c05fe9be71f792b2d76cfc9b67f1ed0fec7f6/soundsystem-20120107.jar for mixin tweaker
[16:40:10] [main/DEBUG] [org.spongepowered.asm.service.mojang.MixinServiceLaunchWrapper/]: Scanning file:/Users/rafadazdoit/.gradle/caches/modules-2/files-2.1/com.mojang/netty/1.8.8/a796914d1c8a55b4da9f4a8856dd9623375d8bb/netty-1.8.8.jar for mixin tweaker
[16:40:10] [main/DEBUG] [org.spongepowered.asm.service.mojang.MixinServiceLaunchWrapper/]: Scanning file:/Users/rafadazdoit/.gradle/caches/modules-2/files-2.1/com.mojang/realms/1.3.5/807ae355ee63583becd7ea60e76aab1532bb42e/realms-1.3.5.jar for mixin tweaker
[16:40:10] [main/DEBUG] [org.spongepowered.asm.service.mojang.MixinServiceLaunchWrapper/]: Scanning file:/Users/rafadazdoit/.gradle/caches/modules-2/files-2.1/org.apache.commons/commons-compress/1.8.1/a698750c16740fd5b3871425f4cb3bbaa87f529d/commons-compress-1.8.1.jar for mixin tweaker
[16:40:10] [main/DEBUG] [org.spongepowered.asm.service.mojang.MixinServiceLaunchWrapper/]: Scanning file:/Users/rafadazdoit/.gradle/caches/modules-2/files-2.1/org.apache.httpcomponents/httpclient/4.3.3/18f4247ff4572a074444572cee34647c43e7c9c7/httpclient-4.3.3.jar for mixin tweaker
[16:40:10] [main/DEBUG] [org.spongepowered.asm.service.mojang.MixinServiceLaunchWrapper/]: Scanning file:/Users/rafadazdoit/.gradle/caches/modules-2/files-2.1/commons-logging/commons-logging/1.1.3/f6f66e966c70a83ffbdb6f17a0919eaf7c8aca7f/commons-logging-1.1.3.jar for mixin tweaker
[16:40:10] [main/DEBUG] [org.spongepowered.asm.service.mojang.MixinServiceLaunchWrapper/]: Scanning file:/Users/rafadazdoit/.gradle/caches/modules-2/files-2.1/org.apache.httpcomponents/httpcore/4.3.2/31fbbff1ddbf98f3aa7377c94d33b0447c646b6e/httpcore-4.3.2.jar for mixin tweaker
[16:40:10] [main/DEBUG] [org.spongepowered.asm.service.mojang.MixinServiceLaunchWrapper/]: Scanning file:/Users/rafadazdoit/.gradle/caches/modules-2/files-2.1/java3d/vecmath/1.3.1/a0ae4f51da409fa0c20fa0ca59e6bbc9413ae71d/vecmath-1.3.1.jar for mixin tweaker
[16:40:10] [main/DEBUG] [org.spongepowered.asm.service.mojang.MixinServiceLaunchWrapper/]: Scanning file:/Users/rafadazdoit/.gradle/caches/modules-2/files-2.1/net.sf.trove4j/trove4j/3.0.3/42ccaf4761f0dfdfa805c9e340d99a755907e2dd/trove4j-3.0.3.jar for mixin tweaker
[16:40:10] [main/DEBUG] [org.spongepowered.asm.service.mojang.MixinServiceLaunchWrapper/]: Scanning file:/Users/rafadazdoit/.gradle/caches/modules-2/files-2.1/com.ibm.icu/icu4j-core-mojang/51.2/63d216a9311cca6be337c1e458e587f99d382b84/icu4j-core-mojang-51.2.jar for mixin tweaker
[16:40:10] [main/DEBUG] [org.spongepowered.asm.service.mojang.MixinServiceLaunchWrapper/]: Scanning file:/Users/rafadazdoit/.gradle/caches/modules-2/files-2.1/net.sf.jopt-simple/jopt-simple/4.5/6065cc95c661255349c1d0756657be17c29a4fd3/jopt-simple-4.5.jar for mixin tweaker
[16:40:10] [main/DEBUG] [org.spongepowered.asm.service.mojang.MixinServiceLaunchWrapper/]: Scanning file:/Users/rafadazdoit/.gradle/caches/modules-2/files-2.1/io.netty/netty-all/4.0.10.Final/9e50bd52ffe257a0e2cd8d971688d6ce7d174325/netty-all-4.0.10.Final.jar for mixin tweaker
[16:40:10] [main/DEBUG] [org.spongepowered.asm.service.mojang.MixinServiceLaunchWrapper/]: Scanning file:/Users/rafadazdoit/.gradle/caches/modules-2/files-2.1/com.google.guava/guava/17.0/9c6ef172e8de35fd8d4d8783e4821e57cdef7445/guava-17.0.jar for mixin tweaker
[16:40:10] [main/DEBUG] [org.spongepowered.asm.service.mojang.MixinServiceLaunchWrapper/]: Scanning file:/Users/rafadazdoit/.gradle/caches/modules-2/files-2.1/org.apache.commons/commons-lang3/3.3.2/90a3822c38ec8c996e84c16a3477ef632cbc87a3/commons-lang3-3.3.2.jar for mixin tweaker
[16:40:10] [main/DEBUG] [org.spongepowered.asm.service.mojang.MixinServiceLaunchWrapper/]: Scanning file:/Users/rafadazdoit/.gradle/caches/modules-2/files-2.1/commons-io/commons-io/2.4/b1b6ea3b7e4aa4f492509a4952029cd8e48019ad/commons-io-2.4.jar for mixin tweaker
[16:40:10] [main/DEBUG] [org.spongepowered.asm.service.mojang.MixinServiceLaunchWrapper/]: Scanning file:/Users/rafadazdoit/.gradle/caches/modules-2/files-2.1/commons-codec/commons-codec/1.9/9ce04e34240f674bc72680f8b843b1457383161a/commons-codec-1.9.jar for mixin tweaker
[16:40:10] [main/DEBUG] [org.spongepowered.asm.service.mojang.MixinServiceLaunchWrapper/]: Scanning file:/Users/rafadazdoit/.gradle/caches/modules-2/files-2.1/com.google.code.gson/gson/2.2.4/a60a5e993c98c864010053cb901b7eab25306568/gson-2.2.4.jar for mixin tweaker
[16:40:10] [main/DEBUG] [org.spongepowered.asm.service.mojang.MixinServiceLaunchWrapper/]: Scanning file:/Users/rafadazdoit/.gradle/caches/modules-2/files-2.1/org.apache.logging.log4j/log4j-core/2.0-beta9/678861ba1b2e1fccb594bb0ca03114bb05da9695/log4j-core-2.0-beta9.jar for mixin tweaker
[16:40:10] [main/DEBUG] [org.spongepowered.asm.service.mojang.MixinServiceLaunchWrapper/]: Scanning file:/Users/rafadazdoit/.gradle/caches/modules-2/files-2.1/org.apache.logging.log4j/log4j-api/2.0-beta9/1dd66e68cccd907880229f9e2de1314bd13ff785/log4j-api-2.0-beta9.jar for mixin tweaker
[16:40:10] [main/DEBUG] [org.spongepowered.asm.service.mojang.MixinServiceLaunchWrapper/]: Scanning file:/Users/rafadazdoit/.gradle/caches/modules-2/files-2.1/tv.twitch/twitch/5.16/1f55f009c61637c10c0acfb8b5ffc600f30044b4/twitch-5.16.jar for mixin tweaker
[16:40:10] [main/DEBUG] [org.spongepowered.asm.service.mojang.MixinServiceLaunchWrapper/]: Scanning file:/Users/rafadazdoit/.gradle/caches/modules-2/files-2.1/tv.twitch/twitch-platform/5.16/7c6affe439099806a4f552da14c42f9d643d8b23/twitch-platform-5.16-natives-windows-32.jar for mixin tweaker
[16:40:10] [main/DEBUG] [org.spongepowered.asm.service.mojang.MixinServiceLaunchWrapper/]: Scanning file:/Users/rafadazdoit/.gradle/caches/modules-2/files-2.1/tv.twitch/twitch-platform/5.16/39d0c3d363735b4785598e0e7fbf8297c706a9f9/twitch-platform-5.16-natives-windows-64.jar for mixin tweaker
[16:40:10] [main/DEBUG] [org.spongepowered.asm.service.mojang.MixinServiceLaunchWrapper/]: Scanning file:/Users/rafadazdoit/.gradle/caches/modules-2/files-2.1/tv.twitch/twitch-platform/5.16/62503ee712766cf77f97252e5902786fd834b8c5/twitch-platform-5.16-natives-osx.jar for mixin tweaker
[16:40:10] [main/DEBUG] [org.spongepowered.asm.service.mojang.MixinServiceLaunchWrapper/]: Scanning file:/Users/rafadazdoit/.gradle/caches/modules-2/files-2.1/tv.twitch/twitch-external-platform/4.5/18215140f010c05b9f86ef6f0f8871954d2ccebf/twitch-external-platform-4.5-natives-windows-32.jar for mixin tweaker
[16:40:10] [main/DEBUG] [org.spongepowered.asm.service.mojang.MixinServiceLaunchWrapper/]: Scanning file:/Users/rafadazdoit/.gradle/caches/modules-2/files-2.1/tv.twitch/twitch-external-platform/4.5/c3cde57891b935d41b6680a9c5e1502eeab76d86/twitch-external-platform-4.5-natives-windows-64.jar for mixin tweaker
[16:40:10] [main/DEBUG] [org.spongepowered.asm.service.mojang.MixinServiceLaunchWrapper/]: Scanning file:/Users/rafadazdoit/Documents/GitHub/GTNewHorizons/thaumicboots/build/libs/thaumicboots-0.2.4.dirty-dev.jar for mixin tweaker
[16:40:10] [main/DEBUG] [org.spongepowered.asm.service.mojang.MixinServiceLaunchWrapper/]: Scanning file:/Users/rafadazdoit/.gradle/caches/modules-2/files-2.1/com.github.GTNewHorizons/TCNEIAdditions/1.2.0/351ef0fa93f8b3df74ece6e1a17e37ad032cb7ee/TCNEIAdditions-1.2.0-dev.jar for mixin tweaker
[16:40:10] [main/DEBUG] [org.spongepowered.asm.service.mojang.MixinServiceLaunchWrapper/]: Scanning file:/Users/rafadazdoit/.gradle/caches/modules-2/files-2.1/thaumcraft/Thaumcraft/1.7.10-4.2.3.5/40386c3beabd555527575c831dd26a398b6666eb/Thaumcraft-1.7.10-4.2.3.5-dev.jar for mixin tweaker
[16:40:10] [main/DEBUG] [org.spongepowered.asm.service.mojang.MixinServiceLaunchWrapper/]: Scanning file:/Users/rafadazdoit/.gradle/caches/modules-2/files-2.1/com.github.GTNewHorizons/Baubles/1.0.1.16/fa7f7d04f80a7e52b6b57cb7c0f05ab094636b8f/Baubles-1.0.1.16-dev.jar for mixin tweaker
[16:40:10] [main/DEBUG] [org.spongepowered.asm.service.mojang.MixinServiceLaunchWrapper/]: Scanning file:/Users/rafadazdoit/.gradle/caches/modules-2/files-2.1/io.github.legacymoddingmc/unimixins/0.1.6/cc10bf0ac8bb4b37cdd7ec9dc5d622f70c5806eb/unimixins-0.1.6-dev.jar for mixin tweaker
[16:40:10] [main/DEBUG] [org.spongepowered.asm.service.mojang.MixinServiceLaunchWrapper/]: Scanning file:/Users/rafadazdoit/.gradle/caches/modules-2/files-2.1/com.github.GTNewHorizons/NotEnoughItems/2.3.46-GTNH/628306ac44ed29f211875cd575d1a229bdc4802b/NotEnoughItems-2.3.46-GTNH-dev.jar for mixin tweaker
[16:40:10] [main/DEBUG] [org.spongepowered.asm.service.mojang.MixinServiceLaunchWrapper/]: Scanning file:/Users/rafadazdoit/.gradle/caches/modules-2/files-2.1/curse.maven/thaumcraft-nei-plugin-225095/2241913/1cad010865aa455cc5eafbffc4ef915ac4ab2ecc/thaumcraft-nei-plugin-225095-2241913.jar for mixin tweaker
[16:40:10] [main/DEBUG] [org.spongepowered.asm.service.mojang.MixinServiceLaunchWrapper/]: Scanning file:/Users/rafadazdoit/.gradle/caches/modules-2/files-2.1/com.github.GTNewHorizons/CodeChickenCore/1.1.10/f9014a8d55c176de368182063e652e41c27e1cb3/CodeChickenCore-1.1.10-dev.jar for mixin tweaker
[16:40:10] [main/DEBUG] [org.spongepowered.asm.service.mojang.MixinServiceLaunchWrapper/]: Scanning file:/Users/rafadazdoit/.gradle/caches/modules-2/files-2.1/com.github.GTNewHorizons/CodeChickenLib/1.1.6/51081c1c2d8d75ae26f64427849de2c0ba99144/CodeChickenLib-1.1.6-dev.jar for mixin tweaker
[16:40:10] [main/DEBUG] [mixin/]: Adding agents for Mixin Container ContainerHandleURI(file:/Users/rafadazdoit/.gradle/caches/modules-2/files-2.1/com.github.GTNewHorizons/TCNEIAdditions/1.2.0/351ef0fa93f8b3df74ece6e1a17e37ad032cb7ee/TCNEIAdditions-1.2.0-dev.jar)
[16:40:10] [main/DEBUG] [mixin/]: Adding agents for Mixin Container ContainerHandleURI(file:/Users/rafadazdoit/.gradle/caches/modules-2/files-2.1/io.github.legacymoddingmc/unimixins/0.1.6/cc10bf0ac8bb4b37cdd7ec9dc5d622f70c5806eb/unimixins-0.1.6-dev.jar)
[16:40:10] [main/DEBUG] [mixin/]: inject() running with 2 agents
[16:40:10] [main/DEBUG] [mixin/]: Processing inject() for PlatformAgent[MixinPlatformAgentDefault:ContainerHandleURI(file:/Users/rafadazdoit/.gradle/caches/modules-2/files-2.1/io.github.legacymoddingmc/unimixins/0.1.6/cc10bf0ac8bb4b37cdd7ec9dc5d622f70c5806eb/unimixins-0.1.6-dev.jar)]
[16:40:10] [main/DEBUG] [mixin/]: Processing inject() for PlatformAgent[MixinPlatformAgentDefault:ContainerHandleURI(file:/Users/rafadazdoit/.gradle/caches/modules-2/files-2.1/com.github.GTNewHorizons/TCNEIAdditions/1.2.0/351ef0fa93f8b3df74ece6e1a17e37ad032cb7ee/TCNEIAdditions-1.2.0-dev.jar)]
[16:40:10] [main/INFO] [LaunchWrapper/]: Calling tweak class net.minecraftforge.gradle.tweakers.CoremodTweaker
[16:40:10] [main/INFO] [GradleStart/]: Injecting location in coremod cpw.mods.fml.relauncher.FMLCorePlugin
[16:40:10] [main/INFO] [GradleStart/]: Injecting location in coremod net.minecraftforge.classloading.FMLForgePlugin
[16:40:10] [main/INFO] [GradleStart/]: Injecting location in coremod codechicken.core.asm.MCPDeobfuscationTransformer.LoadPlugin
[16:40:10] [main/INFO] [GradleStart/]: Injecting location in coremod codechicken.nei.asm.NEICorePlugin
[16:40:10] [main/INFO] [GradleStart/]: Injecting location in coremod thaumcraft.codechicken.core.launch.DepLoader
[16:40:10] [main/INFO] [GradleStart/]: Injecting location in coremod io.github.legacymoddingmc.unimixins.all.AllCore
[16:40:10] [main/INFO] [GradleStart/]: Injecting location in coremod codechicken.core.launch.CodeChickenCorePlugin
[16:40:10] [main/INFO] [LaunchWrapper/]: Loading tweak class name cpw.mods.fml.common.launcher.FMLInjectionAndSortingTweaker
[16:40:10] [main/INFO] [LaunchWrapper/]: Loading tweak class name cpw.mods.fml.common.launcher.FMLDeobfTweaker
[16:40:10] [main/INFO] [LaunchWrapper/]: Loading tweak class name org.spongepowered.asm.mixin.EnvironmentStateTweaker
[16:40:10] [main/INFO] [LaunchWrapper/]: Loading tweak class name net.minecraftforge.gradle.tweakers.AccessTransformerTweaker
[16:40:10] [main/INFO] [LaunchWrapper/]: Calling tweak class cpw.mods.fml.common.launcher.FMLInjectionAndSortingTweaker
[16:40:10] [main/INFO] [LaunchWrapper/]: Calling tweak class cpw.mods.fml.common.launcher.FMLInjectionAndSortingTweaker
[16:40:10] [main/INFO] [LaunchWrapper/]: Calling tweak class cpw.mods.fml.relauncher.CoreModManager$FMLPluginWrapper
[16:40:10] [main/DEBUG] [FML/]: Injecting coremod FMLCorePlugin {cpw.mods.fml.relauncher.FMLCorePlugin} class transformers
[16:40:10] [main/TRACE] [FML/]: Registering transformer cpw.mods.fml.common.asm.transformers.MarkerTransformer
[16:40:11] [main/TRACE] [FML/]: Registering transformer cpw.mods.fml.common.asm.transformers.SideTransformer
[16:40:11] [main/TRACE] [FML/]: Registering transformer cpw.mods.fml.common.asm.transformers.EventSubscriptionTransformer
[16:40:11] [main/DEBUG] [FML/]: Injection complete
[16:40:11] [main/DEBUG] [FML/]: Running coremod plugin for FMLCorePlugin {cpw.mods.fml.relauncher.FMLCorePlugin}
[16:40:11] [main/DEBUG] [FML/]: Running coremod plugin FMLCorePlugin
[16:40:11] [main/ERROR] [FML/]: The binary patch set is missing. Either you are in a development environment, or things are not going to work!
[16:40:11] [main/ERROR] [FML/]: FML appears to be missing any signature data. This is not a good thing
[16:40:11] [main/DEBUG] [FML/]: Coremod plugin class FMLCorePlugin run successfully
[16:40:11] [main/INFO] [LaunchWrapper/]: Calling tweak class cpw.mods.fml.relauncher.CoreModManager$FMLPluginWrapper
[16:40:11] [main/DEBUG] [FML/]: Injecting coremod FMLForgePlugin {net.minecraftforge.classloading.FMLForgePlugin} class transformers
[16:40:11] [main/TRACE] [FML/]: Registering transformer net.minecraftforge.classloading.FluidIdTransformer
[16:40:11] [main/DEBUG] [FML/]: Injection complete
[16:40:11] [main/DEBUG] [FML/]: Running coremod plugin for FMLForgePlugin {net.minecraftforge.classloading.FMLForgePlugin}
[16:40:11] [main/DEBUG] [FML/]: Running coremod plugin FMLForgePlugin
[16:40:11] [main/DEBUG] [FML/]: Coremod plugin class FMLForgePlugin run successfully
[16:40:11] [main/INFO] [LaunchWrapper/]: Calling tweak class cpw.mods.fml.relauncher.CoreModManager$FMLPluginWrapper
[16:40:11] [main/DEBUG] [FML/]: Injecting coremod CCCDeobfPlugin {codechicken.core.asm.MCPDeobfuscationTransformer$LoadPlugin} class transformers
[16:40:11] [main/DEBUG] [FML/]: Injection complete
[16:40:11] [main/DEBUG] [FML/]: Running coremod plugin for CCCDeobfPlugin {codechicken.core.asm.MCPDeobfuscationTransformer$LoadPlugin}
[16:40:11] [main/DEBUG] [FML/]: Running coremod plugin CCCDeobfPlugin
[16:40:11] [main/DEBUG] [FML/]: Coremod plugin class LoadPlugin run successfully
[16:40:11] [main/INFO] [LaunchWrapper/]: Calling tweak class cpw.mods.fml.relauncher.CoreModManager$FMLPluginWrapper
[16:40:11] [main/DEBUG] [FML/]: Injecting coremod NEICorePlugin {codechicken.nei.asm.NEICorePlugin} class transformers
[16:40:11] [main/TRACE] [FML/]: Registering transformer codechicken.nei.asm.NEITransformer
[16:40:11] [main/DEBUG] [FML/]: Injection complete
[16:40:11] [main/DEBUG] [FML/]: Running coremod plugin for NEICorePlugin {codechicken.nei.asm.NEICorePlugin}
[16:40:11] [main/DEBUG] [FML/]: Running coremod plugin NEICorePlugin
[16:40:11] [main/DEBUG] [FML/]: Coremod plugin class NEICorePlugin run successfully
[16:40:11] [main/INFO] [LaunchWrapper/]: Calling tweak class cpw.mods.fml.relauncher.CoreModManager$FMLPluginWrapper
[16:40:11] [main/DEBUG] [FML/]: Injecting coremod DepLoader {thaumcraft.codechicken.core.launch.DepLoader} class transformers
[16:40:11] [main/DEBUG] [FML/]: Injection complete
[16:40:11] [main/DEBUG] [FML/]: Running coremod plugin for DepLoader {thaumcraft.codechicken.core.launch.DepLoader}
[16:40:11] [main/DEBUG] [FML/]: Running coremod plugin DepLoader
[16:40:11] [main/DEBUG] [FML/]: Coremod plugin class DepLoader run successfully
[16:40:11] [main/INFO] [LaunchWrapper/]: Calling tweak class cpw.mods.fml.relauncher.CoreModManager$FMLPluginWrapper
[16:40:11] [main/DEBUG] [FML/]: Injecting coremod AllCore {io.github.legacymoddingmc.unimixins.all.AllCore} class transformers
[16:40:11] [main/TRACE] [FML/]: Registering transformer io.github.legacymoddingmc.unimixins.compat.asm.FMLCommonHandlerTransformer
[16:40:11] [main/DEBUG] [FML/]: Injection complete
[16:40:11] [main/DEBUG] [FML/]: Running coremod plugin for AllCore {io.github.legacymoddingmc.unimixins.all.AllCore}
[16:40:11] [main/DEBUG] [FML/]: Running coremod plugin AllCore
[16:40:12] [main/INFO] [GTNHMixins Core Plugin/]: Examining core mod list
[16:40:12] [main/INFO] [GTNHMixins Core Plugin/]: LoadedCoreMods [codechicken.lib, codechicken.core.asm.MCPDeobfuscationTransformer$LoadPlugin, codechicken.nei.asm.NEICorePlugin, cpw.mods.fml.relauncher.FMLCorePlugin, io.github.legacymoddingmc.unimixins.all.AllCore, org.spongepowered.asm.mixin.EnvironmentStateTweaker, thaumcraft.codechicken.core.launch.DepLoader, codechicken.core.launch.CodeChickenCorePlugin, net.minecraftforge.gradle.tweakers.AccessTransformerTweaker, net.minecraftforge.classloading.FMLForgePlugin, cpw.mods.fml.common.launcher.FMLDeobfTweaker]
[16:40:12] [main/DEBUG] [FML/]: Coremod plugin class AllCore run successfully
[16:40:12] [main/INFO] [LaunchWrapper/]: Calling tweak class cpw.mods.fml.relauncher.CoreModManager$FMLPluginWrapper
[16:40:12] [main/DEBUG] [FML/]: Injecting coremod CodeChickenCorePlugin {codechicken.core.launch.CodeChickenCorePlugin} class transformers
[16:40:12] [main/TRACE] [FML/]: Registering transformer codechicken.lib.asm.ClassHeirachyManager
[16:40:12] [main/TRACE] [FML/]: Registering transformer codechicken.core.asm.TweakTransformer
[16:40:12] [main/TRACE] [FML/]: Registering transformer codechicken.core.asm.DelegatedTransformer
[16:40:12] [main/TRACE] [FML/]: Registering transformer codechicken.core.asm.DefaultImplementationTransformer
[16:40:12] [main/DEBUG] [FML/]: Injection complete
[16:40:12] [main/DEBUG] [FML/]: Running coremod plugin for CodeChickenCorePlugin {codechicken.core.launch.CodeChickenCorePlugin}
[16:40:12] [main/DEBUG] [FML/]: Running coremod plugin CodeChickenCorePlugin
[16:40:12] [main/DEBUG] [FML/]: Coremod plugin class CodeChickenCorePlugin run successfully
[16:40:12] [main/INFO] [LaunchWrapper/]: Calling tweak class org.spongepowered.asm.mixin.EnvironmentStateTweaker
[16:40:12] [main/INFO] [LaunchWrapper/]: Calling tweak class cpw.mods.fml.common.launcher.FMLDeobfTweaker
[16:40:12] [main/DEBUG] [FML/]: Loaded 57 rules from AccessTransformer config file fml_at.cfg
[16:40:12] [main/DEBUG] [FML/]: Loaded 89 rules from AccessTransformer config file forge_at.cfg
[16:40:12] [main/DEBUG] [FML/]: Loaded 57 rules from AccessTransformer config file fml_at.cfg
[16:40:12] [main/DEBUG] [FML/]: Loaded 13 rules from AccessTransformer mod jar file /Users/rafadazdoit/.gradle/caches/modules-2/files-2.1/com.github.GTNewHorizons/NotEnoughItems/2.3.46-GTNH/628306ac44ed29f211875cd575d1a229bdc4802b/NotEnoughItems-2.3.46-GTNH-dev.jar!META-INF/nei_at.cfg

[16:40:12] [main/DEBUG] [mixin/]: Adding new mixin transformer proxy #2
[16:40:12] [main/DEBUG] [FML/]: Validating minecraft
[16:40:12] [main/DEBUG] [mixin/]: Preparing mixins for MixinEnvironment[INIT]
[16:40:12] [main/DEBUG] [FML/]: Minecraft validated, launching...
[16:40:12] [main/INFO] [LaunchWrapper/]: Calling tweak class net.minecraftforge.gradle.tweakers.AccessTransformerTweaker
[16:40:12] [main/DEBUG] [GradleStart/]: Reading CSV file: /Users/rafadazdoit/.gradle/caches/minecraft/net/minecraftforge/forge/1.7.10-10.13.4.1614-1.7.10/unpacked/conf/fields.csv
[16:40:12] [main/DEBUG] [GradleStart/]: Reading CSV file: /Users/rafadazdoit/.gradle/caches/minecraft/net/minecraftforge/forge/1.7.10-10.13.4.1614-1.7.10/unpacked/conf/methods.csv
[16:40:12] [main/INFO] [GradleStart/]: Remapping AccessTransformer rules...
[16:40:12] [main/INFO] [LaunchWrapper/]: Loading tweak class name cpw.mods.fml.common.launcher.TerminalTweaker
[16:40:12] [main/INFO] [LaunchWrapper/]: Calling tweak class cpw.mods.fml.common.launcher.TerminalTweaker
[16:40:12] [main/DEBUG] [mixin/]: Adding new mixin transformer proxy #3
[16:40:12] [main/DEBUG] [mixin/]: Preparing mixins for MixinEnvironment[DEFAULT]
[16:40:12] [main/DEBUG] [mixin/]: Selecting config mixins.gtnhmixins.json
[16:40:12] [main/DEBUG] [mixin/]: Remapping refMap mixins.gtnhmixins.refmap.json using remapper chain
[16:40:12] [main/DEBUG] [mixin/]: Selecting config mixingasm.mixin.json
[16:40:12] [main/DEBUG] [mixingasm/]: Dynamic transformer inclusion pattern list: []
[16:40:12] [main/DEBUG] [mixingasm/]: Copying assets/mixingasm/default_config/mixingasm/transformer_inclusion_list_default.txt -> /Users/rafadazdoit/Documents/GitHub/GTNewHorizons/thaumicboots/run/config/mixingasm/transformer_inclusion_list_default.txt
[16:40:12] [main/DEBUG] [mixingasm/]:       Trusting transformer codechicken.core.asm.MCPDeobfuscationTransformer
[16:40:12] [main/DEBUG] [mixingasm/]:       Trusting transformer org.spongepowered.asm.mixin.transformer.Proxy
[16:40:12] [main/DEBUG] [mixingasm/]:       Trusting transformer cpw.mods.fml.common.asm.transformers.PatchingTransformer
[16:40:12] [main/DEBUG] [mixingasm/]:   Not trusting transformer io.github.legacymoddingmc.unimixins.compat.asm.ASMRemapperTransformer
[16:40:12] [main/DEBUG] [mixingasm/]:       Trusting transformer cpw.mods.fml.common.asm.transformers.MarkerTransformer
[16:40:12] [main/DEBUG] [mixingasm/]:       Trusting transformer cpw.mods.fml.common.asm.transformers.SideTransformer
[16:40:12] [main/DEBUG] [mixingasm/]:       Trusting transformer cpw.mods.fml.common.asm.transformers.EventSubscriptionTransformer
[16:40:12] [main/DEBUG] [mixingasm/]:       Trusting transformer net.minecraftforge.classloading.FluidIdTransformer
[16:40:12] [main/DEBUG] [mixingasm/]:   Not trusting transformer codechicken.nei.asm.NEITransformer
[16:40:12] [main/DEBUG] [mixingasm/]:   Not trusting transformer io.github.legacymoddingmc.unimixins.compat.asm.FMLCommonHandlerTransformer
[16:40:12] [main/DEBUG] [mixingasm/]:       Trusting transformer codechicken.lib.asm.ClassHeirachyManager
[16:40:12] [main/DEBUG] [mixingasm/]:       Trusting transformer codechicken.core.asm.TweakTransformer
[16:40:12] [main/DEBUG] [mixingasm/]:       Trusting transformer codechicken.core.asm.DelegatedTransformer
[16:40:12] [main/DEBUG] [mixingasm/]:       Trusting transformer codechicken.core.asm.DefaultImplementationTransformer
[16:40:12] [main/DEBUG] [mixingasm/]:       Trusting transformer cpw.mods.fml.common.asm.transformers.AccessTransformer
[16:40:12] [main/DEBUG] [mixingasm/]:       Trusting transformer net.minecraftforge.transformers.ForgeAccessTransformer
[16:40:12] [main/DEBUG] [mixingasm/]:       Trusting transformer codechicken.core.asm.CodeChickenAccessTransformer
[16:40:12] [main/DEBUG] [mixingasm/]:       Trusting transformer cpw.mods.fml.common.asm.transformers.ModAccessTransformer
[16:40:12] [main/DEBUG] [mixingasm/]:       Trusting transformer cpw.mods.fml.common.asm.transformers.ItemStackTransformer
[16:40:12] [main/DEBUG] [mixingasm/]:       Trusting transformer org.spongepowered.asm.mixin.transformer.Proxy
[16:40:12] [main/DEBUG] [mixingasm/]:       Trusting transformer net.minecraftforge.gradle.GradleStartCommon.AccessTransformerTransformer
[16:40:12] [main/DEBUG] [mixingasm/]:       Trusting transformer cpw.mods.fml.common.asm.transformers.TerminalTransformer
[16:40:12] [main/DEBUG] [mixingasm/]:       Trusting transformer org.spongepowered.asm.mixin.transformer.Proxy
[16:40:12] [main/DEBUG] [mixingasm/]: Excluding transformers: [io.github.legacymoddingmc.unimixins.compat.asm.ASMRemapperTransformer, codechicken.nei.asm.NEITransformer, io.github.legacymoddingmc.unimixins.compat.asm.FMLCommonHandlerTransformer]
[16:40:12] [main/DEBUG] [mixin/]: Selecting config mixins.tcneiadditions.json
[16:40:12] [main/DEBUG] [mixin/]: Remapping refMap mixins.tcneiadditions.refmap.json using remapper chain
[16:40:12] [main/DEBUG] [mixin/]: Preparing mixins.gtnhmixins.json (1)
[16:40:12] [main/DEBUG] [org.spongepowered.asm.service.mojang.MixinServiceLaunchWrapper/]: Rebuilding transformer delegation list:
[16:40:12] [main/DEBUG] [org.spongepowered.asm.service.mojang.MixinServiceLaunchWrapper/]:   Adding:    codechicken.core.asm.MCPDeobfuscationTransformer
[16:40:12] [main/DEBUG] [org.spongepowered.asm.service.mojang.MixinServiceLaunchWrapper/]:   Excluding: org.spongepowered.asm.mixin.transformer.Proxy
[16:40:12] [main/DEBUG] [org.spongepowered.asm.service.mojang.MixinServiceLaunchWrapper/]:   Adding:    cpw.mods.fml.common.asm.transformers.PatchingTransformer
[16:40:12] [main/DEBUG] [org.spongepowered.asm.service.mojang.MixinServiceLaunchWrapper/]:   Excluding: io.github.legacymoddingmc.unimixins.compat.asm.ASMRemapperTransformer
[16:40:12] [main/DEBUG] [org.spongepowered.asm.service.mojang.MixinServiceLaunchWrapper/]:   Adding:    cpw.mods.fml.common.asm.transformers.MarkerTransformer
[16:40:12] [main/DEBUG] [org.spongepowered.asm.service.mojang.MixinServiceLaunchWrapper/]:   Adding:    cpw.mods.fml.common.asm.transformers.SideTransformer
[16:40:12] [main/DEBUG] [org.spongepowered.asm.service.mojang.MixinServiceLaunchWrapper/]:   Excluding: cpw.mods.fml.common.asm.transformers.EventSubscriptionTransformer
[16:40:12] [main/DEBUG] [org.spongepowered.asm.service.mojang.MixinServiceLaunchWrapper/]:   Adding:    net.minecraftforge.classloading.FluidIdTransformer
[16:40:12] [main/DEBUG] [org.spongepowered.asm.service.mojang.MixinServiceLaunchWrapper/]:   Excluding: codechicken.nei.asm.NEITransformer
[16:40:12] [main/DEBUG] [org.spongepowered.asm.service.mojang.MixinServiceLaunchWrapper/]:   Excluding: io.github.legacymoddingmc.unimixins.compat.asm.FMLCommonHandlerTransformer
[16:40:12] [main/DEBUG] [org.spongepowered.asm.service.mojang.MixinServiceLaunchWrapper/]:   Adding:    codechicken.lib.asm.ClassHeirachyManager
[16:40:12] [main/DEBUG] [org.spongepowered.asm.service.mojang.MixinServiceLaunchWrapper/]:   Adding:    codechicken.core.asm.TweakTransformer
[16:40:12] [main/DEBUG] [org.spongepowered.asm.service.mojang.MixinServiceLaunchWrapper/]:   Adding:    codechicken.core.asm.DelegatedTransformer
[16:40:12] [main/DEBUG] [org.spongepowered.asm.service.mojang.MixinServiceLaunchWrapper/]:   Adding:    codechicken.core.asm.DefaultImplementationTransformer
[16:40:12] [main/DEBUG] [org.spongepowered.asm.service.mojang.MixinServiceLaunchWrapper/]:   Adding:    cpw.mods.fml.common.asm.transformers.AccessTransformer
[16:40:12] [main/DEBUG] [org.spongepowered.asm.service.mojang.MixinServiceLaunchWrapper/]:   Adding:    net.minecraftforge.transformers.ForgeAccessTransformer
[16:40:12] [main/DEBUG] [org.spongepowered.asm.service.mojang.MixinServiceLaunchWrapper/]:   Adding:    codechicken.core.asm.CodeChickenAccessTransformer
[16:40:12] [main/DEBUG] [org.spongepowered.asm.service.mojang.MixinServiceLaunchWrapper/]:   Adding:    cpw.mods.fml.common.asm.transformers.ModAccessTransformer
[16:40:12] [main/DEBUG] [org.spongepowered.asm.service.mojang.MixinServiceLaunchWrapper/]:   Adding:    cpw.mods.fml.common.asm.transformers.ItemStackTransformer
[16:40:12] [main/DEBUG] [org.spongepowered.asm.service.mojang.MixinServiceLaunchWrapper/]:   Excluding: org.spongepowered.asm.mixin.transformer.Proxy
[16:40:12] [main/DEBUG] [org.spongepowered.asm.service.mojang.MixinServiceLaunchWrapper/]:   Adding:    net.minecraftforge.gradle.GradleStartCommon$AccessTransformerTransformer
[16:40:12] [main/DEBUG] [org.spongepowered.asm.service.mojang.MixinServiceLaunchWrapper/]:   Excluding: cpw.mods.fml.common.asm.transformers.TerminalTransformer
[16:40:12] [main/DEBUG] [org.spongepowered.asm.service.mojang.MixinServiceLaunchWrapper/]:   Excluding: org.spongepowered.asm.mixin.transformer.Proxy
[16:40:12] [main/DEBUG] [org.spongepowered.asm.service.mojang.MixinServiceLaunchWrapper/]: Transformer delegation list created with 15 entries
[16:40:12] [main/TRACE] [mixin/]: Added class metadata for cpw/mods/fml/common/event/FMLConstructionEvent to metadata cache
[16:40:12] [main/DEBUG] [mixin/]: Preparing mixingasm.mixin.json (0)
[16:40:12] [main/DEBUG] [mixin/]: Preparing mixins.tcneiadditions.json (0)
[16:40:12] [main/TRACE] [mixin/]: Added class metadata for cpw/mods/fml/common/discovery/ASMDataTable$ASMData to metadata cache
[16:40:12] [main/TRACE] [mixin/]: Added class metadata for java/lang/invoke/MethodHandles$Lookup to metadata cache
[16:40:12] [main/INFO] [tcneiadditions mixins/]: Found Minecraft! Integrating now...
[16:40:12] [main/INFO] [tcneiadditions mixins/]: Found Thaumcraft! Integrating now...
[16:40:12] [main/INFO] [tcneiadditions mixins/]: Found thaumcraftneiplugin! Integrating now...
[16:40:12] [main/DEBUG] [tcneiadditions mixins/]: Loading mixin: thaumcraft.MappingThreadMixin
[16:40:12] [main/DEBUG] [tcneiadditions mixins/]: Loading mixin: thaumcraftneiplugin.ArcaneShapedRecipeHandlerMixin
[16:40:12] [main/DEBUG] [tcneiadditions mixins/]: Loading mixin: thaumcraftneiplugin.ArcaneShapelessRecipeHandlerMixin
[16:40:12] [main/DEBUG] [tcneiadditions mixins/]: Loading mixin: thaumcraftneiplugin.AspectRecipeHandlerMixin
[16:40:12] [main/DEBUG] [tcneiadditions mixins/]: Loading mixin: thaumcraftneiplugin.CrucibleRecipeHandlerMixin
[16:40:12] [main/DEBUG] [tcneiadditions mixins/]: Loading mixin: thaumcraftneiplugin.InfusionRecipeHandlerMixin
[16:40:12] [main/TRACE] [mixin/]: Added class metadata for thaumcraft/client/gui/MappingThread to metadata cache
[16:40:12] [main/TRACE] [mixin/]: Added class metadata for com/djgiannuzz/thaumcraftneiplugin/nei/recipehandler/ArcaneShapedRecipeHandler to metadata cache
[16:40:12] [main/TRACE] [mixin/]: Added class metadata for com/djgiannuzz/thaumcraftneiplugin/nei/recipehandler/ArcaneShapelessRecipeHandler to metadata cache
[16:40:12] [main/TRACE] [mixin/]: Added class metadata for com/djgiannuzz/thaumcraftneiplugin/nei/recipehandler/AspectRecipeHandler to metadata cache
[16:40:12] [main/TRACE] [mixin/]: Added class metadata for com/djgiannuzz/thaumcraftneiplugin/nei/recipehandler/CrucibleRecipeHandler to metadata cache
[16:40:12] [main/TRACE] [mixin/]: Added class metadata for com/djgiannuzz/thaumcraftneiplugin/nei/recipehandler/InfusionRecipeHandler to metadata cache
[16:40:12] [main/TRACE] [mixin/]: Added class metadata for org/spongepowered/asm/mixin/injection/At$Shift to metadata cache
[16:40:12] [main/DEBUG] [mixin/]: Prepared 1 mixins in 0.257 sec (257.0ms avg) (10ms load, 68ms transform, 0ms plugin)
[16:40:12] [main/INFO] [LaunchWrapper/]: Launching wrapped minecraft {net.minecraft.client.main.Main}
[16:40:13] [main/DEBUG] [CCL ASM/]: Inserted super call into [net/minecraft/client/renderer/InventoryEffectRenderer.updateScreen()V]
[16:40:13] [main/DEBUG] [CCL ASM/]: Writing method [net/minecraft/client/gui/inventory/GuiContainer.setWorldAndResolution(Lnet/minecraft/client/Minecraft;II)V]
[16:40:13] [main/DEBUG] [CCL ASM/]: Writing method [net/minecraft/client/gui/inventory/GuiContainer.handleKeyboardInput()V]
[16:40:13] [main/DEBUG] [CCL ASM/]: Writing method [net/minecraft/client/gui/inventory/GuiContainer.handleKeyboardInput()V]
[16:40:13] [main/DEBUG] [CCL ASM/]: Writing method [net/minecraft/client/gui/inventory/GuiContainer.handleKeyboardInput()V]
[16:40:13] [main/DEBUG] [CCL ASM/]: Writing method [net/minecraft/client/gui/inventory/GuiContainer.handleMouseInput()V]
[16:40:13] [main/DEBUG] [CCL ASM/]: Writing method [net/minecraft/client/gui/inventory/GuiContainer.public_func_73869_a(CI)V]
[16:40:13] [main/DEBUG] [CCL ASM/]: Writing method [net/minecraft/client/gui/inventory/GuiContainer.public_func_146984_a(Lnet/minecraft/inventory/Slot;III)V]
[16:40:13] [main/DEBUG] [CCL ASM/]: Injecting before method [net/minecraft/client/gui/inventory/GuiContainer.drawScreen(IIF)V]
[16:40:13] [main/DEBUG] [CCL ASM/]: Injecting after method [net/minecraft/client/gui/inventory/GuiContainer.drawScreen(IIF)V] @ 138 - 140
[16:40:13] [main/DEBUG] [CCL ASM/]: Injecting after method [net/minecraft/client/gui/inventory/GuiContainer.drawScreen(IIF)V] @ 220 - 225
[16:40:13] [main/DEBUG] [CCL ASM/]: Replacing method [net/minecraft/client/gui/inventory/GuiContainer.drawScreen(IIF)V] @ 444 - 470
[16:40:13] [main/DEBUG] [CCL ASM/]: Replacing method [net/minecraft/client/gui/inventory/GuiContainer.drawItemStack(Lnet/minecraft/item/ItemStack;IILjava/lang/String;)V] @ 9 - 10
[16:40:13] [main/DEBUG] [CCL ASM/]: Replacing method [net/minecraft/client/gui/inventory/GuiContainer.drawItemStack(Lnet/minecraft/item/ItemStack;IILjava/lang/String;)V] @ 14 - 15
[16:40:13] [main/DEBUG] [CCL ASM/]: Replacing method [net/minecraft/client/gui/inventory/GuiContainer.func_146977_a(Lnet/minecraft/inventory/Slot;)V] @ 298 - 323
[16:40:13] [main/DEBUG] [CCL ASM/]: Injecting before method [net/minecraft/client/gui/inventory/GuiContainer.mouseClicked(III)V]
[16:40:13] [main/DEBUG] [CCL ASM/]: Replacing method [net/minecraft/client/gui/inventory/GuiContainer.mouseClicked(III)V] @ 259 - 260
[16:40:13] [main/DEBUG] [CCL ASM/]: Replacing method [net/minecraft/client/gui/inventory/GuiContainer.mouseClicked(III)V] @ 331 - 332
[16:40:13] [main/DEBUG] [CCL ASM/]: Replacing method [net/minecraft/client/gui/inventory/GuiContainer.mouseClickMove(IIIJ)V] @ 98 - 99
[16:40:13] [main/DEBUG] [CCL ASM/]: Replacing method [net/minecraft/client/gui/inventory/GuiContainer.mouseClickMove(IIIJ)V] @ 107 - 108
[16:40:13] [main/DEBUG] [CCL ASM/]: Replacing method [net/minecraft/client/gui/inventory/GuiContainer.mouseClickMove(IIIJ)V] @ 118 - 119
[16:40:13] [main/DEBUG] [CCL ASM/]: Replacing method [net/minecraft/client/gui/inventory/GuiContainer.mouseMovedOrUp(III)V] @ 158 - 159
[16:40:13] [main/DEBUG] [CCL ASM/]: Replacing method [net/minecraft/client/gui/inventory/GuiContainer.mouseMovedOrUp(III)V] @ 168 - 169
[16:40:13] [main/DEBUG] [CCL ASM/]: Replacing method [net/minecraft/client/gui/inventory/GuiContainer.mouseMovedOrUp(III)V] @ 287 - 288
[16:40:13] [main/DEBUG] [CCL ASM/]: Replacing method [net/minecraft/client/gui/inventory/GuiContainer.mouseMovedOrUp(III)V] @ 295 - 296
[16:40:13] [main/DEBUG] [CCL ASM/]: Replacing method [net/minecraft/client/gui/inventory/GuiContainer.mouseMovedOrUp(III)V] @ 314 - 315
[16:40:13] [main/DEBUG] [CCL ASM/]: Replacing method [net/minecraft/client/gui/inventory/GuiContainer.mouseMovedOrUp(III)V] @ 424 - 425
[16:40:13] [main/DEBUG] [CCL ASM/]: Replacing method [net/minecraft/client/gui/inventory/GuiContainer.mouseMovedOrUp(III)V] @ 454 - 455
[16:40:13] [main/DEBUG] [CCL ASM/]: Replacing method [net/minecraft/client/gui/inventory/GuiContainer.mouseMovedOrUp(III)V] @ 468 - 469
[16:40:13] [main/DEBUG] [CCL ASM/]: Replacing method [net/minecraft/client/gui/inventory/GuiContainer.mouseMovedOrUp(III)V] @ 497 - 498
[16:40:13] [main/DEBUG] [CCL ASM/]: Replacing method [net/minecraft/client/gui/inventory/GuiContainer.mouseMovedOrUp(III)V] @ 557 - 559
[16:40:13] [main/DEBUG] [CCL ASM/]: Replacing method [net/minecraft/client/gui/inventory/GuiContainer.keyTyped(CI)V] @ 54 - 55
[16:40:13] [main/DEBUG] [CCL ASM/]: Replacing method [net/minecraft/client/gui/inventory/GuiContainer.keyTyped(CI)V] @ 84 - 85
[16:40:13] [main/DEBUG] [CCL ASM/]: Replacing method [net/minecraft/client/gui/inventory/GuiContainer.checkHotbarKeys(I)Z] @ 41 - 42
[16:40:13] [main/DEBUG] [CCL ASM/]: Writing method [net/minecraft/client/gui/inventory/GuiContainer.managerHandleMouseClick(Lnet/minecraft/inventory/Slot;III)V]
[16:40:13] [main/DEBUG] [CCL ASM/]: Injecting after method [net/minecraft/client/gui/inventory/GuiContainer.mouseClickMove(IIIJ)V] @ 14 - 15
[16:40:13] [main/DEBUG] [CCL ASM/]: Injecting before method [net/minecraft/client/gui/inventory/GuiContainer.mouseMovedOrUp(III)V]
[16:40:13] [main/DEBUG] [CCL ASM/]: NEI: Injecting mouseUp call
[16:40:13] [main/DEBUG] [CCL ASM/]: Replacing method [net/minecraft/client/gui/inventory/GuiContainer.handleMouseClick(Lnet/minecraft/inventory/Slot;III)V] @ 10 - 26
[16:40:13] [main/DEBUG] [CCL ASM/]: Injecting before method [net/minecraft/client/gui/inventory/GuiContainer.keyTyped(CI)V]
[16:40:13] [main/DEBUG] [CCL ASM/]: Injecting after method [net/minecraft/client/gui/inventory/GuiContainer.updateScreen()V] @ 0 - 4
[16:40:15] [main/DEBUG] [CCL ASM/]: Writing method [net/minecraft/block/Block.canBeReplacedByLeaves(Lnet/minecraft/world/IBlockAccess;III)Z]
[16:40:16] [main/DEBUG] [CCL ASM/]: Writing method [net/minecraft/block/BlockMobSpawner.onBlockPlacedBy(Lnet/minecraft/world/World;IIILnet/minecraft/entity/EntityLivingBase;Lnet/minecraft/item/ItemStack;)V]
[16:40:16] [main/DEBUG] [CCL ASM/]: Injecting before method [net/minecraft/nbt/NBTTagCompound.toString()Ljava/lang/String;] @ 51 - 55
[16:40:16] [main/DEBUG] [CCL ASM/]: Injecting before method [net/minecraft/nbt/NBTTagList.toString()Ljava/lang/String;] @ 56 - 60
