[11:55:40] [main/INFO]: userProperties: {}
[11:55:40] [main/INFO]: assetsDir: /Users/rafadazdoit/.gradle/caches/retro_futura_gradle/assets
[11:55:40] [main/INFO]: assetIndex: 1.7.10
[11:55:40] [main/INFO]: accessToken: 0
[11:55:40] [main/INFO]: version: 1.7.10
[11:55:40] [main/INFO]: username: Developer
[11:55:40] [main/INFO]: Extra: [--gameDir, /Users/rafadazdoit/Documents/GitHub/spite/ThaumicBoots/run, --uuid, 31c4910d-9b69-4725-8969-9ed53ac8a7dc]
[11:55:40] [main/INFO]: Found and added cascading tweaker: org.spongepowered.asm.launch.MixinTweaker
[11:55:40] [main/INFO]: Found and added coremod: thaumcraft.codechicken.core.launch.DepLoader
[11:55:40] [main/INFO]: Found and added coremod: appeng.transformer.AppEngCore
[11:55:41] [main/INFO]: Found and added coremod: codechicken.nei.asm.NEICorePlugin
[11:55:41] [main/INFO]: Found and added coremod: codechicken.core.launch.CodeChickenCorePlugin
[11:55:41] [main/INFO]: Found and added coremod: io.github.legacymoddingmc.unimixins.all.AllCore
[11:55:41] [main/INFO]: Found and added coremod: ic2.core.coremod.IC2core
[11:55:41] [main/INFO]: Found and added coremod: com.gtnewhorizon.gtnhlib.core.GTNHLibCore
[11:55:41] [main/INFO]: Found and added coremod: cofh.asm.LoadingPlugin
[11:55:41] [main/INFO]: Found and added coremod: me.eigenraven.lwjgl3ify.core.Lwjgl3ifyCoremod
[11:55:41] [main/INFO]: Found and added coremod: com.mitchej123.hodgepodge.core.HodgepodgeCore
[11:55:41] [main/INFO]: Found and added coremod: com.gtnewhorizon.gtnhlib.core.GTNHLibCore
[11:55:41] [main/INFO]: Running with arguments: [--userProperties, {}, --assetsDir, /Users/rafadazdoit/.gradle/caches/retro_futura_gradle/assets, --assetIndex, 1.7.10, --accessToken, {REDACTED}, --version, 1.7.10, --username, Developer, --tweakClass, cpw.mods.fml.common.launcher.FMLTweaker, --gameDir, /Users/rafadazdoit/Documents/GitHub/spite/ThaumicBoots/run, --uuid, 31c4910d-9b69-4725-8969-9ed53ac8a7dc, --tweakClass, org.spongepowered.asm.launch.MixinTweaker, --tweakClass, net.minecraftforge.gradle.tweakers.CoremodTweaker]
[11:55:41] [main/INFO]: Loading tweak class name cpw.mods.fml.common.launcher.FMLTweaker
[11:55:41] [main/INFO]: Using primary tweak class name cpw.mods.fml.common.launcher.FMLTweaker
[11:55:41] [main/INFO]: Loading tweak class name org.spongepowered.asm.launch.MixinTweaker
[11:55:41] [main/INFO]: SpongePowered MIXIN Subsystem Version=0.8.5 Source=file:/Users/rafadazdoit/.gradle/caches/modules-2/files-2.1/io.github.legacymoddingmc/unimixins/0.1.7.1/37fcffc4764bc01ecf5a7241895da6486f6e3623/unimixins-0.1.7.1-dev.jar Service=LaunchWrapper Env=CLIENT
[11:55:41] [main/INFO]: Loading tweak class name net.minecraftforge.gradle.tweakers.CoremodTweaker
[11:55:41] [main/INFO]: Calling tweak class cpw.mods.fml.common.launcher.FMLTweaker
[11:55:41] [main/DEBUG]: Injecting tracing printstreams for STDOUT/STDERR.
[11:55:41] [main/INFO]: Forge Mod Loader version 7.99.40.1614 for Minecraft 1.7.10 loading
[11:55:41] [main/INFO]: Java is OpenJDK 64-Bit Server VM, version 17.0.7, running on Mac OS X:x86_64:10.15.7, installed at /Users/rafadazdoit/.gradle/jdks/jetbrains_s_r_o_-17-x86_64-os_x/jbrsdk-17.0.7-osx-x64-b964.1/Contents/Home
[11:55:41] [main/DEBUG]: Java classpath at launch is /Users/rafadazdoit/.gradle/caches/modules-2/files-2.1/net.minecraft/launchwrapper/1.15/1ffc615ceb71b08517e367c885628d02a9abb931/launchwrapper-1.15.jar:/Users/rafadazdoit/.gradle/caches/modules-2/files-2.1/org.ow2.asm/asm-deprecated/7.1/4ad3a41a931f2ef0aa8f8dc5d7c82090d744c1/asm-deprecated-7.1.jar:/Users/rafadazdoit/.gradle/caches/modules-2/files-2.1/org.ow2.asm/asm-commons/9.4/8fc2810ddbcbbec0a8bbccb3f8eda58321839912/asm-commons-9.4.jar:/Users/rafadazdoit/.gradle/caches/modules-2/files-2.1/org.ow2.asm/asm-util/9.4/ab1e0a84b72561dbaf1ee260321e72148ebf4b19/asm-util-9.4.jar:/Users/rafadazdoit/.gradle/caches/modules-2/files-2.1/org.ow2.asm/asm-analysis/9.4/a5fec9dfc039448d4fd098fbaffcaf55373b223/asm-analysis-9.4.jar:/Users/rafadazdoit/.gradle/caches/modules-2/files-2.1/org.ow2.asm/asm-tree/9.4/a99175a17d7fdc18cbcbd0e8ea6a5d276844190a/asm-tree-9.4.jar:/Users/rafadazdoit/.gradle/caches/modules-2/files-2.1/org.ow2.asm/asm/9.4/b4e0e2d2e023aa317b7cfcfc916377ea348e07d1/asm-9.4.jar:/Users/rafadazdoit/.gradle/caches/modules-2/files-2.1/org.apache.commons/commons-lang3/3.12.0/c6842c86792ff03b9f1d1fe2aab8dc23aa6c6f0e/commons-lang3-3.12.0.jar:/Users/rafadazdoit/.gradle/caches/modules-2/files-2.1/com.github.GTNewHorizons/lwjgl3ify/1.3.5/3768f077dbc64bf21dd9acdb5672fefa5d503453/lwjgl3ify-1.3.5-forgePatches.jar:/Users/rafadazdoit/.gradle/caches/modules-2/files-2.1/org.lwjgl/lwjgl-glfw/3.3.2/757920418805fb90bfebb3d46b1d9e7669fca2eb/lwjgl-glfw-3.3.2.jar:/Users/rafadazdoit/.gradle/caches/modules-2/files-2.1/org.lwjgl/lwjgl-glfw/3.3.2/8223ba1b757c43624f03b09ab9d9228c7f6db001/lwjgl-glfw-3.3.2-natives-macos.jar:/Users/rafadazdoit/.gradle/caches/modules-2/files-2.1/org.lwjgl/lwjgl-openal/3.3.2/ae5357ed6d934546d3533993ea84c0cfb75eed95/lwjgl-openal-3.3.2.jar:/Users/rafadazdoit/.gradle/caches/modules-2/files-2.1/org.lwjgl/lwjgl-openal/3.3.2/56fa16d15039142634e3a6d97d638b56679be821/lwjgl-openal-3.3.2-natives-macos.jar:/Users/rafadazdoit/.gradle/caches/modules-2/files-2.1/org.lwjgl/lwjgl-opengl/3.3.2/ee8e95be0b438602038bc1f02dc5e3d011b1b216/lwjgl-opengl-3.3.2.jar:/Users/rafadazdoit/.gradle/caches/modules-2/files-2.1/org.lwjgl/lwjgl-opengl/3.3.2/5141389ca737369f317b1288a570534c40db9cf/lwjgl-opengl-3.3.2-natives-macos.jar:/Users/rafadazdoit/.gradle/caches/modules-2/files-2.1/org.lwjgl/lwjgl-jemalloc/3.3.2/877e17e39ebcd58a9c956dc3b5b777813de0873a/lwjgl-jemalloc-3.3.2.jar:/Users/rafadazdoit/.gradle/caches/modules-2/files-2.1/org.lwjgl/lwjgl-jemalloc/3.3.2/959ea96ea27cd1ee45943123140fdb55c49e961f/lwjgl-jemalloc-3.3.2-natives-macos.jar:/Users/rafadazdoit/.gradle/caches/modules-2/files-2.1/org.lwjgl/lwjgl-stb/3.3.2/a2550795014d622b686e9caac50b14baa87d2c70/lwjgl-stb-3.3.2.jar:/Users/rafadazdoit/.gradle/caches/modules-2/files-2.1/org.lwjgl/lwjgl-stb/3.3.2/61614cb49cee0b95587893a36bd72f63ab815c82/lwjgl-stb-3.3.2-natives-macos.jar:/Users/rafadazdoit/.gradle/caches/modules-2/files-2.1/org.lwjgl/lwjgl-tinyfd/3.3.2/9f65c248dd77934105274fcf8351abb75b34327c/lwjgl-tinyfd-3.3.2.jar:/Users/rafadazdoit/.gradle/caches/modules-2/files-2.1/org.lwjgl/lwjgl-tinyfd/3.3.2/ce88dcda2fffe5d912de8ea1dabd68490a8f8471/lwjgl-tinyfd-3.3.2-natives-macos.jar:/Users/rafadazdoit/.gradle/caches/modules-2/files-2.1/org.lwjgl/lwjgl/3.3.2/4421d94af68e35dcaa31737a6fc59136a1e61b94/lwjgl-3.3.2.jar:/Users/rafadazdoit/.gradle/caches/modules-2/files-2.1/org.lwjgl/lwjgl/3.3.2/3256dce7fa36d6b572afa5e5730f532cf987f3bf/lwjgl-3.3.2-natives-macos.jar:/Users/rafadazdoit/.gradle/caches/modules-2/files-2.1/org.lwjgl.lwjgl/lwjgl_util/2.9.4-nightly-20150209/d51a7c040a721d13efdfbd34f8b257b2df882ad0/lwjgl_util-2.9.4-nightly-20150209.jar:/Users/rafadazdoit/.gradle/caches/modules-2/files-2.1/org.lwjgl.lwjgl/lwjgl/2.9.4-nightly-20150209/697517568c68e78ae0b4544145af031c81082dfe/lwjgl-2.9.4-nightly-20150209.jar:/Users/rafadazdoit/.gradle/caches/modules-2/files-2.1/org.lwjgl.lwjgl/lwjgl-platform/2.9.4-nightly-20150209/bcab850f8f487c3f4c4dbabde778bb82bd1a40ed/lwjgl-platform-2.9.4-nightly-20150209-natives-osx.jar:/Users/rafadazdoit/.gradle/caches/modules-2/files-2.1/org.lwjgl.lwjgl/lwjgl-platform/2.9.4-nightly-20150209/b84d5102b9dbfabfeb5e43c7e2828d98a7fc80e0/lwjgl-platform-2.9.4-nightly-20150209-natives-windows.jar:/Users/rafadazdoit/.gradle/caches/modules-2/files-2.1/org.lwjgl.lwjgl/lwjgl-platform/2.9.4-nightly-20150209/931074f46c795d2f7b30ed6395df5715cfd7675b/lwjgl-platform-2.9.4-nightly-20150209-natives-linux.jar:/Users/rafadazdoit/.gradle/caches/modules-2/files-2.1/net.java.jinput/jinput/2.0.5/39c7796b469a600f72380316f6b1f11db6c2c7c4/jinput-2.0.5.jar:/Users/rafadazdoit/.gradle/caches/modules-2/files-2.1/net.java.jutils/jutils/1.0.0/e12fe1fda814bd348c1579329c86943d2cd3c6a6/jutils-1.0.0.jar:/Users/rafadazdoit/.gradle/caches/modules-2/files-2.1/net.java.jinput/jinput-platform/2.0.5/7ff832a6eb9ab6a767f1ade2b548092d0fa64795/jinput-platform-2.0.5-natives-linux.jar:/Users/rafadazdoit/.gradle/caches/modules-2/files-2.1/net.java.jinput/jinput-platform/2.0.5/385ee093e01f587f30ee1c8a2ee7d408fd732e16/jinput-platform-2.0.5-natives-windows.jar:/Users/rafadazdoit/.gradle/caches/modules-2/files-2.1/net.java.jinput/jinput-platform/2.0.5/53f9c919f34d2ca9de8c51fc4e1e8282029a9232/jinput-platform-2.0.5-natives-osx.jar:/Users/rafadazdoit/Documents/GitHub/spite/ThaumicBoots/build/rfg/mclauncher-1.7.10.jar:/Users/rafadazdoit/Documents/GitHub/spite/ThaumicBoots/build/rfg/recompiled_minecraft-1.7.10.jar:/Users/rafadazdoit/.gradle/caches/modules-2/files-2.1/net.minecraft/launchwrapper/1.12/111e7bea9c968cdb3d06ef4632bf7ff0824d0f36/launchwrapper-1.12.jar:/Users/rafadazdoit/.gradle/caches/modules-2/files-2.1/com.mojang/authlib/1.5.21/aefba0d5b53fbcb70860bc8046ab95d5854c07a5/authlib-1.5.21.jar:/Users/rafadazdoit/.gradle/caches/modules-2/files-2.1/com.google.code.findbugs/jsr305/2.0.1/516c03b21d50a644d538de0f0369c620989cd8f0/jsr305-2.0.1.jar:/Users/rafadazdoit/.gradle/caches/modules-2/files-2.1/com.typesafe.akka/akka-actor_2.11/2.3.3/ed62e9fc709ca0f2ff1a3220daa8b70a2870078e/akka-actor_2.11-2.3.3.jar:/Users/rafadazdoit/.gradle/caches/modules-2/files-2.1/com.typesafe/config/1.2.1/f771f71fdae3df231bcd54d5ca2d57f0bf93f467/config-1.2.1.jar:/Users/rafadazdoit/.gradle/caches/modules-2/files-2.1/org.scala-lang/scala-actors-migration_2.11/1.1.0/dfa8bc42b181d5b9f1a5dd147f8ae308b893eb6f/scala-actors-migration_2.11-1.1.0.jar:/Users/rafadazdoit/.gradle/caches/modules-2/files-2.1/org.scala-lang.plugins/scala-continuations-plugin_2.11.1/1.0.2/f361a3283452c57fa30c1ee69448995de23c60f7/scala-continuations-plugin_2.11.1-1.0.2.jar:/Users/rafadazdoit/.gradle/caches/modules-2/files-2.1/org.scala-lang/scala-compiler/2.11.5/eb2631e425d240f55ffc060c3262caa4d05d8d1a/scala-compiler-2.11.5.jar:/Users/rafadazdoit/.gradle/caches/modules-2/files-2.1/org.scala-lang.plugins/scala-continuations-library_2.11/1.0.2/e517c53a7e9acd6b1668c5a35eccbaa3bab9aac/scala-continuations-library_2.11-1.0.2.jar:/Users/rafadazdoit/.gradle/caches/modules-2/files-2.1/org.scala-lang/scala-actors/2.11.0/8ccfb6541de179bb1c4d45cf414acee069b7f78b/scala-actors-2.11.0.jar:/Users/rafadazdoit/.gradle/caches/modules-2/files-2.1/org.scala-lang/scala-reflect/2.11.5/69ce65b0f0767c4e5eafaf789fdde7aab78bd9d/scala-reflect-2.11.5.jar:/Users/rafadazdoit/.gradle/caches/modules-2/files-2.1/org.scala-lang.modules/scala-xml_2.11/1.0.3/8f295fc7620bf5a71eb7e34e71d97207aa534abf/scala-xml_2.11-1.0.3.jar:/Users/rafadazdoit/.gradle/caches/modules-2/files-2.1/org.scala-lang.modules/scala-parser-combinators_2.11/1.0.3/b85f2ff7cbdb5540a4c293a947cc936892040fc9/scala-parser-combinators_2.11-1.0.3.jar:/Users/rafadazdoit/.gradle/caches/modules-2/files-2.1/org.scala-lang/scala-library/2.11.5/a5544bb030c5e6c3d81ad116b7dc5024f047df26/scala-library-2.11.5.jar:/Users/rafadazdoit/.gradle/caches/modules-2/files-2.1/org.scala-lang/scala-parser-combinators_2.11/1.0.1/f05d7345bf5a58924f2837c6c1f4d73a938e1ff0/scala-parser-combinators_2.11-1.0.1.jar:/Users/rafadazdoit/.gradle/caches/modules-2/files-2.1/org.scala-lang/scala-swing_2.11/1.0.1/b1cdd92bd47b1e1837139c1c53020e86bb9112ae/scala-swing_2.11-1.0.1.jar:/Users/rafadazdoit/.gradle/caches/modules-2/files-2.1/org.scala-lang/scala-xml_2.11/1.0.2/7a80ec00aec122fba7cd4e0d4cdd87ff7e4cb6d0/scala-xml_2.11-1.0.2.jar:/Users/rafadazdoit/.gradle/caches/modules-2/files-2.1/lzma/lzma/0.0.1/521616dc7487b42bef0e803bd2fa3faf668101d7/lzma-0.0.1.jar:/Users/rafadazdoit/.gradle/caches/modules-2/files-2.1/org.ow2.asm/asm-debug-all/5.0.3/f9e364ae2a66ce2a543012a4668856e84e5dab74/asm-debug-all-5.0.3.jar:/Users/rafadazdoit/.gradle/caches/modules-2/files-2.1/com.paulscode/codecjorbis/20101023/c73b5636faf089d9f00e8732a829577de25237ee/codecjorbis-20101023.jar:/Users/rafadazdoit/.gradle/caches/modules-2/files-2.1/com.paulscode/codecwav/20101023/12f031cfe88fef5c1dd36c563c0a3a69bd7261da/codecwav-20101023.jar:/Users/rafadazdoit/.gradle/caches/modules-2/files-2.1/com.paulscode/libraryjavasound/20101123/5c5e304366f75f9eaa2e8cca546a1fb6109348b3/libraryjavasound-20101123.jar:/Users/rafadazdoit/.gradle/caches/modules-2/files-2.1/com.paulscode/librarylwjglopenal/20100824/73e80d0794c39665aec3f62eee88ca91676674ef/librarylwjglopenal-20100824.jar:/Users/rafadazdoit/.gradle/caches/modules-2/files-2.1/com.paulscode/soundsystem/20120107/419c05fe9be71f792b2d76cfc9b67f1ed0fec7f6/soundsystem-20120107.jar:/Users/rafadazdoit/.gradle/caches/modules-2/files-2.1/com.mojang/netty/1.8.8/a796914d1c8a55b4da9f4a8856dd9623375d8bb/netty-1.8.8.jar:/Users/rafadazdoit/.gradle/caches/modules-2/files-2.1/com.mojang/realms/1.3.5/807ae355ee63583becd7ea60e76aab1532bb42e/realms-1.3.5.jar:/Users/rafadazdoit/.gradle/caches/modules-2/files-2.1/org.apache.commons/commons-compress/1.8.1/a698750c16740fd5b3871425f4cb3bbaa87f529d/commons-compress-1.8.1.jar:/Users/rafadazdoit/.gradle/caches/modules-2/files-2.1/org.apache.httpcomponents/httpclient/4.3.3/18f4247ff4572a074444572cee34647c43e7c9c7/httpclient-4.3.3.jar:/Users/rafadazdoit/.gradle/caches/modules-2/files-2.1/commons-logging/commons-logging/1.1.3/f6f66e966c70a83ffbdb6f17a0919eaf7c8aca7f/commons-logging-1.1.3.jar:/Users/rafadazdoit/.gradle/caches/modules-2/files-2.1/org.apache.httpcomponents/httpcore/4.3.2/31fbbff1ddbf98f3aa7377c94d33b0447c646b6e/httpcore-4.3.2.jar:/Users/rafadazdoit/.gradle/caches/modules-2/files-2.1/java3d/vecmath/1.3.1/a0ae4f51da409fa0c20fa0ca59e6bbc9413ae71d/vecmath-1.3.1.jar:/Users/rafadazdoit/.gradle/caches/modules-2/files-2.1/net.sf.trove4j/trove4j/3.0.3/42ccaf4761f0dfdfa805c9e340d99a755907e2dd/trove4j-3.0.3.jar:/Users/rafadazdoit/.gradle/caches/modules-2/files-2.1/com.ibm.icu/icu4j-core-mojang/51.2/63d216a9311cca6be337c1e458e587f99d382b84/icu4j-core-mojang-51.2.jar:/Users/rafadazdoit/.gradle/caches/modules-2/files-2.1/net.sf.jopt-simple/jopt-simple/4.5/6065cc95c661255349c1d0756657be17c29a4fd3/jopt-simple-4.5.jar:/Users/rafadazdoit/.gradle/caches/modules-2/files-2.1/io.netty/netty-all/4.0.10.Final/9e50bd52ffe257a0e2cd8d971688d6ce7d174325/netty-all-4.0.10.Final.jar:/Users/rafadazdoit/.gradle/caches/modules-2/files-2.1/com.google.guava/guava/17.0/9c6ef172e8de35fd8d4d8783e4821e57cdef7445/guava-17.0.jar:/Users/rafadazdoit/.gradle/caches/modules-2/files-2.1/org.apache.commons/commons-lang3/3.3.2/90a3822c38ec8c996e84c16a3477ef632cbc87a3/commons-lang3-3.3.2.jar:/Users/rafadazdoit/.gradle/caches/modules-2/files-2.1/commons-io/commons-io/2.4/b1b6ea3b7e4aa4f492509a4952029cd8e48019ad/commons-io-2.4.jar:/Users/rafadazdoit/.gradle/caches/modules-2/files-2.1/commons-codec/commons-codec/1.9/9ce04e34240f674bc72680f8b843b1457383161a/commons-codec-1.9.jar:/Users/rafadazdoit/.gradle/caches/modules-2/files-2.1/com.google.code.gson/gson/2.2.4/a60a5e993c98c864010053cb901b7eab25306568/gson-2.2.4.jar:/Users/rafadazdoit/.gradle/caches/modules-2/files-2.1/org.apache.logging.log4j/log4j-core/2.0-beta9/678861ba1b2e1fccb594bb0ca03114bb05da9695/log4j-core-2.0-beta9.jar:/Users/rafadazdoit/.gradle/caches/modules-2/files-2.1/org.apache.logging.log4j/log4j-api/2.0-beta9/1dd66e68cccd907880229f9e2de1314bd13ff785/log4j-api-2.0-beta9.jar:/Users/rafadazdoit/.gradle/caches/modules-2/files-2.1/tv.twitch/twitch/5.16/1f55f009c61637c10c0acfb8b5ffc600f30044b4/twitch-5.16.jar:/Users/rafadazdoit/.gradle/caches/modules-2/files-2.1/tv.twitch/twitch-platform/5.16/7c6affe439099806a4f552da14c42f9d643d8b23/twitch-platform-5.16-natives-windows-32.jar:/Users/rafadazdoit/.gradle/caches/modules-2/files-2.1/tv.twitch/twitch-platform/5.16/39d0c3d363735b4785598e0e7fbf8297c706a9f9/twitch-platform-5.16-natives-windows-64.jar:/Users/rafadazdoit/.gradle/caches/modules-2/files-2.1/tv.twitch/twitch-platform/5.16/62503ee712766cf77f97252e5902786fd834b8c5/twitch-platform-5.16-natives-osx.jar:/Users/rafadazdoit/.gradle/caches/modules-2/files-2.1/tv.twitch/twitch-external-platform/4.5/18215140f010c05b9f86ef6f0f8871954d2ccebf/twitch-external-platform-4.5-natives-windows-32.jar:/Users/rafadazdoit/.gradle/caches/modules-2/files-2.1/tv.twitch/twitch-external-platform/4.5/c3cde57891b935d41b6680a9c5e1502eeab76d86/twitch-external-platform-4.5-natives-windows-64.jar:/Users/rafadazdoit/Documents/GitHub/spite/ThaumicBoots/build/libs/thaumicboots-0.0.0.1.dirty-dev.jar:/Users/rafadazdoit/.gradle/caches/modules-2/files-2.1/com.github.GTNewHorizons/Thaumic_Exploration/1.1.94-GTNH/5ffee1aefa772a4ebf3fe6064c4be33f88bb8422/Thaumic_Exploration-1.1.94-GTNH-dev.jar:/Users/rafadazdoit/.gradle/caches/modules-2/files-2.1/com.github.GTNewHorizons/Electro-Magic-Tools/1.3.2/ae6e2f9f7c1e0090e276c4b073247be121d22dd8/Electro-Magic-Tools-1.3.2-dev.jar:/Users/rafadazdoit/.gradle/caches/modules-2/files-2.1/com.github.GTNewHorizons/Tainted-Magic/7.6.2-GTNH/80a7b7f0a31c421076eb4c3458eae337cec51236/Tainted-Magic-7.6.2-GTNH-dev.jar:/Users/rafadazdoit/.gradle/caches/modules-2/files-2.1/com.github.GTNewHorizons/TCNEIAdditions/1.2.0/351ef0fa93f8b3df74ece6e1a17e37ad032cb7ee/TCNEIAdditions-1.2.0-dev.jar:/Users/rafadazdoit/.gradle/caches/modules-2/files-2.1/thaumcraft/Thaumcraft/1.7.10-4.2.3.5/40386c3beabd555527575c831dd26a398b6666eb/Thaumcraft-1.7.10-4.2.3.5-dev.jar:/Users/rafadazdoit/.gradle/caches/modules-2/files-2.1/com.github.GTNewHorizons/Baubles/1.0.1.16/fa7f7d04f80a7e52b6b57cb7c0f05ab094636b8f/Baubles-1.0.1.16-dev.jar:/Users/rafadazdoit/.gradle/caches/modules-2/files-2.1/com.github.GTNewHorizons/AppleCore/3.2.3/a8443321743dd89765c0d65d674d5c069fc7e6bd/AppleCore-3.2.3-dev.jar:/Users/rafadazdoit/.gradle/caches/modules-2/files-2.1/com.diffplug/blowdryer/1.6.0/b82aa8de17667239dd29874c2224a84377faed91/blowdryer-1.6.0.jar:/Users/rafadazdoit/.gradle/caches/modules-2/files-2.1/com.google.code.gson/gson/2.8.7/69d9503ea0a40ee16f0bcdac7e3eaf83d0fa914a/gson-2.8.7.jar:/Users/rafadazdoit/.gradle/caches/modules-2/files-2.1/com.github.GTNewHorizons/GT5-Unofficial/5.09.43.07/b5ef0e4b2a4d202e9c9cabafbcf6a2184f1773ac/GT5-Unofficial-5.09.43.07-dev.jar:/Users/rafadazdoit/.gradle/caches/modules-2/files-2.1/com.github.GTNewHorizons/Eternal-Singularity/1.0.10/4f632f723bdf83103c598056c659d3e4d56bbda1/Eternal-Singularity-1.0.10-dev.jar:/Users/rafadazdoit/.gradle/caches/modules-2/files-2.1/com.github.GTNewHorizons/StructureLib/1.2.1/2c0edbc499e4bf7a13a9642f717a7d31a96deac4/StructureLib-1.2.1-dev.jar:/Users/rafadazdoit/.gradle/caches/modules-2/files-2.1/com.github.GTNewHorizons/ModularUI/1.1.2/2fd4473052b948f9a9ab3e924814b4557f674190/ModularUI-1.1.2-dev.jar:/Users/rafadazdoit/.gradle/caches/modules-2/files-2.1/com.github.GTNewHorizons/waila/1.5.23/6183bae855d7045280950c0a7bf9d4b1291caded/waila-1.5.23-dev.jar:/Users/rafadazdoit/.gradle/caches/modules-2/files-2.1/com.github.GTNewHorizons/Applied-Energistics-2-Unofficial/rv3-beta-195-GTNH/f009a5b4c8cce35e977bf0a593c93b9116b33dec/Applied-Energistics-2-Unofficial-rv3-beta-195-GTNH-dev.jar:/Users/rafadazdoit/.gradle/caches/modules-2/files-2.1/com.github.GTNewHorizons/NotEnoughItems/2.3.46-GTNH/628306ac44ed29f211875cd575d1a229bdc4802b/NotEnoughItems-2.3.46-GTNH-dev.jar:/Users/rafadazdoit/.gradle/caches/modules-2/files-2.1/com.github.GTNewHorizons/CodeChickenCore/1.1.10/f9014a8d55c176de368182063e652e41c27e1cb3/CodeChickenCore-1.1.10-dev.jar:/Users/rafadazdoit/.gradle/caches/modules-2/files-2.1/io.github.legacymoddingmc/unimixins/0.1.7.1/37fcffc4764bc01ecf5a7241895da6486f6e3623/unimixins-0.1.7.1-dev.jar:/Users/rafadazdoit/.gradle/caches/modules-2/files-2.1/curse.maven/witchery-69673/2234410/b3f02f7049eedef71ebd7ad192c3cc23cf1268c9/witchery-69673-2234410.jar:/Users/rafadazdoit/.gradle/caches/modules-2/files-2.1/com.github.GTNewHorizons/CodeChickenLib/1.1.6/51081c1c2d8d75ae26f64427849de2c0ba99144/CodeChickenLib-1.1.6-dev.jar:/Users/rafadazdoit/.gradle/caches/modules-2/files-2.1/net.industrial-craft/industrialcraft-2/2.2.828-experimental/bb8a1d7fd468c9798fad96d5b32bb2ce7bd5c2a1/industrialcraft-2-2.2.828-experimental-dev.jar:/Users/rafadazdoit/.gradle/caches/modules-2/files-2.1/curse.maven/thaumcraft-nei-plugin-225095/2241913/1cad010865aa455cc5eafbffc4ef915ac4ab2ecc/thaumcraft-nei-plugin-225095-2241913.jar:/Users/rafadazdoit/.gradle/caches/modules-2/files-2.1/com.squareup.okhttp3/okhttp/4.2.2/39b5a2a8c5fd14fbb7d64c6c606819e3ede5afd2/okhttp-4.2.2.jar:/Users/rafadazdoit/.gradle/caches/modules-2/files-2.1/com.squareup.okio/okio/2.4.1/569165a2a9c1f7af07dffc80ed983013a2209896/okio-jvm-2.4.1.jar:/Users/rafadazdoit/.gradle/caches/modules-2/files-2.1/com.diffplug.durian/durian-io/1.2.0/fc9c103d454d04f7c5b78b437190ea3bd15fb72c/durian-io-1.2.0.jar:/Users/rafadazdoit/.gradle/caches/modules-2/files-2.1/com.diffplug.durian/durian-collect/1.2.0/eee2085a0f894527ac841b05b442656115e2877c/durian-collect-1.2.0.jar:/Users/rafadazdoit/.gradle/caches/modules-2/files-2.1/com.diffplug.durian/durian-core/1.2.0/ddf0b08f6dccae07bcb993645a7634cbe8f9b2f8/durian-core-1.2.0.jar:/Users/rafadazdoit/.gradle/caches/modules-2/files-2.1/com.github.GTNewHorizons/GTNHLib/0.0.12/34286640c54647a150900649d55afcb6515938b2/GTNHLib-0.0.12-dev.jar:/Users/rafadazdoit/.gradle/caches/modules-2/files-2.1/com.github.GTNewHorizons/Universal-Singularities/8.6.6/2713ae1def974a63193195ae868fc76c54116d8c/Universal-Singularities-8.6.6-dev.jar:/Users/rafadazdoit/.gradle/caches/modules-2/files-2.1/com.github.GTNewHorizons/Avaritia/1.33/b792f090bdf1e93d5f9365148dbfe33394d1d0ef/Avaritia-1.33-dev.jar:/Users/rafadazdoit/.gradle/caches/modules-2/files-2.1/org.jetbrains.kotlin/kotlin-stdlib/1.3.50/b529d1738c7e98bbfa36a4134039528f2ce78ebf/kotlin-stdlib-1.3.50.jar:/Users/rafadazdoit/.gradle/caches/modules-2/files-2.1/org.jetbrains.kotlin/kotlin-stdlib-common/1.3.50/3d9cd3e1bc7b92e95f43d45be3bfbcf38e36ab87/kotlin-stdlib-common-1.3.50.jar:/Users/rafadazdoit/.gradle/caches/modules-2/files-2.1/com.github.GTNewHorizons/WanionLib/1.8.4/258dfaf00fd726e787864b4487b9fe3e60028f84/WanionLib-1.8.4-dev.jar:/Users/rafadazdoit/.gradle/caches/modules-2/files-2.1/org.jetbrains/annotations/23.0.0/8cc20c07506ec18e0834947b84a864bfc094484e/annotations-23.0.0.jar:/Users/rafadazdoit/.gradle/caches/modules-2/files-2.1/curse.maven/cofh-core-69162/2388751/1571119b16946b71e368a53f2542b7e3c4750b91/cofh-core-69162-2388751.jar:/Users/rafadazdoit/.gradle/caches/modules-2/files-2.1/com.github.GTNewHorizons/BuildCraft/7.1.28/5019f40a503e9ec222cc8dc8cb899a2612d30728/BuildCraft-7.1.28-dev.jar:/Users/rafadazdoit/.gradle/caches/modules-2/files-2.1/com.github.GTNewHorizons/lwjgl3ify/1.3.5/6e8d83eeab8fae72f5e97c29012232d1f29d645a/lwjgl3ify-1.3.5-dev.jar:/Users/rafadazdoit/.gradle/caches/modules-2/files-2.1/com.github.GTNewHorizons/Hodgepodge/2.2.13/d8c53be8123b7c01666c82c828636ad049972ed5/Hodgepodge-2.2.13-dev.jar:/Users/rafadazdoit/.gradle/caches/modules-2/files-2.1/com.github.GTNewHorizons/GTNHLib/0.0.13/d6ee2b41e42cfafc2f1f0c907254757d519e9c2c/GTNHLib-0.0.13-dev.jar
[11:55:41] [main/DEBUG]: Java library path at launch is /Users/rafadazdoit/Documents/GitHub/spite/ThaumicBoots/run/natives/lwjgl3:/Users/rafadazdoit/Library/Java/Extensions:/Library/Java/Extensions:/Network/Library/Java/Extensions:/System/Library/Java/Extensions:/usr/lib/java:.
[11:55:41] [main/INFO]: Managed to load a deobfuscated Minecraft name- we are in a deobfuscated environment. Skipping runtime deobfuscation
[11:55:41] [main/DEBUG]: Instantiating coremod class FMLCorePlugin
[11:55:41] [main/DEBUG]: Added access transformer class cpw.mods.fml.common.asm.transformers.AccessTransformer to enqueued access transformers
[11:55:41] [main/DEBUG]: Enqueued coremod FMLCorePlugin
[11:55:41] [main/DEBUG]: Instantiating coremod class FMLForgePlugin
[11:55:41] [main/DEBUG]: Added access transformer class net.minecraftforge.transformers.ForgeAccessTransformer to enqueued access transformers
[11:55:41] [main/DEBUG]: Enqueued coremod FMLForgePlugin
[11:55:41] [main/DEBUG]: All fundamental core mods are successfully located
[11:55:41] [main/INFO]: Found a command line coremod : codechicken.nei.asm.NEICorePlugin
[11:55:41] [main/DEBUG]: Instantiating coremod class NEICorePlugin
[11:55:41] [main/DEBUG]: The coremod codechicken.nei.asm.NEICorePlugin requested minecraft version 1.7.10 and minecraft is 1.7.10. It will be loaded.
[11:55:41] [main/DEBUG]: Enqueued coremod NEICorePlugin
[11:55:41] [main/INFO]: Found a command line coremod : thaumcraft.codechicken.core.launch.DepLoader
[11:55:41] [main/DEBUG]: Instantiating coremod class DepLoader
[11:55:41] [main/WARN]: The coremod thaumcraft.codechicken.core.launch.DepLoader does not have a MCVersion annotation, it may cause issues with this version of Minecraft
[11:55:41] [main/DEBUG]: Enqueued coremod DepLoader
[11:55:41] [main/INFO]: Found a command line coremod : io.github.legacymoddingmc.unimixins.all.AllCore
[11:55:41] [main/DEBUG]: Instantiating coremod class AllCore
[11:55:41] [main/INFO]: Initializing GasStationCore
[11:55:41] [main/INFO]: Initializing GTNHMixins Core
[11:55:41] [main/DEBUG]: The coremod io.github.legacymoddingmc.unimixins.all.AllCore requested minecraft version 1.7.10 and minecraft is 1.7.10. It will be loaded.
[11:55:41] [main/INFO]: Instantiating AllCore
[11:55:41] [main/INFO]: Instantiating CompatCore
[11:55:41] [main/INFO]: Instantiating MixinExtrasCore
[11:55:41] [main/DEBUG]: Enqueued coremod AllCore
[11:55:41] [main/INFO]: Found a command line coremod : me.eigenraven.lwjgl3ify.core.Lwjgl3ifyCoremod
[11:55:41] [main/DEBUG]: Instantiating coremod class Lwjgl3ifyCoremod
[11:55:42] [main/DEBUG]: The coremod me.eigenraven.lwjgl3ify.core.Lwjgl3ifyCoremod requested minecraft version 1.7.10 and minecraft is 1.7.10. It will be loaded.
[11:55:42] [main/DEBUG]: Enqueued coremod Lwjgl3ifyCoremod
[11:55:42] [main/INFO]: Found a command line coremod : ic2.core.coremod.IC2core
[11:55:42] [main/DEBUG]: Instantiating coremod class IC2core
[11:55:42] [main/WARN]: The coremod ic2.core.coremod.IC2core does not have a MCVersion annotation, it may cause issues with this version of Minecraft
[11:55:42] [main/DEBUG]: Enqueued coremod IC2core
[11:55:42] [main/INFO]: Found a command line coremod : codechicken.core.launch.CodeChickenCorePlugin
[11:55:42] [main/DEBUG]: Instantiating coremod class CodeChickenCorePlugin
[11:55:42] [main/DEBUG]: The coremod codechicken.core.launch.CodeChickenCorePlugin requested minecraft version 1.7.10 and minecraft is 1.7.10. It will be loaded.
[11:55:42] [main/DEBUG]: Added access transformer class codechicken.core.asm.CodeChickenAccessTransformer to enqueued access transformers
[11:55:42] [main/DEBUG]: Enqueued coremod CodeChickenCorePlugin
[11:55:42] [main/INFO]: Found a command line coremod : appeng.transformer.AppEngCore
[11:55:42] [main/DEBUG]: Instantiating coremod class AppEngCore
[11:55:42] [main/DEBUG]: The coremod appeng.transformer.AppEngCore requested minecraft version 1.7.10 and minecraft is 1.7.10. It will be loaded.
[11:55:42] [main/INFO]: [AppEng] Core Init
[11:55:42] [main/DEBUG]: Added access transformer class appeng.transformer.asm.ASMTweaker to enqueued access transformers
[11:55:42] [main/DEBUG]: Enqueued coremod AppEngCore
[11:55:42] [main/INFO]: Found a command line coremod : com.gtnewhorizon.gtnhlib.core.GTNHLibCore
[11:55:42] [main/DEBUG]: Instantiating coremod class GTNHLibCore
[11:55:42] [main/DEBUG]: The coremod com.gtnewhorizon.gtnhlib.core.GTNHLibCore requested minecraft version 1.7.10 and minecraft is 1.7.10. It will be loaded.
[11:55:42] [main/DEBUG]: Enqueued coremod GTNHLibCore
[11:55:42] [main/INFO]: Found a command line coremod : com.mitchej123.hodgepodge.core.HodgepodgeCore
[11:55:42] [main/DEBUG]: Instantiating coremod class HodgepodgeCore
[11:55:42] [main/DEBUG]: The coremod com.mitchej123.hodgepodge.core.HodgepodgeCore requested minecraft version 1.7.10 and minecraft is 1.7.10. It will be loaded.
[11:55:42] [main/DEBUG]: Enqueued coremod HodgepodgeCore
[11:55:42] [main/INFO]: Found a command line coremod : cofh.asm.LoadingPlugin
[11:55:42] [main/DEBUG]: Instantiating coremod class LoadingPlugin
[11:55:43] [main/WARN]: The coremod cofh.asm.LoadingPlugin does not have a MCVersion annotation, it may cause issues with this version of Minecraft
[11:55:43] [main/DEBUG]: Added access transformer class cofh.asm.CoFHAccessTransformer to enqueued access transformers
[11:55:43] [main/DEBUG]: Enqueued coremod LoadingPlugin
[11:55:43] [main/DEBUG]: Attempting to load commandline specified mods, relative to /Users/rafadazdoit/Documents/GitHub/spite/ThaumicBoots/run
[11:55:43] [main/DEBUG]: Discovering coremods
[11:55:43] [main/INFO]: Calling tweak class org.spongepowered.asm.launch.MixinTweaker
[11:55:43] [main/INFO]: Compatibility level set to JAVA_8
[11:55:43] [main/INFO]: Initialised Mixin FML Remapper Adapter with cpw.mods.fml.common.asm.transformers.deobf.FMLDeobfuscatingRemapper@239f017e
[11:55:44] [main/INFO]: Initialised Legacy FML Dev Remapper
[11:55:44] [main/INFO]: Calling tweak class net.minecraftforge.gradle.tweakers.CoremodTweaker
[11:55:44] [main/INFO]: Injecting location in coremod cpw.mods.fml.relauncher.FMLCorePlugin
[11:55:44] [main/INFO]: Injecting location in coremod net.minecraftforge.classloading.FMLForgePlugin
[11:55:44] [main/INFO]: Injecting location in coremod codechicken.core.asm.MCPDeobfuscationTransformer.LoadPlugin
[11:55:44] [main/INFO]: Injecting location in coremod codechicken.nei.asm.NEICorePlugin
[11:55:44] [main/INFO]: Injecting location in coremod thaumcraft.codechicken.core.launch.DepLoader
[11:55:44] [main/INFO]: Injecting location in coremod io.github.legacymoddingmc.unimixins.all.AllCore
[11:55:44] [main/INFO]: Injecting location in coremod me.eigenraven.lwjgl3ify.core.Lwjgl3ifyCoremod
[11:55:44] [main/INFO]: Injecting location in coremod ic2.core.coremod.IC2core
[11:55:44] [main/INFO]: Injecting location in coremod codechicken.core.launch.CodeChickenCorePlugin
[11:55:44] [main/INFO]: Injecting location in coremod appeng.transformer.AppEngCore
[11:55:44] [main/INFO]: Injecting location in coremod com.gtnewhorizon.gtnhlib.core.GTNHLibCore
[11:55:44] [main/INFO]: Injecting location in coremod com.mitchej123.hodgepodge.core.HodgepodgeCore
[11:55:44] [main/INFO]: Injecting location in coremod cofh.asm.LoadingPlugin
[11:55:44] [main/INFO]: Loading tweak class name cpw.mods.fml.common.launcher.FMLInjectionAndSortingTweaker
[11:55:44] [main/INFO]: Loading tweak class name cpw.mods.fml.common.launcher.FMLDeobfTweaker
[11:55:44] [main/INFO]: Loading tweak class name org.spongepowered.asm.mixin.EnvironmentStateTweaker
[11:55:44] [main/INFO]: Loading tweak class name net.minecraftforge.gradle.tweakers.AccessTransformerTweaker
[11:55:44] [main/INFO]: Calling tweak class cpw.mods.fml.common.launcher.FMLInjectionAndSortingTweaker
[11:55:44] [main/INFO]: Calling tweak class cpw.mods.fml.common.launcher.FMLInjectionAndSortingTweaker
[11:55:44] [main/INFO]: Calling tweak class cpw.mods.fml.relauncher.CoreModManager$FMLPluginWrapper
[11:55:44] [main/INFO]: Injecting coremod GTNHLibCore {com.gtnewhorizon.gtnhlib.core.GTNHLibCore} class transformers
[11:55:44] [main/DEBUG]: Injection complete
[11:55:44] [main/DEBUG]: Running coremod plugin for GTNHLibCore {com.gtnewhorizon.gtnhlib.core.GTNHLibCore}
[11:55:44] [main/DEBUG]: Running coremod plugin GTNHLibCore
[11:55:44] [main/DEBUG]: Coremod plugin class GTNHLibCore run successfully
[11:55:44] [main/INFO]: Calling tweak class cpw.mods.fml.relauncher.CoreModManager$FMLPluginWrapper
[11:55:44] [main/INFO]: Injecting coremod FMLCorePlugin {cpw.mods.fml.relauncher.FMLCorePlugin} class transformers
[11:55:44] [main/TRACE]: Registering transformer cpw.mods.fml.common.asm.transformers.MarkerTransformer
[11:55:44] [main/TRACE]: Registering transformer cpw.mods.fml.common.asm.transformers.SideTransformer
[11:55:44] [main/TRACE]: Registering transformer cpw.mods.fml.common.asm.transformers.EventSubscriptionTransformer
[11:55:44] [main/DEBUG]: Injection complete
[11:55:44] [main/DEBUG]: Running coremod plugin for FMLCorePlugin {cpw.mods.fml.relauncher.FMLCorePlugin}
[11:55:44] [main/DEBUG]: Running coremod plugin FMLCorePlugin
[11:55:44] [main/ERROR]: The binary patch set is missing. Either you are in a development environment, or things are not going to work!
[11:55:44] [main/ERROR]: FML appears to be missing any signature data. This is not a good thing
[11:55:44] [main/DEBUG]: Coremod plugin class FMLCorePlugin run successfully
[11:55:44] [main/INFO]: Calling tweak class cpw.mods.fml.relauncher.CoreModManager$FMLPluginWrapper
[11:55:44] [main/INFO]: Injecting coremod FMLForgePlugin {net.minecraftforge.classloading.FMLForgePlugin} class transformers
[11:55:44] [main/TRACE]: Registering transformer net.minecraftforge.classloading.FluidIdTransformer
[11:55:44] [main/DEBUG]: Injection complete
[11:55:44] [main/DEBUG]: Running coremod plugin for FMLForgePlugin {net.minecraftforge.classloading.FMLForgePlugin}
[11:55:44] [main/DEBUG]: Running coremod plugin FMLForgePlugin
[11:55:44] [main/DEBUG]: Coremod plugin class FMLForgePlugin run successfully
[11:55:44] [main/INFO]: Calling tweak class cpw.mods.fml.relauncher.CoreModManager$FMLPluginWrapper
[11:55:44] [main/INFO]: Injecting coremod CCCDeobfPlugin {codechicken.core.asm.MCPDeobfuscationTransformer$LoadPlugin} class transformers
[11:55:44] [main/DEBUG]: Injection complete
[11:55:44] [main/DEBUG]: Running coremod plugin for CCCDeobfPlugin {codechicken.core.asm.MCPDeobfuscationTransformer$LoadPlugin}
[11:55:44] [main/DEBUG]: Running coremod plugin CCCDeobfPlugin
[11:55:44] [main/DEBUG]: Coremod plugin class LoadPlugin run successfully
[11:55:44] [main/INFO]: Calling tweak class cpw.mods.fml.relauncher.CoreModManager$FMLPluginWrapper
[11:55:44] [main/INFO]: Injecting coremod NEICorePlugin {codechicken.nei.asm.NEICorePlugin} class transformers
[11:55:44] [main/TRACE]: Registering transformer codechicken.nei.asm.NEITransformer
[11:55:44] [main/DEBUG]: Injection complete
[11:55:44] [main/DEBUG]: Running coremod plugin for NEICorePlugin {codechicken.nei.asm.NEICorePlugin}
[11:55:44] [main/DEBUG]: Running coremod plugin NEICorePlugin
[11:55:44] [main/DEBUG]: Coremod plugin class NEICorePlugin run successfully
[11:55:44] [main/INFO]: Calling tweak class cpw.mods.fml.relauncher.CoreModManager$FMLPluginWrapper
[11:55:44] [main/INFO]: Injecting coremod DepLoader {thaumcraft.codechicken.core.launch.DepLoader} class transformers
[11:55:44] [main/DEBUG]: Injection complete
[11:55:44] [main/DEBUG]: Running coremod plugin for DepLoader {thaumcraft.codechicken.core.launch.DepLoader}
[11:55:44] [main/DEBUG]: Running coremod plugin DepLoader
[11:55:44] [main/DEBUG]: Coremod plugin class DepLoader run successfully
[11:55:44] [main/INFO]: Calling tweak class cpw.mods.fml.relauncher.CoreModManager$FMLPluginWrapper
[11:55:44] [main/INFO]: Injecting coremod AllCore {io.github.legacymoddingmc.unimixins.all.AllCore} class transformers
[11:55:44] [main/TRACE]: Registering transformer io.github.legacymoddingmc.unimixins.compat.asm.FMLCommonHandlerTransformer
[11:55:44] [main/DEBUG]: Injection complete
[11:55:44] [main/DEBUG]: Running coremod plugin for AllCore {io.github.legacymoddingmc.unimixins.all.AllCore}
[11:55:44] [main/DEBUG]: Running coremod plugin AllCore
[11:55:44] [main/INFO]: Examining core mod list
[11:55:44] [main/INFO]: LoadedCoreMods [codechicken.core.asm.MCPDeobfuscationTransformer$LoadPlugin, codechicken.nei.asm.NEICorePlugin, cpw.mods.fml.relauncher.FMLCorePlugin, org.spongepowered.asm.mixin.EnvironmentStateTweaker, ic2.core.coremod.IC2core, codechicken.core.launch.CodeChickenCorePlugin, Dummy Container (null) , net.minecraftforge.classloading.FMLForgePlugin, com.gtnewhorizon.gtnhlib.core.GTNHLibCore, codechicken.lib, io.github.legacymoddingmc.unimixins.all.AllCore, thaumcraft.codechicken.core.launch.DepLoader, me.eigenraven.lwjgl3ify.core.Lwjgl3ifyCoremod, net.minecraftforge.gradle.tweakers.AccessTransformerTweaker, cpw.mods.fml.common.launcher.FMLDeobfTweaker, com.mitchej123.hodgepodge.core.HodgepodgeCore, cofh.asm.LoadingPlugin]
[11:55:44] [main/INFO]: Enabling STB texture loading mixin
[11:55:44] [main/INFO]: Enabling STB texture stitching mixin
[11:55:44] [main/INFO]: Loading [mixins.lwjgl3ify.early.json] fml.ItemStackHolderRef
[11:55:44] [main/INFO]: Loading [mixins.lwjgl3ify.early.json] fml.JarDiscoverer
[11:55:44] [main/INFO]: Loading [mixins.lwjgl3ify.early.json] fml.ObjectHolderRef
[11:55:44] [main/INFO]: Loading [mixins.lwjgl3ify.early.json] fml.ObjectHolderRegistry
[11:55:44] [main/INFO]: Loading [mixins.lwjgl3ify.early.json] game.MixinTextureAtlasSprite
[11:55:44] [main/INFO]: Loading [mixins.lwjgl3ify.early.json] game.MixinTextureMap
[11:55:44] [main/INFO]: Loading [mixins.lwjgl3ify.early.json] game.MixinStitcher
[11:55:44] [main/INFO]: Initializing Hodgepodge
[11:55:44] [main/INFO]: Looking for Thermos/Bukkit taint.
[11:55:44] [main/INFO]: Thermos/Bukkit NOT detected :-D
[11:55:44] [main/INFO]: Not loading the following EARLY mixins: [minecraft.MixinGameSettings, minecraft.textures.client.fastcraft.MixinTextureMap, minecraft.MixinTimeCommandGalacticraftFix]
[11:55:44] [main/INFO]: Loading [mixins.hodgepodge.early.json] minecraft.MixinGameSetttings
[11:55:44] [main/INFO]: Loading [mixins.hodgepodge.early.json] minecraft.MixinGuiScreenResourcePacks
[11:55:44] [main/INFO]: Loading [mixins.hodgepodge.early.json] minecraft.MixinEnchantment_FixRomanNumerals
[11:55:44] [main/INFO]: Loading [mixins.hodgepodge.early.json] minecraft.MixinInventoryEffectRenderer_FixPotionEffectNumerals
[11:55:44] [main/INFO]: Loading [mixins.hodgepodge.early.json] minecraft.MixinItemPotion_FixRomanNumerals
[11:55:44] [main/INFO]: Loading [mixins.hodgepodge.early.json] minecraft.MixinEntityLivingBase_FixHasteArmSwing
[11:55:44] [main/INFO]: Loading [mixins.hodgepodge.early.json] minecraft.MixinWorld_FixLightUpdateLag
[11:55:44] [main/INFO]: Loading [mixins.hodgepodge.early.json] minecraft.MixinSoundHandler
[11:55:44] [main/INFO]: Loading [mixins.hodgepodge.early.json] minecraft.MixinEntityPlayer
[11:55:44] [main/INFO]: Loading [mixins.hodgepodge.early.json] minecraft.MixinEntityRenderer
[11:55:44] [main/INFO]: Loading [mixins.hodgepodge.early.json] minecraft.MixinRenderManager
[11:55:44] [main/INFO]: Loading [mixins.hodgepodge.early.json] minecraft.MixinBlockFence
[11:55:44] [main/INFO]: Loading [mixins.hodgepodge.early.json] minecraft.MixinInventoryEffectRenderer_PotionOffset
[11:55:44] [main/INFO]: Loading [mixins.hodgepodge.early.json] minecraft.MixinInventoryEffectRenderer_PotionEffectRendering
[11:55:44] [main/INFO]: Loading [mixins.hodgepodge.early.json] minecraft.MixinEntityFireball
[11:55:44] [main/INFO]: Loading [mixins.hodgepodge.early.json] minecraft.MixinGuiNewChat_LongerChat
[11:55:44] [main/INFO]: Loading [mixins.hodgepodge.early.json] minecraft.MixinGuiNewChat_TransparentChat
[11:55:44] [main/INFO]: Loading [mixins.hodgepodge.early.json] minecraft.MixinChunkCoordinates
[11:55:44] [main/INFO]: Loading [mixins.hodgepodge.early.json] minecraft.MixinTcpNoDelay
[11:55:44] [main/INFO]: Loading [mixins.hodgepodge.early.json] minecraft.MixinWorldGetBlock
[11:55:44] [main/INFO]: Loading [mixins.hodgepodge.early.json] minecraft.MixinWorldLightValue
[11:55:44] [main/INFO]: Loading [mixins.hodgepodge.early.json] minecraft.MixinVillage
[11:55:44] [main/INFO]: Loading [mixins.hodgepodge.early.json] minecraft.MixinVillageCollection
[11:55:44] [main/INFO]: Loading [mixins.hodgepodge.early.json] minecraft.MixinForgeHooks
[11:55:44] [main/INFO]: Loading [mixins.hodgepodge.early.json] minecraft.MixinRandomPositionGenerator
[11:55:44] [main/INFO]: Loading [mixins.hodgepodge.early.json] minecraft.MixinFurnaceRecipes
[11:55:44] [main/INFO]: Loading [mixins.hodgepodge.early.json] minecraft.MixinGuiGameOver
[11:55:44] [main/INFO]: Loading [mixins.hodgepodge.early.json] minecraft.MixinEntityLivingPickup
[11:55:44] [main/INFO]: Loading [mixins.hodgepodge.early.json] minecraft.MixinEntityLivingDrop
[11:55:44] [main/INFO]: Loading [mixins.hodgepodge.early.json] minecraft.MixinBlockHopper
[11:55:44] [main/INFO]: Loading [mixins.hodgepodge.early.json] minecraft.profiler.TileEntityRendererDispatcherMixin
[11:55:44] [main/INFO]: Loading [mixins.hodgepodge.early.json] minecraft.profiler.MinecraftMixin
[11:55:44] [main/INFO]: Loading [mixins.hodgepodge.early.json] minecraft.MixinServerConfigurationManager
[11:55:44] [main/INFO]: Loading [mixins.hodgepodge.early.json] minecraft.MixinEntityPlayerMP
[11:55:44] [main/INFO]: Loading [mixins.hodgepodge.early.json] minecraft.MixinItemSoup
[11:55:44] [main/INFO]: Loading [mixins.hodgepodge.early.json] minecraft.MixinEffectRenderer
[11:55:44] [main/INFO]: Loading [mixins.hodgepodge.early.json] minecraft.MixinPotion
[11:55:44] [main/INFO]: Loading [mixins.hodgepodge.early.json] minecraft.MixinPotionEffect
[11:55:44] [main/INFO]: Loading [mixins.hodgepodge.early.json] minecraft.MixinTileEntityHopper
[11:55:44] [main/INFO]: Loading [mixins.hodgepodge.early.json] minecraft.MixinS02PacketChat
[11:55:44] [main/INFO]: Loading [mixins.hodgepodge.early.json] minecraft.MixinWorldServerUpdateEntities
[11:55:44] [main/INFO]: Loading [mixins.hodgepodge.early.json] minecraft.MixinRendererLivingEntity
[11:55:44] [main/INFO]: Loading [mixins.hodgepodge.early.json] minecraft.MixinMinecraft_ResizableFullscreen
[11:55:44] [main/INFO]: Loading [mixins.hodgepodge.early.json] minecraft.MixinMinecraft_UnfocusedFullscreen
[11:55:44] [main/INFO]: Loading [mixins.hodgepodge.early.json] minecraft.MixinMinecraft_ToggleDebugMessage
[11:55:44] [main/INFO]: Loading [mixins.hodgepodge.early.json] minecraft.textures.client.MixinTextureAtlasSprite
[11:55:44] [main/INFO]: Loading [mixins.hodgepodge.early.json] minecraft.textures.client.MixinTextureMap
[11:55:44] [main/INFO]: Loading [mixins.hodgepodge.early.json] minecraft.textures.client.MixinBlockFire
[11:55:44] [main/INFO]: Loading [mixins.hodgepodge.early.json] minecraft.textures.client.MixinMinecraftForgeClient
[11:55:44] [main/INFO]: Loading [mixins.hodgepodge.early.json] minecraft.textures.client.MixinChunkCache
[11:55:44] [main/INFO]: Loading [mixins.hodgepodge.early.json] minecraft.textures.client.MixinRenderBlocks
[11:55:44] [main/INFO]: Loading [mixins.hodgepodge.early.json] minecraft.textures.client.MixinRenderBlockFluid
[11:55:44] [main/INFO]: Loading [mixins.hodgepodge.early.json] minecraft.textures.client.MixinWorldRenderer
[11:55:44] [main/INFO]: Loading [mixins.hodgepodge.early.json] minecraft.textures.client.MixinRenderItem
[11:55:44] [main/INFO]: Loading [mixins.hodgepodge.early.json] minecraft.textures.client.MixinTextureUtil
[11:55:44] [main/INFO]: Loading [mixins.hodgepodge.early.json] minecraft.MixinEntityLivingBase_HidePotionParticles
[11:55:44] [main/INFO]: Loading [mixins.hodgepodge.early.json] minecraft.MixinDimensionManager
[11:55:44] [main/INFO]: Loading [mixins.hodgepodge.early.json] minecraft.MixinWorldUpdateEntities
[11:55:44] [main/INFO]: Loading [mixins.hodgepodge.early.json] minecraft.MixinEntityLivingBase_FixPotionException
[11:55:44] [main/INFO]: Loading [mixins.hodgepodge.early.json] forge.MixinASMDataTable
[11:55:44] [main/INFO]: Loading [mixins.hodgepodge.early.json] minecraft.MixinRenderGlobal
[11:55:44] [main/INFO]: Loading [mixins.hodgepodge.early.json] minecraft.server.MixinHttpUtil
[11:55:44] [main/INFO]: Loading [mixins.hodgepodge.early.json] forge.MixinGuiIngameForge
[11:55:44] [main/INFO]: Loading [mixins.hodgepodge.early.json] minecraft.MixinKeyBinding
[11:55:44] [main/INFO]: Loading [mixins.hodgepodge.early.json] minecraft.MixinWorldClient
[11:55:44] [main/INFO]: Loading [mixins.hodgepodge.early.json] minecraft.MixinGuiTextField
[11:55:44] [main/INFO]: Loading [mixins.hodgepodge.early.json] minecraft.MixinFontRenderer
[11:55:44] [main/INFO]: Loading [mixins.hodgepodge.early.json] minecraft.MixinBlockBed
[11:55:44] [main/INFO]: Loading [mixins.hodgepodge.early.json] minecraft.packets.MixinDataWatcher
[11:55:44] [main/INFO]: Loading [mixins.hodgepodge.early.json] minecraft.packets.MixinS3FPacketCustomPayload
[11:55:44] [main/INFO]: Loading [mixins.hodgepodge.early.json] ic2.MixinIc2WaterKinetic
[11:55:44] [main/INFO]: Loading [mixins.hodgepodge.early.json] ic2.MixinItemCropSeed
[11:55:44] [main/INFO]: Loading [mixins.hodgepodge.early.json] ic2.MixinTileEntityCrop
[11:55:44] [main/INFO]: Loading [mixins.hodgepodge.early.json] ic2.MixinIc2NanoSuitNightVision
[11:55:44] [main/INFO]: Loading [mixins.hodgepodge.early.json] ic2.MixinIc2QuantumSuitNightVision
[11:55:44] [main/INFO]: Loading [mixins.hodgepodge.early.json] ic2.MixinIc2NightVisionGoggles
[11:55:44] [main/INFO]: Loading [mixins.hodgepodge.early.json] ic2.MixinTileEntityReactorChamberElectricNoDupe
[11:55:44] [main/INFO]: Loading [mixins.hodgepodge.early.json] ic2.MixinTileEntityReactorChamberElectricInvSpeedup
[11:55:44] [main/INFO]: Loading [mixins.hodgepodge.early.json] ic2.MixinTileEntityNuclearReactorElectric
[11:55:44] [main/INFO]: Loading [mixins.hodgepodge.early.json] ic2.MixinItemIC2FluidContainer
[11:55:44] [main/INFO]: Loading [mixins.hodgepodge.early.json] ic2.textures.MixinRenderLiquidCell
[11:55:44] [main/INFO]: Loading [mixins.hodgepodge.early.json] cofhcore.MixinCoFHCoreUpdateCheck
[11:55:44] [main/INFO]: Loading [mixins.hodgepodge.early.json] cofhcore.MixinProxyClient
[11:55:44] [main/INFO]: Loading [mixins.hodgepodge.early.json] minecraft.MixinTileEntityFurnacePollution
[11:55:44] [main/DEBUG]: Coremod plugin class AllCore run successfully
[11:55:44] [main/INFO]: Calling tweak class cpw.mods.fml.relauncher.CoreModManager$FMLPluginWrapper
[11:55:44] [main/INFO]: Injecting coremod IC2core {ic2.core.coremod.IC2core} class transformers
[11:55:44] [main/DEBUG]: Injection complete
[11:55:44] [main/DEBUG]: Running coremod plugin for IC2core {ic2.core.coremod.IC2core}
[11:55:44] [main/DEBUG]: Running coremod plugin IC2core
[11:55:44] [main/INFO]: Loaded library EJML-core-0.26.jar.
[11:55:44] [main/DEBUG]: Coremod plugin class IC2core run successfully
[11:55:44] [main/INFO]: Calling tweak class cpw.mods.fml.relauncher.CoreModManager$FMLPluginWrapper
[11:55:44] [main/INFO]: Injecting coremod CodeChickenCorePlugin {codechicken.core.launch.CodeChickenCorePlugin} class transformers
[11:55:44] [main/TRACE]: Registering transformer codechicken.lib.asm.ClassHeirachyManager
[11:55:44] [main/TRACE]: Registering transformer codechicken.core.asm.TweakTransformer
[11:55:44] [main/TRACE]: Registering transformer codechicken.core.asm.DelegatedTransformer
[11:55:44] [main/TRACE]: Registering transformer codechicken.core.asm.DefaultImplementationTransformer
[11:55:44] [main/DEBUG]: Injection complete
[11:55:44] [main/DEBUG]: Running coremod plugin for CodeChickenCorePlugin {codechicken.core.launch.CodeChickenCorePlugin}
[11:55:44] [main/DEBUG]: Running coremod plugin CodeChickenCorePlugin
[11:55:44] [main/DEBUG]: Coremod plugin class CodeChickenCorePlugin run successfully
[11:55:44] [main/INFO]: Calling tweak class cpw.mods.fml.relauncher.CoreModManager$FMLPluginWrapper
[11:55:44] [main/INFO]: Injecting coremod AppEngCore {appeng.transformer.AppEngCore} class transformers
[11:55:44] [main/TRACE]: Registering transformer appeng.transformer.asm.ASMIntegration
[11:55:45] [main/TRACE]: Registering transformer appeng.transformer.asm.ApiRepairer
[11:55:45] [main/INFO]: AE2 ApiFixer Installed
[11:55:45] [main/DEBUG]: Injection complete
[11:55:45] [main/DEBUG]: Running coremod plugin for AppEngCore {appeng.transformer.AppEngCore}
[11:55:45] [main/DEBUG]: Running coremod plugin AppEngCore
[11:55:45] [main/DEBUG]: Coremod plugin class AppEngCore run successfully
[11:55:45] [main/INFO]: Calling tweak class org.spongepowered.asm.mixin.EnvironmentStateTweaker
[11:55:45] [main/INFO]: Calling tweak class cpw.mods.fml.common.launcher.FMLDeobfTweaker
[11:55:45] [main/DEBUG]: Loaded 57 rules from AccessTransformer config file fml_at.cfg
[11:55:45] [main/DEBUG]: Loaded 89 rules from AccessTransformer config file forge_at.cfg
[11:55:45] [main/DEBUG]: Loaded 57 rules from AccessTransformer config file fml_at.cfg
[11:55:45] [main/DEBUG]: Loaded 3 rules from AccessTransformer mod jar file /Users/rafadazdoit/.gradle/caches/modules-2/files-2.1/com.github.GTNewHorizons/Applied-Energistics-2-Unofficial/rv3-beta-195-GTNH/f009a5b4c8cce35e977bf0a593c93b9116b33dec/Applied-Energistics-2-Unofficial-rv3-beta-195-GTNH-dev.jar!META-INF/appeng_at.cfg

[11:55:45] [main/DEBUG]: Loaded 13 rules from AccessTransformer mod jar file /Users/rafadazdoit/.gradle/caches/modules-2/files-2.1/com.github.GTNewHorizons/NotEnoughItems/2.3.46-GTNH/628306ac44ed29f211875cd575d1a229bdc4802b/NotEnoughItems-2.3.46-GTNH-dev.jar!META-INF/nei_at.cfg

[11:55:45] [main/DEBUG]: Loaded 6 rules from AccessTransformer mod jar file /Users/rafadazdoit/.gradle/caches/modules-2/files-2.1/curse.maven/witchery-69673/2234410/b3f02f7049eedef71ebd7ad192c3cc23cf1268c9/witchery-69673-2234410.jar!META-INF/witchery_at.cfg

[11:55:45] [main/DEBUG]: Loaded 13 rules from AccessTransformer mod jar file /Users/rafadazdoit/.gradle/caches/modules-2/files-2.1/com.github.GTNewHorizons/Thaumic_Exploration/1.1.94-GTNH/5ffee1aefa772a4ebf3fe6064c4be33f88bb8422/Thaumic_Exploration-1.1.94-GTNH-dev.jar!META-INF/ThaumicTinkerer_at.cfg

[11:55:45] [main/DEBUG]: Validating minecraft
[11:55:45] [main/INFO]: Calling tweak class cpw.mods.fml.relauncher.CoreModManager$FMLPluginWrapper
[11:55:45] [main/INFO]: Injecting coremod LoadingPlugin {cofh.asm.LoadingPlugin} class transformers
[11:55:45] [main/INFO]: Calling tweak class net.minecraftforge.gradle.tweakers.AccessTransformerTweaker
[11:55:45] [main/INFO]: Remapping AccessTransformer rules...
[11:55:45] [main/INFO]: Calling tweak class cpw.mods.fml.relauncher.CoreModManager$FMLPluginWrapper
[11:55:45] [main/INFO]: Injecting coremod HodgepodgeCore {com.mitchej123.hodgepodge.core.HodgepodgeCore} class transformers
[11:55:45] [main/INFO]: Loading hodgepodge transformers World Transformer - Remove CoFH tile entity cache
[11:55:45] [main/INFO]: Loading hodgepodge transformers Speed up Progress Bar by speeding up stripSpecialCharacters
[11:55:45] [main/INFO]: Calling tweak class cpw.mods.fml.relauncher.CoreModManager$FMLPluginWrapper
[11:55:45] [main/INFO]: Injecting coremod Lwjgl3ifyCoremod {me.eigenraven.lwjgl3ify.core.Lwjgl3ifyCoremod} class transformers
[11:55:45] [main/INFO]: Registering lwjgl3ify redirect transformer
[11:55:45] [main/INFO]: Registering lwjgl3ify redirect transformer
[11:55:45] [main/INFO]: Loading tweak class name cpw.mods.fml.common.launcher.TerminalTweaker
[11:55:45] [main/INFO]: Loading tweak class name me.eigenraven.lwjgl3ify.core.PostMixinTransformInjector
[11:55:45] [main/WARN]: Tweak class name me.eigenraven.lwjgl3ify.core.PostMixinTransformInjector has already been visited -- skipping
[11:55:45] [main/INFO]: Calling tweak class cpw.mods.fml.common.launcher.TerminalTweaker
[11:55:45] [main/INFO]: Calling tweak class me.eigenraven.lwjgl3ify.core.PostMixinTransformInjector
[11:55:45] [main/INFO]: Transforming class squeek.applecore.mixinplugin.MixinPlugin to fit current mixin environment.
[11:55:45] [main/INFO]: Transforming class com.gtnewhorizons.modularui.mixinplugin.MixinPlugin to fit current mixin environment.
[11:55:46] [main/INFO]: Found Minecraft! Integrating now...
[11:55:46] [main/INFO]: Found Thaumcraft! Integrating now...
[11:55:46] [main/INFO]: Found thaumcraftneiplugin! Integrating now...
[11:55:46] [main/WARN]: Jar not found for TargetedMod{modName='Pam's Harvestcraft', jarNamePrefixLowercase='harvestcraft-1.7.10-'}
[11:55:46] [main/WARN]: Jar not found for TargetedMod{modName='Natura', jarNamePrefixLowercase='natura-1.7.10'}
[11:55:46] [main/INFO]: Found Minecraft! Integrating now...
[11:55:46] [main/INFO]: Found CodeChickenLib! Integrating now...
[11:55:46] [main/INFO]: Could not find Pam's Harvestcraft! Skipping mixins....
[11:55:46] [main/INFO]: Could not find Natura! Skipping mixins....
[11:55:46] [main/INFO]: Found Minecraft! Integrating now...
[11:55:46] [main/INFO]: Found NotEnoughItems! Integrating now...
[11:55:46] [main/INFO]: Launching wrapped minecraft {net.minecraft.client.main.Main}
[11:55:47] [main/INFO]: func_146977_a(Lnet/minecraft/inventory/Slot;)V - Transformed
[11:55:47] [main/INFO]: func_146977_a_original(Lnet/minecraft/inventory/Slot;)V - New Method
[11:55:47] [main/INFO]: func_146977_a(Lnet/minecraft/inventory/Slot;)V - Invoke Virtual
[11:55:47] [main/INFO]: Patching net.minecraft.world.World
[11:55:47] [main/INFO]: Removed 3 occurrence of LinkedHashList::push
[11:55:47] [main/INFO]: Setting user: Developer
[11:55:48] [main/INFO]: Dynamicized enum net.minecraft.enchantment.EnumEnchantmentType=net.minecraft.enchantment.EnumEnchantmentType
[11:55:48] [main/INFO]: Dynamicized enum net.minecraft.block.BlockPressurePlate$Sensitivity=net.minecraft.block.BlockPressurePlate$Sensitivity
[11:55:48] [main/INFO]: Unfinalized 172 Holder fields in net.minecraft.init.Blocks
[11:55:48] [main/INFO]: Dynamicized enum net.minecraft.item.Item$ToolMaterial=net.minecraft.item.Item$ToolMaterial
[11:55:49] [main/INFO]: Dynamicized enum net.minecraft.item.ItemArmor$ArmorMaterial=net.minecraft.item.ItemArmor$ArmorMaterial
[11:55:49] [main/INFO]: Dynamicized enum net.minecraft.event.HoverEvent$Action=net.minecraft.event.HoverEvent$Action
[11:55:49] [main/INFO]: Dynamicized enum net.minecraft.item.EnumRarity=net.minecraft.item.EnumRarity
[11:55:49] [main/INFO]: Unfinalized 172 Holder fields in net.minecraft.init.Items
[11:55:49] [Client thread/INFO]: Dynamicized enum net.minecraft.client.audio.SoundCategory=net.minecraft.client.audio.SoundCategory
[11:55:49] [Client thread/INFO]: LWJGL Version: 3.3.2+13
[11:55:49] [Client thread/INFO]: [org.lwjglx.opengl.Display:create:104]: TODO: Implement Display.create(PixelFormat)
[11:55:50] [Client thread/INFO]: Transforming FMLCommonHandler to add hook for enhancing crash reports
[11:55:50] [Client thread/INFO]: TRANSFORMING cpw.mods.fml.client.FMLClientHandler
[11:55:50] [Client thread/INFO]: Speeding up stripSpecialChars
[11:55:50] [Client thread/INFO]: [cpw.mods.fml.client.SplashProgress:start:188]: ---- Minecraft Crash Report ----
// Why is it breaking :(

Time: 8/29/23, 11:55 AM
Description: Loading screen debug info

This is just a prompt for computer specs to be printed. THIS IS NOT A ERROR


A detailed walkthrough of the error, its code path and all known details is as follows:
---------------------------------------------------------------------------------------

-- System Details --
Details:
	Minecraft Version: 1.7.10
	Operating System: Mac OS X (x86_64) version 10.15.7
	Java Version: 17.0.7, JetBrains s.r.o.
	Java VM Version: OpenJDK 64-Bit Server VM (mixed mode), JetBrains s.r.o.
	Memory: 956480816 bytes (912 MB) / 1073741824 bytes (1024 MB) up to 6442450944 bytes (6144 MB)
	JVM Flags: 2 total; -Xms1G -Xmx6G
	AABB Pool Size: 0 (0 bytes; 0 MB) allocated, 0 (0 bytes; 0 MB) used
	IntCache: cache: 0, tcache: 0, allocated: 0, tallocated: 0
	FML: 
	GL info: ' Vendor: 'Intel Inc.' Version: '2.1 INTEL-14.7.8' Renderer: 'Intel(R) Iris(TM) Plus Graphics OpenGL Engine'
	Mixins in Stacktrace: 
		net.minecraft.client.Minecraft:
			mixins.hodgepodge.early.json:minecraft.profiler.MinecraftMixin from mod hodgepodge
			mixins.hodgepodge.early.json:minecraft.MixinMinecraft_ToggleDebugMessage from mod hodgepodge
			mixins.hodgepodge.early.json:minecraft.MixinMinecraft_UnfocusedFullscreen from mod hodgepodge
			mixins.hodgepodge.early.json:minecraft.MixinMinecraft_ResizableFullscreen from mod hodgepodge
[11:55:50] [Client thread/INFO]: Attempting early MinecraftForge initialization
[11:55:50] [Client thread/INFO]: MinecraftForge v10.13.4.1614 Initialized
[11:55:50] [Client thread/INFO]: Replaced 183 ore recipies
[11:55:50] [Client thread/INFO]: Completed early MinecraftForge initialization
[11:55:50] [Client thread/INFO]: [AppEng] Core Init
[11:55:50] [Client thread/INFO]: Found 0 mods from the command line. Injecting into mod discoverer
[11:55:50] [Client thread/INFO]: Searching /Users/rafadazdoit/Documents/GitHub/spite/ThaumicBoots/run/mods for mods
[11:55:50] [Client thread/INFO]: Also searching /Users/rafadazdoit/Documents/GitHub/spite/ThaumicBoots/run/mods/1.7.10 for mods
[11:55:57] [Client thread/ERROR]: Found a duplicate mod gtnhlib at [/Users/rafadazdoit/.gradle/caches/modules-2/files-2.1/com.github.GTNewHorizons/GTNHLib/0.0.13/d6ee2b41e42cfafc2f1f0c907254757d519e9c2c/GTNHLib-0.0.13-dev.jar, /Users/rafadazdoit/.gradle/caches/modules-2/files-2.1/com.github.GTNewHorizons/GTNHLib/0.0.12/34286640c54647a150900649d55afcb6515938b2/GTNHLib-0.0.12-dev.jar]
[11:55:57] [Client thread/INFO]: Reloading ResourceManager: Default
[11:55:57] [Client thread/WARN]: There were errors previously. Not beginning mod initialization phase
[11:55:57] [Sound Library Loader/INFO]: [paulscode.sound.SoundSystemLogger:message:69]: 
[11:55:57] [Sound Library Loader/INFO]: [paulscode.sound.SoundSystemLogger:message:69]: Starting up SoundSystem...
[11:55:57] [Thread-5/INFO]: [paulscode.sound.SoundSystemLogger:message:69]: Initializing LWJGL OpenAL
[11:55:57] [Thread-5/INFO]: [paulscode.sound.SoundSystemLogger:message:69]:     (The LWJGL binding of OpenAL.  For more information, see http://www.lwjgl.org)
[11:55:57] [Thread-5/INFO]: [paulscode.sound.SoundSystemLogger:message:69]: OpenAL initialized.
[11:55:58] [Client thread/INFO]: Created: 32x32 textures/blocks-atlas
[11:55:58] [Client thread/INFO]: Created: 32x32 textures/items-atlas
[11:55:58] [Sound Library Loader/INFO]: [paulscode.sound.SoundSystemLogger:message:69]: 
[11:55:58] [Sound Library Loader/INFO]: Sound engine started
[11:55:58] [Client thread/INFO]: Dynamicized enum net.minecraft.client.audio.MusicTicker$MusicType=net.minecraft.client.audio.MusicTicker$MusicType
[11:56:05] [Client thread/INFO]: Stopping!
[11:56:05] [Client thread/INFO]: [paulscode.sound.SoundSystemLogger:message:69]: 
[11:56:05] [Client thread/INFO]: [paulscode.sound.SoundSystemLogger:message:69]: SoundSystem shutting down...
[11:56:05] [Client thread/INFO]: [paulscode.sound.SoundSystemLogger:importantMessage:90]:     Author: Paul Lamb, www.paulscode.com
[11:56:05] [Client thread/INFO]: [paulscode.sound.SoundSystemLogger:message:69]: 
