#
# A fatal error has been detected by the Java Runtime Environment:
#
#  SIGILL (0x4) at pc=0x00007fff32528abc, pid=34506, tid=0x0000000000002903
#
# JRE version: OpenJDK Runtime Environment (Zulu 8.68.0.21-CA-macosx) (8.0_362-b09) (build 1.8.0_362-b09)
# Java VM: OpenJDK 64-Bit Server VM (25.362-b09 mixed mode bsd-amd64 compressed oops)
# Problematic frame:
# C  [AppKit+0x3e5abc]  -[NSOpenGLContext setView:]+0xe5
#
# Failed to write core dump. Core dumps have been disabled. To enable core dumping, try "ulimit -c unlimited" before starting Java again
#
# If you would like to submit a bug report, please visit:
#   http://www.azul.com/support/
# The crash happened outside the Java Virtual Machine in native code.
# See problematic frame for where to report the bug.
#

---------------  T H R E A D  ---------------

Current thread (0x00007fd81f808800):  JavaThread "Client thread" [_thread_in_native, id=10499, stack(0x0000700007c73000,0x0000700007d73000)]

siginfo: si_signo: 4 (SIGILL), si_code: 1 (ILL_ILLOPC), si_addr: 0x00007fff32528abc

Registers:
RAX=0x0000000000000000, RBX=0x00007fd826f12f20, RCX=0x0000000000000000, RDX=0x0000000000000000
RSP=0x0000700007d71aa0, RBP=0x0000700007d71af0, RSI=0x000000001f08000c, RDI=0x0000000000000000
R8 =0x0000000000000000, R9 =0x0000000000000000, R10=0x0000000000000000, R11=0x0000000000000000
R12=0x00007fd82008e5a0, R13=0x0000000135df3cc0, R14=0x00007fd829c2a8a0, R15=0x00007fd829a095f0
RIP=0x00007fff32528abc, EFLAGS=0x0000000000010206, ERR=0x0000000000000000
  TRAPNO=0x0000000000000006

Top of Stack: (sp=0x0000700007d71aa0)
0x0000700007d71aa0:   0000000000000000 0000000000000000
0x0000700007d71ab0:   0000000000000000 0000000000000000
0x0000700007d71ac0:   0000000000000000 0000000000000000
0x0000700007d71ad0:   0000000000000000 00007fd826f12f20
0x0000700007d71ae0:   00007fd829a4fb10 00007fd81f808a68
0x0000700007d71af0:   0000700007d71b20 0000000134f8ac77
0x0000700007d71b00:   0000000135df3cc8 0000000000000000
0x0000700007d71b10:   0000700007d71ba8 00007fd81f808800
0x0000700007d71b20:   0000700007d71b80 0000000111d04507
0x0000700007d71b30:   0000000742d96ea8 0000000111d04222
0x0000700007d71b40:   0000700007d71b40 0000000135df3cc0
0x0000700007d71b50:   0000700007d71ba8 0000000135df4268
0x0000700007d71b60:   0000000000000000 0000000135df3cc8
0x0000700007d71b70:   0000000000000000 0000700007d71ba0
0x0000700007d71b80:   0000700007d71bf0 0000000111cf40fd
0x0000700007d71b90:   0000000742e43f78 0000000111cfdb58
0x0000700007d71ba0:   0000000742e52e90 0000000742d96ea8
0x0000700007d71bb0:   0000700007d71bb0 0000000135df3bbf
0x0000700007d71bc0:   0000700007d71c20 0000000135df4268
0x0000700007d71bd0:   0000000000000000 0000000135df3c30
0x0000700007d71be0:   0000700007d71ba0 0000700007d71c10
0x0000700007d71bf0:   0000700007d71c78 0000000111cf4142
0x0000700007d71c00:   0000000000000000 0000000742d96ea8
0x0000700007d71c10:   0000000742e52e90 0000000742d96df0
0x0000700007d71c20:   0000000742e44008 0000000111cffae7
0x0000700007d71c30:   0000000742e44018 0000700007d71c28
0x0000700007d71c40:   0000000135df14e6 0000700007d71c88
0x0000700007d71c50:   0000000135df2420 0000000000000000
0x0000700007d71c60:   0000000135df1518 0000700007d71c10
0x0000700007d71c70:   0000700007d71c88 0000700007d71ce0
0x0000700007d71c80:   0000000111cf40fd 0000000742e44018
0x0000700007d71c90:   0000000741981d58 0000000741981d58 

Instructions: (pc=0x00007fff32528abc)
0x00007fff32528a9c:   00 31 f6 e8 80 e9 c1 ff e9 51 ff ff ff e8 c2 00
0x00007fff32528aac:   78 00 0f 0b 48 8d 3d 13 70 7f 00 e8 14 fb 77 00
0x00007fff32528abc:   0f 0b 49 89 c6 eb 13 48 89 c7 e8 75 00 78 00 b3
0x00007fff32528acc:   01 eb 9a 49 89 c6 84 db 74 05 e8 89 00 78 00 4c 

Register to memory mapping:

RAX=0x0000000000000000 is an unknown value
RBX=0x00007fd826f12f20 is an unknown value
RCX=0x0000000000000000 is an unknown value
RDX=0x0000000000000000 is an unknown value
RSP=0x0000700007d71aa0 is pointing into the stack for thread: 0x00007fd81f808800
RBP=0x0000700007d71af0 is pointing into the stack for thread: 0x00007fd81f808800
RSI=0x000000001f08000c is an unknown value
RDI=0x0000000000000000 is an unknown value
R8 =0x0000000000000000 is an unknown value
R9 =0x0000000000000000 is an unknown value
R10=0x0000000000000000 is an unknown value
R11=0x0000000000000000 is an unknown value
R12=0x00007fd82008e5a0 is an unknown value
R13=0x0000000135df3cc0 is pointing into metadata
R14=0x00007fd829c2a8a0 is an unknown value
R15=0x00007fd829a095f0 is an unknown value


Stack: [0x0000700007c73000,0x0000700007d73000],  sp=0x0000700007d71aa0,  free space=1018k
Native frames: (J=compiled Java code, j=interpreted, Vv=VM code, C=native code)
C  [AppKit+0x3e5abc]  -[NSOpenGLContext setView:]+0xe5
C  [liblwjgl.dylib+0x16c77]  Java_org_lwjgl_opengl_MacOSXContextImplementation_setView+0xb7
j  org.lwjgl.opengl.MacOSXContextImplementation.setView(Ljava/nio/ByteBuffer;Ljava/nio/ByteBuffer;)V+0
j  org.lwjgl.opengl.MacOSXContextImplementation.makeCurrent(Lorg/lwjgl/opengl/PeerInfo;Ljava/nio/ByteBuffer;)V+7
j  org.lwjgl.opengl.ContextGL.makeCurrent()V+46
j  org.lwjgl.opengl.DrawableGL.makeCurrent()V+14
j  org.lwjgl.opengl.Display.makeCurrent()V+3
j  org.lwjgl.opengl.Display.makeCurrentAndSetSwapInterval()V+0
j  org.lwjgl.opengl.Display.create(Lorg/lwjgl/opengl/PixelFormat;Lorg/lwjgl/opengl/Drawable;Lorg/lwjgl/opengl/ContextAttribs;)V+108
j  org.lwjgl.opengl.Display.create(Lorg/lwjgl/opengl/PixelFormat;)V+12
j  net.minecraftforge.client.ForgeHooksClient.createDisplay()V+33
j  net.minecraft.client.Minecraft.startGame()V+269
j  net.minecraft.client.Minecraft.run()V+6
j  net.minecraft.client.main.Main.main([Ljava/lang/String;)V+998
v  ~StubRoutines::call_stub
V  [libjvm.dylib+0x2d87af]  JavaCalls::call_helper(JavaValue*, methodHandle*, JavaCallArguments*, Thread*)+0x6f3
V  [libjvm.dylib+0x4ecf2d]  Reflection::invoke(instanceKlassHandle, methodHandle, Handle, bool, objArrayHandle, BasicType, objArrayHandle, bool, Thread*)+0x7bf
V  [libjvm.dylib+0x4eda9c]  Reflection::invoke_method(oopDesc*, Handle, objArrayHandle, Thread*)+0x190
V  [libjvm.dylib+0x3593ae]  JVM_InvokeMethod+0x20f
j  sun.reflect.NativeMethodAccessorImpl.invoke0(Ljava/lang/reflect/Method;Ljava/lang/Object;[Ljava/lang/Object;)Ljava/lang/Object;+0
j  sun.reflect.NativeMethodAccessorImpl.invoke(Ljava/lang/Object;[Ljava/lang/Object;)Ljava/lang/Object;+100
J 2576 C1 sun.reflect.DelegatingMethodAccessorImpl.invoke(Ljava/lang/Object;[Ljava/lang/Object;)Ljava/lang/Object; (10 bytes) @ 0x00000001125d114c [0x00000001125d1040+0x10c]
J 2575 C1 java.lang.reflect.Method.invoke(Ljava/lang/Object;[Ljava/lang/Object;)Ljava/lang/Object; (62 bytes) @ 0x00000001125d191c [0x00000001125d1520+0x3fc]
j  net.minecraft.launchwrapper.Launch.launch([Ljava/lang/String;)V+661
j  net.minecraft.launchwrapper.Launch.main([Ljava/lang/String;)V+8
j  net.minecraftforge.gradle.GradleStartCommon.launch([Ljava/lang/String;)V+196
j  GradleStart.main([Ljava/lang/String;)V+8
v  ~StubRoutines::call_stub
V  [libjvm.dylib+0x2d87af]  JavaCalls::call_helper(JavaValue*, methodHandle*, JavaCallArguments*, Thread*)+0x6f3
V  [libjvm.dylib+0x3192f2]  jni_invoke_static(JNIEnv_*, JavaValue*, _jobject*, JNICallType, _jmethodID*, JNI_ArgumentPusher*, Thread*)+0x255
V  [libjvm.dylib+0x31c95d]  jni_CallStaticVoidMethod+0x1f6
C  [java+0x3844]  JavaMain+0x9bf
C  [libsystem_pthread.dylib+0x6109]  _pthread_start+0x94
C  [libsystem_pthread.dylib+0x1b8b]  thread_start+0xf
C  0x0000000000000000

Java frames: (J=compiled Java code, j=interpreted, Vv=VM code)
j  org.lwjgl.opengl.MacOSXContextImplementation.setView(Ljava/nio/ByteBuffer;Ljava/nio/ByteBuffer;)V+0
j  org.lwjgl.opengl.MacOSXContextImplementation.makeCurrent(Lorg/lwjgl/opengl/PeerInfo;Ljava/nio/ByteBuffer;)V+7
j  org.lwjgl.opengl.ContextGL.makeCurrent()V+46
j  org.lwjgl.opengl.DrawableGL.makeCurrent()V+14
j  org.lwjgl.opengl.Display.makeCurrent()V+3
j  org.lwjgl.opengl.Display.makeCurrentAndSetSwapInterval()V+0
j  org.lwjgl.opengl.Display.create(Lorg/lwjgl/opengl/PixelFormat;Lorg/lwjgl/opengl/Drawable;Lorg/lwjgl/opengl/ContextAttribs;)V+108
j  org.lwjgl.opengl.Display.create(Lorg/lwjgl/opengl/PixelFormat;)V+12
j  net.minecraftforge.client.ForgeHooksClient.createDisplay()V+33
j  net.minecraft.client.Minecraft.startGame()V+269
j  net.minecraft.client.Minecraft.run()V+6
j  net.minecraft.client.main.Main.main([Ljava/lang/String;)V+998
v  ~StubRoutines::call_stub
j  sun.reflect.NativeMethodAccessorImpl.invoke0(Ljava/lang/reflect/Method;Ljava/lang/Object;[Ljava/lang/Object;)Ljava/lang/Object;+0
j  sun.reflect.NativeMethodAccessorImpl.invoke(Ljava/lang/Object;[Ljava/lang/Object;)Ljava/lang/Object;+100
J 2576 C1 sun.reflect.DelegatingMethodAccessorImpl.invoke(Ljava/lang/Object;[Ljava/lang/Object;)Ljava/lang/Object; (10 bytes) @ 0x00000001125d114c [0x00000001125d1040+0x10c]
J 2575 C1 java.lang.reflect.Method.invoke(Ljava/lang/Object;[Ljava/lang/Object;)Ljava/lang/Object; (62 bytes) @ 0x00000001125d191c [0x00000001125d1520+0x3fc]
j  net.minecraft.launchwrapper.Launch.launch([Ljava/lang/String;)V+661
j  net.minecraft.launchwrapper.Launch.main([Ljava/lang/String;)V+8
j  net.minecraftforge.gradle.GradleStartCommon.launch([Ljava/lang/String;)V+196
j  GradleStart.main([Ljava/lang/String;)V+8
v  ~StubRoutines::call_stub

---------------  P R O C E S S  ---------------

Java Threads: ( => current thread )
  0x00007fd821d21800 JavaThread "AWT-Shutdown" [_thread_blocked, id=55823, stack(0x00007000090b2000,0x00007000091b2000)]
  0x00007fd824d2c000 JavaThread "Timer hack thread" daemon [_thread_blocked, id=51207, stack(0x000070000964d000,0x000070000974d000)]
  0x00007fd8227cd000 JavaThread "Snooper Timer" daemon [_thread_blocked, id=72811, stack(0x000070000954a000,0x000070000964a000)]
  0x00007fd822148800 JavaThread "AppKit Thread" daemon [_thread_in_native, id=775, stack(0x00007ffee0606000,0x00007ffee0e06000)]
  0x00007fd81e845000 JavaThread "Service Thread" daemon [_thread_blocked, id=16899, stack(0x0000700008eac000,0x0000700008fac000)]
  0x00007fd821843800 JavaThread "C1 CompilerThread3" daemon [_thread_blocked, id=16643, stack(0x0000700008da9000,0x0000700008ea9000)]
  0x00007fd821842800 JavaThread "C2 CompilerThread2" daemon [_thread_in_native, id=16387, stack(0x0000700008ca6000,0x0000700008da6000)]
  0x00007fd821841800 JavaThread "C2 CompilerThread1" daemon [_thread_in_native, id=15875, stack(0x0000700008ba3000,0x0000700008ca3000)]
  0x00007fd821015800 JavaThread "C2 CompilerThread0" daemon [_thread_in_native, id=17923, stack(0x0000700008aa0000,0x0000700008ba0000)]
  0x00007fd81e82a000 JavaThread "Signal Dispatcher" daemon [_thread_blocked, id=15619, stack(0x000070000899d000,0x0000700008a9d000)]
  0x00007fd821012800 JavaThread "Finalizer" daemon [_thread_blocked, id=13059, stack(0x0000700008794000,0x0000700008894000)]
  0x00007fd81f00e000 JavaThread "Reference Handler" daemon [_thread_blocked, id=12803, stack(0x0000700008691000,0x0000700008791000)]
=>0x00007fd81f808800 JavaThread "Client thread" [_thread_in_native, id=10499, stack(0x0000700007c73000,0x0000700007d73000)]

Other Threads:
  0x00007fd81f00d800 VMThread [stack: 0x000070000858e000,0x000070000868e000] [id=19971]
  0x00007fd81e809000 WatcherThread [stack: 0x0000700008faf000,0x00007000090af000] [id=22019]

VM state:not at safepoint (normal execution)

VM Mutex/Monitor currently owned by a thread: None

heap address: 0x0000000640000000, size: 6144 MB, Compressed Oops mode: Zero based, Oop shift amount: 3
Narrow klass base: 0x0000000000000000, Narrow klass shift: 3
Compressed class space size: 1073741824 Address: 0x00000007c0000000

Heap:
 PSYoungGen      total 545792K, used 79653K [0x0000000740000000, 0x0000000765a00000, 0x00000007c0000000)
  eden space 502272K, 10% used [0x0000000740000000,0x00000007433a5450,0x000000075ea80000)
  from space 43520K, 61% used [0x000000075ea80000,0x00000007604a42b8,0x0000000761500000)
  to   space 43520K, 0% used [0x0000000762f80000,0x0000000762f80000,0x0000000765a00000)
 ParOldGen       total 699392K, used 43290K [0x0000000640000000, 0x000000066ab00000, 0x0000000740000000)
  object space 699392K, 6% used [0x0000000640000000,0x0000000642a46b78,0x000000066ab00000)
 Metaspace       used 27594K, capacity 27928K, committed 28288K, reserved 1073152K
  class space    used 3478K, capacity 3612K, committed 3712K, reserved 1048576K

Card table byte_map: [0x0000000120cec000,0x00000001218ed000] byte_map_base: 0x000000011daec000

Marking Bits: (ParMarkBitMap*) 0x00000001107309e8
 Begin Bits: [0x00000001218ed000, 0x00000001278ed000)
 End Bits:   [0x00000001278ed000, 0x000000012d8ed000)

Polling page: 0x000000010ee7d000

CodeCache: size=245760Kb used=13363Kb max_used=13458Kb free=232397Kb
 bounds [0x0000000111cec000, 0x0000000112a2c000, 0x0000000120cec000]
 total_blobs=3828 nmethods=3342 adapters=397
 compilation: enabled

Compilation events (10 events):
Event: 7.940 Thread 0x00007fd821843800 3470       2       java.lang.reflect.Field::setFieldAccessor (34 bytes)
Event: 7.940 Thread 0x00007fd821843800 nmethod 3470 0x0000000111e620d0 code [0x0000000111e62240, 0x0000000111e62488]
Event: 7.944 Thread 0x00007fd821015800 nmethod 3468 0x0000000112a18dd0 code [0x0000000112a190a0, 0x0000000112a1aed8]
Event: 7.945 Thread 0x00007fd821015800 3029       4       org.objectweb.asm.tree.LabelNode::accept (9 bytes)
Event: 7.946 Thread 0x00007fd821015800 nmethod 3029 0x0000000111e5a990 code [0x0000000111e5aae0, 0x0000000111e5ac18]
Event: 7.946 Thread 0x00007fd821015800 3350       4       java.lang.String::isEmpty (14 bytes)
Event: 7.947 Thread 0x00007fd821015800 nmethod 3350 0x0000000111e6e5d0 code [0x0000000111e6e720, 0x0000000111e6e798]
Event: 7.947 Thread 0x00007fd821015800 3472       4       java.lang.Character::toUpperCase (6 bytes)
Event: 7.948 Thread 0x00007fd821015800 nmethod 3472 0x0000000111df9850 code [0x0000000111df99a0, 0x0000000111df9a78]
Event: 7.948 Thread 0x00007fd821015800 3054       4       org.objectweb.asm.MethodWriter::visitMethodInsn (220 bytes)

GC Heap History (10 events):
Event: 2.925 GC heap before
{Heap before GC invocations=3 (full 1):
 PSYoungGen      total 305664K, used 262144K [0x0000000740000000, 0x0000000755500000, 0x00000007c0000000)
  eden space 262144K, 100% used [0x0000000740000000,0x0000000750000000,0x0000000750000000)
  from space 43520K, 0% used [0x0000000750000000,0x0000000750000000,0x0000000752a80000)
  to   space 43520K, 0% used [0x0000000752a80000,0x0000000752a80000,0x0000000755500000)
 ParOldGen       total 699392K, used 5579K [0x0000000640000000, 0x000000066ab00000, 0x0000000740000000)
  object space 699392K, 0% used [0x0000000640000000,0x0000000640572d20,0x000000066ab00000)
 Metaspace       used 18684K, capacity 18984K, committed 19200K, reserved 1067008K
  class space    used 2171K, capacity 2268K, committed 2304K, reserved 1048576K
Event: 2.954 GC heap after
Heap after GC invocations=3 (full 1):
 PSYoungGen      total 305664K, used 36652K [0x0000000740000000, 0x0000000765500000, 0x00000007c0000000)
  eden space 262144K, 0% used [0x0000000740000000,0x0000000740000000,0x0000000750000000)
  from space 43520K, 84% used [0x0000000752a80000,0x0000000754e4b160,0x0000000755500000)
  to   space 43520K, 0% used [0x0000000750000000,0x0000000750000000,0x0000000752a80000)
 ParOldGen       total 699392K, used 5587K [0x0000000640000000, 0x000000066ab00000, 0x0000000740000000)
  object space 699392K, 0% used [0x0000000640000000,0x0000000640574d20,0x000000066ab00000)
 Metaspace       used 18684K, capacity 18984K, committed 19200K, reserved 1067008K
  class space    used 2171K, capacity 2268K, committed 2304K, reserved 1048576K
}
Event: 3.725 GC heap before
{Heap before GC invocations=4 (full 1):
 PSYoungGen      total 305664K, used 242631K [0x0000000740000000, 0x0000000765500000, 0x00000007c0000000)
  eden space 262144K, 78% used [0x0000000740000000,0x000000074c926cb8,0x0000000750000000)
  from space 43520K, 84% used [0x0000000752a80000,0x0000000754e4b160,0x0000000755500000)
  to   space 43520K, 0% used [0x0000000750000000,0x0000000750000000,0x0000000752a80000)
 ParOldGen       total 699392K, used 5587K [0x0000000640000000, 0x000000066ab00000, 0x0000000740000000)
  object space 699392K, 0% used [0x0000000640000000,0x0000000640574d20,0x000000066ab00000)
 Metaspace       used 20821K, capacity 21172K, committed 21248K, reserved 1069056K
  class space    used 2411K, capacity 2554K, committed 2560K, reserved 1048576K
Event: 3.767 GC heap after
Heap after GC invocations=4 (full 1):
 PSYoungGen      total 305664K, used 41357K [0x0000000740000000, 0x0000000765500000, 0x00000007c0000000)
  eden space 262144K, 0% used [0x0000000740000000,0x0000000740000000,0x0000000750000000)
  from space 43520K, 95% used [0x0000000750000000,0x00000007528636a8,0x0000000752a80000)
  to   space 43520K, 0% used [0x0000000762a80000,0x0000000762a80000,0x0000000765500000)
 ParOldGen       total 699392K, used 5595K [0x0000000640000000, 0x000000066ab00000, 0x0000000740000000)
  object space 699392K, 0% used [0x0000000640000000,0x0000000640576d20,0x000000066ab00000)
 Metaspace       used 20821K, capacity 21172K, committed 21248K, reserved 1069056K
  class space    used 2411K, capacity 2554K, committed 2560K, reserved 1048576K
}
Event: 3.767 GC heap before
{Heap before GC invocations=5 (full 2):
 PSYoungGen      total 305664K, used 41357K [0x0000000740000000, 0x0000000765500000, 0x00000007c0000000)
  eden space 262144K, 0% used [0x0000000740000000,0x0000000740000000,0x0000000750000000)
  from space 43520K, 95% used [0x0000000750000000,0x00000007528636a8,0x0000000752a80000)
  to   space 43520K, 0% used [0x0000000762a80000,0x0000000762a80000,0x0000000765500000)
 ParOldGen       total 699392K, used 5595K [0x0000000640000000, 0x000000066ab00000, 0x0000000740000000)
  object space 699392K, 0% used [0x0000000640000000,0x0000000640576d20,0x000000066ab00000)
 Metaspace       used 20821K, capacity 21172K, committed 21248K, reserved 1069056K
  class space    used 2411K, capacity 2554K, committed 2560K, reserved 1048576K
Event: 3.868 GC heap after
Heap after GC invocations=5 (full 2):
 PSYoungGen      total 305664K, used 0K [0x0000000740000000, 0x0000000765500000, 0x00000007c0000000)
  eden space 262144K, 0% used [0x0000000740000000,0x0000000740000000,0x0000000750000000)
  from space 43520K, 0% used [0x0000000750000000,0x0000000750000000,0x0000000752a80000)
  to   space 43520K, 0% used [0x0000000762a80000,0x0000000762a80000,0x0000000765500000)
 ParOldGen       total 699392K, used 43274K [0x0000000640000000, 0x000000066ab00000, 0x0000000740000000)
  object space 699392K, 6% used [0x0000000640000000,0x0000000642a42b78,0x000000066ab00000)
 Metaspace       used 20821K, capacity 21172K, committed 21248K, reserved 1069056K
  class space    used 2411K, capacity 2554K, committed 2560K, reserved 1048576K
}
Event: 6.728 GC heap before
{Heap before GC invocations=6 (full 2):
 PSYoungGen      total 305664K, used 262144K [0x0000000740000000, 0x0000000765500000, 0x00000007c0000000)
  eden space 262144K, 100% used [0x0000000740000000,0x0000000750000000,0x0000000750000000)
  from space 43520K, 0% used [0x0000000750000000,0x0000000750000000,0x0000000752a80000)
  to   space 43520K, 0% used [0x0000000762a80000,0x0000000762a80000,0x0000000765500000)
 ParOldGen       total 699392K, used 43274K [0x0000000640000000, 0x000000066ab00000, 0x0000000740000000)
  object space 699392K, 6% used [0x0000000640000000,0x0000000642a42b78,0x000000066ab00000)
 Metaspace       used 23725K, capacity 24056K, committed 24192K, reserved 1071104K
  class space    used 2806K, capacity 2940K, committed 2944K, reserved 1048576K
Event: 6.744 GC heap after
Heap after GC invocations=6 (full 2):
 PSYoungGen      total 394240K, used 21489K [0x0000000740000000, 0x0000000763f80000, 0x00000007c0000000)
  eden space 372736K, 0% used [0x0000000740000000,0x0000000740000000,0x0000000756c00000)
  from space 21504K, 99% used [0x0000000762a80000,0x0000000763f7c508,0x0000000763f80000)
  to   space 43520K, 0% used [0x000000075ea80000,0x000000075ea80000,0x0000000761500000)
 ParOldGen       total 699392K, used 43282K [0x0000000640000000, 0x000000066ab00000, 0x0000000740000000)
  object space 699392K, 6% used [0x0000000640000000,0x0000000642a44b78,0x000000066ab00000)
 Metaspace       used 23725K, capacity 24056K, committed 24192K, reserved 1071104K
  class space    used 2806K, capacity 2940K, committed 2944K, reserved 1048576K
}
Event: 7.727 GC heap before
{Heap before GC invocations=7 (full 2):
 PSYoungGen      total 394240K, used 394225K [0x0000000740000000, 0x0000000763f80000, 0x00000007c0000000)
  eden space 372736K, 100% used [0x0000000740000000,0x0000000756c00000,0x0000000756c00000)
  from space 21504K, 99% used [0x0000000762a80000,0x0000000763f7c508,0x0000000763f80000)
  to   space 43520K, 0% used [0x000000075ea80000,0x000000075ea80000,0x0000000761500000)
 ParOldGen       total 699392K, used 43282K [0x0000000640000000, 0x000000066ab00000, 0x0000000740000000)
  object space 699392K, 6% used [0x0000000640000000,0x0000000642a44b78,0x000000066ab00000)
 Metaspace       used 26415K, capacity 26776K, committed 27136K, reserved 1073152K
  class space    used 3347K, capacity 3484K, committed 3584K, reserved 1048576K
Event: 7.751 GC heap after
Heap after GC invocations=7 (full 2):
 PSYoungGen      total 545792K, used 26768K [0x0000000740000000, 0x0000000765a00000, 0x00000007c0000000)
  eden space 502272K, 0% used [0x0000000740000000,0x0000000740000000,0x000000075ea80000)
  from space 43520K, 61% used [0x000000075ea80000,0x00000007604a42b8,0x0000000761500000)
  to   space 43520K, 0% used [0x0000000762f80000,0x0000000762f80000,0x0000000765a00000)
 ParOldGen       total 699392K, used 43290K [0x0000000640000000, 0x000000066ab00000, 0x0000000740000000)
  object space 699392K, 6% used [0x0000000640000000,0x0000000642a46b78,0x000000066ab00000)
 Metaspace       used 26415K, capacity 26776K, committed 27136K, reserved 1073152K
  class space    used 3347K, capacity 3484K, committed 3584K, reserved 1048576K
}

Deoptimization events (10 events):
Event: 7.227 Thread 0x00007fd81f808800 Uncommon trap: reason=unstable_if action=reinterpret pc=0x00000001128fa2c8 method=org.objectweb.asm.MethodWriter.visitFrame(Lorg/objectweb/asm/Frame;)V @ 106
Event: 7.352 Thread 0x00007fd81f808800 Uncommon trap: reason=unloaded action=reinterpret pc=0x00000001126a4730 method=org.objectweb.asm.ClassReader.readConst(I[C)Ljava/lang/Object; @ 97
Event: 7.451 Thread 0x00007fd81f808800 Uncommon trap: reason=unstable_if action=reinterpret pc=0x00000001122fcf40 method=java.io.BufferedReader.readLine(Z)Ljava/lang/String; @ 160
Event: 7.489 Thread 0x00007fd81f808800 Uncommon trap: reason=unstable_if action=reinterpret pc=0x00000001124a9014 method=org.objectweb.asm.ByteVector.putUTF8(Ljava/lang/String;)Lorg/objectweb/asm/ByteVector; @ 98
Event: 7.490 Thread 0x00007fd81f808800 Uncommon trap: reason=unstable_if action=reinterpret pc=0x00000001120f783c method=org.spongepowered.asm.lib.ClassReader.readUtf(II[C)Ljava/lang/String; @ 41
Event: 7.506 Thread 0x00007fd81f808800 Uncommon trap: reason=unstable_if action=reinterpret pc=0x0000000112879d88 method=org.objectweb.asm.Type.getArgumentsAndReturnSizes(Ljava/lang/String;)I @ 118
Event: 7.870 Thread 0x00007fd81f808800 Uncommon trap: reason=unstable_if action=reinterpret pc=0x0000000112824764 method=org.objectweb.asm.tree.MethodNode.accept(Lorg/objectweb/asm/MethodVisitor;)V @ 386
Event: 7.871 Thread 0x00007fd81f808800 Uncommon trap: reason=unstable_if action=reinterpret pc=0x00000001129d5208 method=org.objectweb.asm.MethodWriter.getSize()I @ 651
Event: 7.871 Thread 0x00007fd81f808800 Uncommon trap: reason=unstable_if action=reinterpret pc=0x00000001129c8a74 method=org.objectweb.asm.MethodWriter.put(Lorg/objectweb/asm/ByteVector;)V @ 227
Event: 7.924 Thread 0x00007fd81f808800 Uncommon trap: reason=predicate action=maybe_recompile pc=0x00000001122e7b28 method=java.lang.String.regionMatches(ZILjava/lang/String;II)Z @ 63

Classes redefined (0 events):
No events

Internal exceptions (10 events):
Event: 2.872 Thread 0x00007fd81f808800 Exception <a 'java/lang/NullPointerException'> (0x000000074fa70b58) thrown at [/Users/tester/jenkins/workspace/zulu-platform-build@2/zulu-src.git/hotspot/src/share/vm/runtime/sharedRuntime.cpp, line 617]
Event: 2.872 Thread 0x00007fd81f808800 Implicit null exception at 0x00000001121efacc to 0x00000001121f0d90
Event: 2.872 Thread 0x00007fd81f808800 Exception <a 'java/lang/NullPointerException'> (0x000000074fa78d38) thrown at [/Users/tester/jenkins/workspace/zulu-platform-build@2/zulu-src.git/hotspot/src/share/vm/runtime/sharedRuntime.cpp, line 617]
Event: 3.029 Thread 0x00007fd81f808800 Exception <a 'java/lang/ArrayIndexOutOfBoundsException'> (0x0000000740af9870) thrown at [/Users/tester/jenkins/workspace/zulu-platform-build@2/zulu-src.git/hotspot/src/share/vm/runtime/sharedRuntime.cpp, line 617]
Event: 3.030 Thread 0x00007fd81f808800 Exception <a 'java/lang/ArrayIndexOutOfBoundsException'> (0x0000000740b047d0) thrown at [/Users/tester/jenkins/workspace/zulu-platform-build@2/zulu-src.git/hotspot/src/share/vm/runtime/sharedRuntime.cpp, line 617]
Event: 3.030 Thread 0x00007fd81f808800 Exception <a 'java/lang/ArrayIndexOutOfBoundsException'> (0x0000000740b125e8) thrown at [/Users/tester/jenkins/workspace/zulu-platform-build@2/zulu-src.git/hotspot/src/share/vm/runtime/sharedRuntime.cpp, line 617]
Event: 3.229 Thread 0x00007fd81f808800 Exception <a 'sun/nio/fs/UnixException'> (0x000000074383de88) thrown at [/Users/tester/jenkins/workspace/zulu-platform-build@2/zulu-src.git/hotspot/src/share/vm/prims/jni.cpp, line 709]
Event: 3.874 Thread 0x00007fd81f808800 Implicit null exception at 0x00000001126f4a18 to 0x00000001126f6741
Event: 6.232 Thread 0x00007fd81f808800 Exception <a 'java/io/FileNotFoundException'> (0x0000000744665f90) thrown at [/Users/tester/jenkins/workspace/zulu-platform-build@2/zulu-src.git/hotspot/src/share/vm/prims/jni.cpp, line 709]
Event: 6.232 Thread 0x00007fd81f808800 Exception <a 'java/io/FileNotFoundException'> (0x0000000744667f08) thrown at [/Users/tester/jenkins/workspace/zulu-platform-build@2/zulu-src.git/hotspot/src/share/vm/prims/jni.cpp, line 709]

Events (10 events):
Event: 7.944 loading class org/lwjgl/opengl/ContextGL done
Event: 7.945 Thread 0x00007fd821015800 flushing nmethod 0x0000000111f28990
Event: 7.945 loading class org/lwjgl/opengl/ContextImplementation
Event: 7.945 loading class org/lwjgl/opengl/ContextImplementation done
Event: 7.945 loading class org/lwjgl/opengl/MacOSXContextImplementation
Event: 7.945 loading class org/lwjgl/opengl/MacOSXContextImplementation done
Event: 7.946 loading class org/lwjgl/opengl/GLContext
Event: 7.946 loading class org/lwjgl/opengl/GLContext done
Event: 7.947 loading class org/lwjgl/opengl/GLContext$CapabilitiesCacheEntry
Event: 7.947 loading class org/lwjgl/opengl/GLContext$CapabilitiesCacheEntry done


Dynamic libraries:
0x00007fff33fee000 	/System/Library/Frameworks/Cocoa.framework/Versions/A/Cocoa
0x00007fff417e5000 	/System/Library/Frameworks/Security.framework/Versions/A/Security
0x00007fff32f53000 	/System/Library/Frameworks/ApplicationServices.framework/Versions/A/ApplicationServices
0x00007fff6e4e9000 	/usr/lib/libz.1.dylib
0x00007fff6bfad000 	/usr/lib/libSystem.B.dylib
0x00007fff34e90000 	/System/Library/Frameworks/CoreFoundation.framework/Versions/A/CoreFoundation
0x00007fff3754d000 	/System/Library/Frameworks/Foundation.framework/Versions/C/Foundation
0x00007fff6de0d000 	/usr/lib/libobjc.A.dylib
0x00007fff32143000 	/System/Library/Frameworks/AppKit.framework/Versions/C/AppKit
0x00007fff34972000 	/System/Library/Frameworks/CoreData.framework/Versions/A/CoreData
0x00007fff65fc2000 	/System/Library/PrivateFrameworks/UIFoundation.framework/Versions/A/UIFoundation
0x00007fff61056000 	/System/Library/PrivateFrameworks/RemoteViewServices.framework/Versions/A/RemoteViewServices
0x00007fff68b1d000 	/System/Library/PrivateFrameworks/XCTTargetBootstrap.framework/Versions/A/XCTTargetBootstrap
0x00007fff34d5d000 	/System/Library/Frameworks/CoreDisplay.framework/Versions/A/CoreDisplay
0x00007fff3a408000 	/System/Library/Frameworks/Metal.framework/Versions/A/Metal
0x00007fff4f001000 	/System/Library/PrivateFrameworks/DesktopServicesPriv.framework/Versions/A/DesktopServicesPriv
0x00007fff6d0e8000 	/usr/lib/liblangid.dylib
0x00007fff4e296000 	/System/Library/PrivateFrameworks/CoreSVG.framework/Versions/A/CoreSVG
0x00007fff641b2000 	/System/Library/PrivateFrameworks/SkyLight.framework/Versions/A/SkyLight
0x00007fff35311000 	/System/Library/Frameworks/CoreGraphics.framework/Versions/A/CoreGraphics
0x00007fff30b17000 	/System/Library/Frameworks/Accelerate.framework/Versions/A/Accelerate
0x00007fff6e3da000 	/usr/lib/libxml2.2.dylib
0x00007fff59f9f000 	/System/Library/PrivateFrameworks/IconServices.framework/Versions/A/IconServices
0x00007fff37d2c000 	/System/Library/Frameworks/IOSurface.framework/Versions/A/IOSurface
0x00007fff6bad7000 	/usr/lib/libDiagnosticMessagesClient.dylib
0x00007fff4ee5b000 	/System/Library/PrivateFrameworks/DFRFoundation.framework/Versions/A/DFRFoundation
0x00007fff6ce77000 	/usr/lib/libicucore.A.dylib
0x00007fff33285000 	/System/Library/Frameworks/AudioToolbox.framework/Versions/A/AudioToolbox
0x00007fff33368000 	/System/Library/Frameworks/AudioUnit.framework/Versions/A/AudioUnit
0x00007fff6c1af000 	/usr/lib/libauto.dylib
0x00007fff4eefd000 	/System/Library/PrivateFrameworks/DataDetectorsCore.framework/Versions/A/DataDetectorsCore
0x00007fff33b0f000 	/System/Library/Frameworks/Carbon.framework/Versions/A/Frameworks/HIToolbox.framework/Versions/A/HIToolbox
0x00007fff409e1000 	/System/Library/Frameworks/QuartzCore.framework/Versions/A/QuartzCore
0x00007fff33e4e000 	/System/Library/Frameworks/Carbon.framework/Versions/A/Frameworks/SpeechRecognition.framework/Versions/A/SpeechRecognition
0x00007fff4e96f000 	/System/Library/PrivateFrameworks/CoreUI.framework/Versions/A/CoreUI
0x00007fff343dd000 	/System/Library/Frameworks/CoreAudio.framework/Versions/A/CoreAudio
0x00007fff3720c000 	/System/Library/Frameworks/DiskArbitration.framework/Versions/A/DiskArbitration
0x00007fff5c031000 	/System/Library/PrivateFrameworks/MultitouchSupport.framework/Versions/A/MultitouchSupport
0x00007fff6cd3e000 	/usr/lib/libenergytrace.dylib
0x00007fff37c86000 	/System/Library/Frameworks/IOKit.framework/Versions/A/IOKit
0x00007fff36278000 	/System/Library/Frameworks/CoreServices.framework/Versions/A/CoreServices
0x00007fff5e1e9000 	/System/Library/PrivateFrameworks/PerformanceAnalysis.framework/Versions/A/PerformanceAnalysis
0x00007fff3fa14000 	/System/Library/Frameworks/OpenGL.framework/Versions/A/OpenGL
0x00007fff33ffc000 	/System/Library/Frameworks/ColorSync.framework/Versions/A/ColorSync
0x00007fff35994000 	/System/Library/Frameworks/CoreImage.framework/Versions/A/CoreImage
0x00007fff36ceb000 	/System/Library/Frameworks/CoreText.framework/Versions/A/CoreText
0x00007fff37dbc000 	/System/Library/Frameworks/ImageIO.framework/Versions/A/ImageIO
0x00007fff6c293000 	/usr/lib/libc++.1.dylib
0x00007fff6c30f000 	/usr/lib/libcompression.dylib
0x00007fff6be1b000 	/usr/lib/libMobileGestalt.dylib
0x00007fff65d2c000 	/System/Library/PrivateFrameworks/TextureIO.framework/Versions/A/TextureIO
0x00007fff6c112000 	/usr/lib/libate.dylib
0x00007fff5a1a8000 	/System/Library/PrivateFrameworks/InternationalSupport.framework/Versions/A/InternationalSupport
0x00007fff6edaa000 	/usr/lib/system/libcache.dylib
0x00007fff6edb0000 	/usr/lib/system/libcommonCrypto.dylib
0x00007fff6edbc000 	/usr/lib/system/libcompiler_rt.dylib
0x00007fff6edc4000 	/usr/lib/system/libcopyfile.dylib
0x00007fff6edce000 	/usr/lib/system/libcorecrypto.dylib
0x00007fff6ef6d000 	/usr/lib/system/libdispatch.dylib
0x00007fff6efae000 	/usr/lib/system/libdyld.dylib
0x00007fff6efe5000 	/usr/lib/system/libkeymgr.dylib
0x00007fff6eff3000 	/usr/lib/system/liblaunch.dylib
0x00007fff6eff4000 	/usr/lib/system/libmacho.dylib
0x00007fff6effa000 	/usr/lib/system/libquarantine.dylib
0x00007fff6effd000 	/usr/lib/system/libremovefile.dylib
0x00007fff6efff000 	/usr/lib/system/libsystem_asl.dylib
0x00007fff6f017000 	/usr/lib/system/libsystem_blocks.dylib
0x00007fff6f018000 	/usr/lib/system/libsystem_c.dylib
0x00007fff6f0a0000 	/usr/lib/system/libsystem_configuration.dylib
0x00007fff6f0a4000 	/usr/lib/system/libsystem_coreservices.dylib
0x00007fff6f0a8000 	/usr/lib/system/libsystem_darwin.dylib
0x00007fff6f0b1000 	/usr/lib/system/libsystem_dnssd.dylib
0x00007fff6f0b9000 	/usr/lib/system/libsystem_featureflags.dylib
0x00007fff6f0bb000 	/usr/lib/system/libsystem_info.dylib
0x00007fff6f136000 	/usr/lib/system/libsystem_m.dylib
0x00007fff6f17e000 	/usr/lib/system/libsystem_malloc.dylib
0x00007fff6f1a6000 	/usr/lib/system/libsystem_networkextension.dylib
0x00007fff6f1b4000 	/usr/lib/system/libsystem_notify.dylib
0x00007fff6f1d2000 	/usr/lib/system/libsystem_sandbox.dylib
0x00007fff6f1d7000 	/usr/lib/system/libsystem_secinit.dylib
0x00007fff6f109000 	/usr/lib/system/libsystem_kernel.dylib
0x00007fff6f1be000 	/usr/lib/system/libsystem_platform.dylib
0x00007fff6f1c7000 	/usr/lib/system/libsystem_pthread.dylib
0x00007fff6f1da000 	/usr/lib/system/libsystem_symptoms.dylib
0x00007fff6f1e2000 	/usr/lib/system/libsystem_trace.dylib
0x00007fff6f1fa000 	/usr/lib/system/libunwind.dylib
0x00007fff6f200000 	/usr/lib/system/libxpc.dylib
0x00007fff6c2e6000 	/usr/lib/libc++abi.dylib
0x00007fff6d0ea000 	/usr/lib/liblzma.5.dylib
0x00007fff6cd65000 	/usr/lib/libfakelink.dylib
0x00007fff6c09f000 	/usr/lib/libarchive.2.dylib
0x00007fff42896000 	/System/Library/Frameworks/SystemConfiguration.framework/Versions/A/SystemConfiguration
0x00007fff6ba0a000 	/usr/lib/libCRFSuite.dylib
0x00007fff336ff000 	/System/Library/Frameworks/CFNetwork.framework/Versions/A/CFNetwork
0x00007fff6c275000 	/usr/lib/libbsm.0.dylib
0x00007fff6efe6000 	/usr/lib/system/libkxld.dylib
0x00007fff487d8000 	/System/Library/PrivateFrameworks/AppleFSCompression.framework/Versions/A/AppleFSCompression
0x00007fff6c600000 	/usr/lib/libcoretls.dylib
0x00007fff6c617000 	/usr/lib/libcoretls_cfhelpers.dylib
0x00007fff6de53000 	/usr/lib/libpam.2.dylib
0x00007fff6df88000 	/usr/lib/libsqlite3.dylib
0x00007fff6e3c7000 	/usr/lib/libxar.1.dylib
0x00007fff6c286000 	/usr/lib/libbz2.1.0.dylib
0x00007fff6cd86000 	/usr/lib/libiconv.2.dylib
0x00007fff6c2fc000 	/usr/lib/libcharset.1.dylib
0x00007fff6d8f0000 	/usr/lib/libnetwork.dylib
0x00007fff6de5a000 	/usr/lib/libpcap.A.dylib
0x00007fff6c054000 	/usr/lib/libapple_nghttp2.dylib
0x00007fff3662f000 	/System/Library/Frameworks/CoreServices.framework/Versions/A/Frameworks/FSEvents.framework/Versions/A/FSEvents
0x00007fff362ff000 	/System/Library/Frameworks/CoreServices.framework/Versions/A/Frameworks/CarbonCore.framework/Versions/A/CarbonCore
0x00007fff36873000 	/System/Library/Frameworks/CoreServices.framework/Versions/A/Frameworks/Metadata.framework/Versions/A/Metadata
0x00007fff3690c000 	/System/Library/Frameworks/CoreServices.framework/Versions/A/Frameworks/OSServices.framework/Versions/A/OSServices
0x00007fff3693a000 	/System/Library/Frameworks/CoreServices.framework/Versions/A/Frameworks/SearchKit.framework/Versions/A/SearchKit
0x00007fff36279000 	/System/Library/Frameworks/CoreServices.framework/Versions/A/Frameworks/AE.framework/Versions/A/AE
0x00007fff36638000 	/System/Library/Frameworks/CoreServices.framework/Versions/A/Frameworks/LaunchServices.framework/Versions/A/LaunchServices
0x00007fff365e1000 	/System/Library/Frameworks/CoreServices.framework/Versions/A/Frameworks/DictionaryServices.framework/Versions/A/DictionaryServices
0x00007fff369a2000 	/System/Library/Frameworks/CoreServices.framework/Versions/A/Frameworks/SharedFileList.framework/Versions/A/SharedFileList
0x00007fff3b833000 	/System/Library/Frameworks/NetFS.framework/Versions/A/NetFS
0x00007fff5c561000 	/System/Library/PrivateFrameworks/NetAuth.framework/Versions/A/NetAuth
0x00007fff68eea000 	/System/Library/PrivateFrameworks/login.framework/Versions/A/Frameworks/loginsupport.framework/Versions/A/loginsupport
0x00007fff657f7000 	/System/Library/PrivateFrameworks/TCC.framework/Versions/A/TCC
0x00007fff4d409000 	/System/Library/PrivateFrameworks/CoreNLP.framework/Versions/A/CoreNLP
0x00007fff5ba1c000 	/System/Library/PrivateFrameworks/MetadataUtilities.framework/Versions/A/MetadataUtilities
0x00007fff6d1c2000 	/usr/lib/libmecabra.dylib
0x00007fff6d11a000 	/usr/lib/libmecab.dylib
0x00007fff6cd76000 	/usr/lib/libgermantok.dylib
0x00007fff6c03b000 	/usr/lib/libThaiTokenizer.dylib
0x00007fff6ba41000 	/usr/lib/libChineseTokenizer.dylib
0x00007fff30b2f000 	/System/Library/Frameworks/Accelerate.framework/Versions/A/Frameworks/vImage.framework/Versions/A/vImage
0x00007fff31f99000 	/System/Library/Frameworks/Accelerate.framework/Versions/A/Frameworks/vecLib.framework/Versions/A/vecLib
0x00007fff31ed6000 	/System/Library/Frameworks/Accelerate.framework/Versions/A/Frameworks/vecLib.framework/Versions/A/libvMisc.dylib
0x00007fff31cfe000 	/System/Library/Frameworks/Accelerate.framework/Versions/A/Frameworks/vecLib.framework/Versions/A/libvDSP.dylib
0x00007fff31186000 	/System/Library/Frameworks/Accelerate.framework/Versions/A/Frameworks/vecLib.framework/Versions/A/libBLAS.dylib
0x00007fff318c2000 	/System/Library/Frameworks/Accelerate.framework/Versions/A/Frameworks/vecLib.framework/Versions/A/libLAPACK.dylib
0x00007fff31c5e000 	/System/Library/Frameworks/Accelerate.framework/Versions/A/Frameworks/vecLib.framework/Versions/A/libLinearAlgebra.dylib
0x00007fff31ceb000 	/System/Library/Frameworks/Accelerate.framework/Versions/A/Frameworks/vecLib.framework/Versions/A/libSparseBLAS.dylib
0x00007fff31c74000 	/System/Library/Frameworks/Accelerate.framework/Versions/A/Frameworks/vecLib.framework/Versions/A/libQuadrature.dylib
0x00007fff313ee000 	/System/Library/Frameworks/Accelerate.framework/Versions/A/Frameworks/vecLib.framework/Versions/A/libBNNS.dylib
0x00007fff31c7a000 	/System/Library/Frameworks/Accelerate.framework/Versions/A/Frameworks/vecLib.framework/Versions/A/libSparse.dylib
0x00007fff5a590000 	/System/Library/PrivateFrameworks/LanguageModeling.framework/Versions/A/LanguageModeling
0x00007fff4cdb9000 	/System/Library/PrivateFrameworks/CoreEmoji.framework/Versions/A/CoreEmoji
0x00007fff5a6ae000 	/System/Library/PrivateFrameworks/LinguisticData.framework/Versions/A/LinguisticData
0x00007fff5a65f000 	/System/Library/PrivateFrameworks/Lexicon.framework/Versions/A/Lexicon
0x00007fff6c2fd000 	/usr/lib/libcmph.dylib
0x00007fff3e422000 	/System/Library/Frameworks/OpenDirectory.framework/Versions/A/Frameworks/CFOpenDirectory.framework/Versions/A/CFOpenDirectory
0x00007fff3e43f000 	/System/Library/Frameworks/OpenDirectory.framework/Versions/A/OpenDirectory
0x00007fff46880000 	/System/Library/PrivateFrameworks/APFS.framework/Versions/A/APFS
0x00007fff41b2f000 	/System/Library/Frameworks/SecurityFoundation.framework/Versions/A/SecurityFoundation
0x00007fff6e3c3000 	/usr/lib/libutil.dylib
0x00007fff4e2ee000 	/System/Library/PrivateFrameworks/CoreServicesStore.framework/Versions/A/CoreServicesStore
0x00007fff41be6000 	/System/Library/Frameworks/ServiceManagement.framework/Versions/A/ServiceManagement
0x00007fff49fa8000 	/System/Library/PrivateFrameworks/BackgroundTaskManagement.framework/Versions/A/BackgroundTaskManagement
0x00007fff6e4c0000 	/usr/lib/libxslt.1.dylib
0x00007fff48e4b000 	/System/Library/PrivateFrameworks/AppleSystemInfo.framework/Versions/A/AppleSystemInfo
0x00007fff37fd7000 	/System/Library/Frameworks/ImageIO.framework/Versions/A/Resources/libJPEG.dylib
0x00007fff38296000 	/System/Library/Frameworks/ImageIO.framework/Versions/A/Resources/libTIFF.dylib
0x00007fff38279000 	/System/Library/Frameworks/ImageIO.framework/Versions/A/Resources/libPng.dylib
0x00007fff37f19000 	/System/Library/Frameworks/ImageIO.framework/Versions/A/Resources/libGIF.dylib
0x00007fff37f1d000 	/System/Library/Frameworks/ImageIO.framework/Versions/A/Resources/libJP2.dylib
0x00007fff38294000 	/System/Library/Frameworks/ImageIO.framework/Versions/A/Resources/libRadiance.dylib
0x00007fff6cd3f000 	/usr/lib/libexpat.1.dylib
0x00007fff48933000 	/System/Library/PrivateFrameworks/AppleJPEG.framework/Versions/A/AppleJPEG
0x00007fff51604000 	/System/Library/PrivateFrameworks/FontServices.framework/libFontParser.dylib
0x00007fff67eec000 	/System/Library/PrivateFrameworks/WatchdogClient.framework/Versions/A/WatchdogClient
0x00007fff59beb000 	/System/Library/PrivateFrameworks/IOAccelerator.framework/Versions/A/IOAccelerator
0x00007fff3a7a3000 	/System/Library/Frameworks/MetalPerformanceShaders.framework/Versions/A/MetalPerformanceShaders
0x00007fff56381000 	/System/Library/PrivateFrameworks/GPUWrangler.framework/Versions/A/GPUWrangler
0x00007fff59c00000 	/System/Library/PrivateFrameworks/IOPresentment.framework/Versions/A/IOPresentment
0x00007fff4ee6e000 	/System/Library/PrivateFrameworks/DSExternalDisplay.framework/Versions/A/DSExternalDisplay
0x00007fff3edb3000 	/System/Library/Frameworks/OpenGL.framework/Versions/A/Libraries/libCoreFSCache.dylib
0x00007fff3a4ef000 	/System/Library/Frameworks/MetalPerformanceShaders.framework/Frameworks/MPSCore.framework/Versions/A/MPSCore
0x00007fff3a52d000 	/System/Library/Frameworks/MetalPerformanceShaders.framework/Frameworks/MPSImage.framework/Versions/A/MPSImage
0x00007fff3a5f4000 	/System/Library/Frameworks/MetalPerformanceShaders.framework/Frameworks/MPSNeuralNetwork.framework/Versions/A/MPSNeuralNetwork
0x00007fff3a5b8000 	/System/Library/Frameworks/MetalPerformanceShaders.framework/Frameworks/MPSMatrix.framework/Versions/A/MPSMatrix
0x00007fff3a753000 	/System/Library/Frameworks/MetalPerformanceShaders.framework/Frameworks/MPSRayIntersector.framework/Versions/A/MPSRayIntersector
0x00007fff3a5de000 	/System/Library/Frameworks/MetalPerformanceShaders.framework/Frameworks/MPSNDArray.framework/Versions/A/MPSNDArray
0x00007fff5ba69000 	/System/Library/PrivateFrameworks/MetalTools.framework/Versions/A/MetalTools
0x00007fff47a5a000 	/System/Library/PrivateFrameworks/AggregateDictionary.framework/Versions/A/AggregateDictionary
0x00007fff4c801000 	/System/Library/PrivateFrameworks/CoreAnalytics.framework/Versions/A/CoreAnalytics
0x00007fff48d6a000 	/System/Library/PrivateFrameworks/AppleSauce.framework/Versions/A/AppleSauce
0x00007fff6bcfd000 	/usr/lib/libIOReport.dylib
0x00007fff36ea3000 	/System/Library/Frameworks/CoreVideo.framework/Versions/A/CoreVideo
0x00007fff577fa000 	/System/Library/PrivateFrameworks/GraphVisualizer.framework/Versions/A/GraphVisualizer
0x00007fff50b4a000 	/System/Library/PrivateFrameworks/FaceCore.framework/Versions/A/FaceCore
0x00007fff3e3c9000 	/System/Library/Frameworks/OpenCL.framework/Versions/A/OpenCL
0x00007fff6bb1f000 	/usr/lib/libFosl_dynamic.dylib
0x00007fff5cf81000 	/System/Library/PrivateFrameworks/OTSVG.framework/Versions/A/OTSVG
0x00007fff33058000 	/System/Library/Frameworks/ApplicationServices.framework/Versions/A/Frameworks/ATS.framework/Versions/A/Resources/libFontRegistry.dylib
0x00007fff517d5000 	/System/Library/PrivateFrameworks/FontServices.framework/libhvf.dylib
0x00007fff3edbe000 	/System/Library/Frameworks/OpenGL.framework/Versions/A/Libraries/libGFXShared.dylib
0x00007fff3ef9c000 	/System/Library/Frameworks/OpenGL.framework/Versions/A/Libraries/libGLU.dylib
0x00007fff3edc7000 	/System/Library/Frameworks/OpenGL.framework/Versions/A/Libraries/libGL.dylib
0x00007fff3edd2000 	/System/Library/Frameworks/OpenGL.framework/Versions/A/Libraries/libGLImage.dylib
0x00007fff3edb0000 	/System/Library/Frameworks/OpenGL.framework/Versions/A/Libraries/libCVMSPluginSupport.dylib
0x00007fff3edb9000 	/System/Library/Frameworks/OpenGL.framework/Versions/A/Libraries/libCoreVMClient.dylib
0x00007fff6d791000 	/usr/lib/libncurses.5.4.dylib
0x00007fff32f54000 	/System/Library/Frameworks/ApplicationServices.framework/Versions/A/Frameworks/ATS.framework/Versions/A/ATS
0x00007fff33121000 	/System/Library/Frameworks/ApplicationServices.framework/Versions/A/Frameworks/ColorSyncLegacy.framework/Versions/A/ColorSyncLegacy
0x00007fff331bf000 	/System/Library/Frameworks/ApplicationServices.framework/Versions/A/Frameworks/HIServices.framework/Versions/A/HIServices
0x00007fff33217000 	/System/Library/Frameworks/ApplicationServices.framework/Versions/A/Frameworks/LangAnalysis.framework/Versions/A/LangAnalysis
0x00007fff33226000 	/System/Library/Frameworks/ApplicationServices.framework/Versions/A/Frameworks/PrintCore.framework/Versions/A/PrintCore
0x00007fff3326c000 	/System/Library/Frameworks/ApplicationServices.framework/Versions/A/Frameworks/QD.framework/Versions/A/QD
0x00007fff33277000 	/System/Library/Frameworks/ApplicationServices.framework/Versions/A/Frameworks/SpeechSynthesis.framework/Versions/A/SpeechSynthesis
0x00007fff330f1000 	/System/Library/Frameworks/ApplicationServices.framework/Versions/A/Frameworks/ATSUI.framework/Versions/A/ATSUI
0x00007fff6cbd5000 	/usr/lib/libcups.2.dylib
0x00007fff3983e000 	/System/Library/Frameworks/Kerberos.framework/Versions/A/Kerberos
0x00007fff3797f000 	/System/Library/Frameworks/GSS.framework/Versions/A/GSS
0x00007fff6df14000 	/usr/lib/libresolv.9.dylib
0x00007fff579a7000 	/System/Library/PrivateFrameworks/Heimdal.framework/Versions/A/Heimdal
0x00007fff39851000 	/System/Library/Frameworks/Kerberos.framework/Versions/A/Libraries/libHeimdalProxy.dylib
0x00007fff6cd7c000 	/usr/lib/libheimdal-asn1.dylib
0x00007fff4bc99000 	/System/Library/PrivateFrameworks/CommonAuth.framework/Versions/A/CommonAuth
0x00007fff48ee8000 	/System/Library/PrivateFrameworks/AssertionServices.framework/Versions/A/AssertionServices
0x00007fff49a8b000 	/System/Library/PrivateFrameworks/AudioToolboxCore.framework/Versions/A/AudioToolboxCore
0x00007fff68b9a000 	/System/Library/PrivateFrameworks/caulk.framework/Versions/A/caulk
0x00007fff4a054000 	/System/Library/PrivateFrameworks/BaseBoard.framework/Versions/A/BaseBoard
0x00007fff611e4000 	/System/Library/PrivateFrameworks/RunningBoardServices.framework/Versions/A/RunningBoardServices
0x00007fff5e1f5000 	/System/Library/PrivateFrameworks/PersistentConnection.framework/Versions/A/PersistentConnection
0x00007fff60bdd000 	/System/Library/PrivateFrameworks/ProtocolBuffer.framework/Versions/A/ProtocolBuffer
0x00007fff4bcbd000 	/System/Library/PrivateFrameworks/CommonUtilities.framework/Versions/A/CommonUtilities
0x00007fff4a1e2000 	/System/Library/PrivateFrameworks/Bom.framework/Versions/A/Bom
0x00007fff6b9d0000 	/usr/lib/libAudioToolboxUtility.dylib
0x00007fff49fb2000 	/System/Library/PrivateFrameworks/Backup.framework/Versions/A/Backup
0x00007fff4ed8f000 	/System/Library/PrivateFrameworks/CrashReporterSupport.framework/Versions/A/CrashReporterSupport
0x00007fff62c76000 	/System/Library/PrivateFrameworks/Sharing.framework/Versions/A/Sharing
0x00007fff484f6000 	/System/Library/PrivateFrameworks/Apple80211.framework/Versions/A/Apple80211
0x00007fff49ccf000 	/System/Library/PrivateFrameworks/AuthKit.framework/Versions/A/AuthKit
0x00007fff4ea9c000 	/System/Library/PrivateFrameworks/CoreUtils.framework/Versions/A/CoreUtils
0x00007fff36ee8000 	/System/Library/Frameworks/CoreWLAN.framework/Versions/A/CoreWLAN
0x00007fff37b0c000 	/System/Library/Frameworks/IOBluetooth.framework/Versions/A/IOBluetooth
0x00007fff5bdb0000 	/System/Library/PrivateFrameworks/MobileKeyBag.framework/Versions/A/MobileKeyBag
0x00007fff4d8a1000 	/System/Library/PrivateFrameworks/CorePhoneNumbers.framework/Versions/A/CorePhoneNumbers
0x00007fff488e6000 	/System/Library/PrivateFrameworks/AppleIDAuthSupport.framework/Versions/A/AppleIDAuthSupport
0x00007fff3b840000 	/System/Library/Frameworks/Network.framework/Versions/A/Network
0x00007fff5a43c000 	/System/Library/PrivateFrameworks/KeychainCircle.framework/Versions/A/KeychainCircle
0x00007fff34939000 	/System/Library/Frameworks/CoreBluetooth.framework/Versions/A/CoreBluetooth
0x00007fff64cf5000 	/System/Library/PrivateFrameworks/SpeechRecognitionCore.framework/Versions/A/SpeechRecognitionCore
0x0000000110000000 	/Users/rafadazdoit/.gradle/jdks/azul_systems__inc_-8-x86_64-os_x/zulu8.68.0.21-ca-jdk8.0.362-macosx_x64/zulu-8.jdk/Contents/Home/jre/lib/server/libjvm.dylib
0x000000010ee29000 	/Users/rafadazdoit/.gradle/jdks/azul_systems__inc_-8-x86_64-os_x/zulu8.68.0.21-ca-jdk8.0.362-macosx_x64/zulu-8.jdk/Contents/Home/jre/lib/libverify.dylib
0x000000010ee3a000 	/Users/rafadazdoit/.gradle/jdks/azul_systems__inc_-8-x86_64-os_x/zulu8.68.0.21-ca-jdk8.0.362-macosx_x64/zulu-8.jdk/Contents/Home/jre/lib/libjava.dylib
0x000000010eec7000 	/Users/rafadazdoit/.gradle/jdks/azul_systems__inc_-8-x86_64-os_x/zulu8.68.0.21-ca-jdk8.0.362-macosx_x64/zulu-8.jdk/Contents/Home/jre/lib/libzip.dylib
0x000000010ef87000 	/Users/rafadazdoit/.gradle/jdks/azul_systems__inc_-8-x86_64-os_x/zulu8.68.0.21-ca-jdk8.0.362-macosx_x64/zulu-8.jdk/Contents/Home/jre/lib/libnio.dylib
0x000000010ef9f000 	/Users/rafadazdoit/.gradle/jdks/azul_systems__inc_-8-x86_64-os_x/zulu8.68.0.21-ca-jdk8.0.362-macosx_x64/zulu-8.jdk/Contents/Home/jre/lib/libnet.dylib
0x0000000130c03000 	/Users/rafadazdoit/.gradle/jdks/azul_systems__inc_-8-x86_64-os_x/zulu8.68.0.21-ca-jdk8.0.362-macosx_x64/zulu-8.jdk/Contents/Home/jre/lib/libmanagement.dylib
0x000000013183b000 	/Users/rafadazdoit/.gradle/jdks/azul_systems__inc_-8-x86_64-os_x/zulu8.68.0.21-ca-jdk8.0.362-macosx_x64/zulu-8.jdk/Contents/Home/jre/lib/libawt.dylib
0x00000001318f1000 	/Users/rafadazdoit/.gradle/jdks/azul_systems__inc_-8-x86_64-os_x/zulu8.68.0.21-ca-jdk8.0.362-macosx_x64/zulu-8.jdk/Contents/Home/jre/lib/libmlib_image.dylib
0x00007fff39828000 	/System/Library/Frameworks/JavaVM.framework/Versions/A/Frameworks/JavaNativeFoundation.framework/Versions/A/JavaNativeFoundation
0x00007fff39831000 	/System/Library/Frameworks/JavaVM.framework/Versions/A/Frameworks/JavaRuntimeSupport.framework/Versions/A/JavaRuntimeSupport
0x00007fff39839000 	/System/Library/Frameworks/JavaVM.framework/Versions/A/JavaVM
0x00007fff5a253000 	/System/Library/PrivateFrameworks/JavaLaunching.framework/Versions/A/JavaLaunching
0x00007fff33b0a000 	/System/Library/Frameworks/Carbon.framework/Versions/A/Carbon
0x00007fff4e841000 	/System/Library/PrivateFrameworks/CoreSymbolication.framework/Versions/A/CoreSymbolication
0x00007fff33b0b000 	/System/Library/Frameworks/Carbon.framework/Versions/A/Frameworks/CommonPanels.framework/Versions/A/CommonPanels
0x00007fff33e04000 	/System/Library/Frameworks/Carbon.framework/Versions/A/Frameworks/Help.framework/Versions/A/Help
0x00007fff33e08000 	/System/Library/Frameworks/Carbon.framework/Versions/A/Frameworks/ImageCapture.framework/Versions/A/ImageCapture
0x00007fff33e0f000 	/System/Library/Frameworks/Carbon.framework/Versions/A/Frameworks/OpenScripting.framework/Versions/A/OpenScripting
0x00007fff33e0e000 	/System/Library/Frameworks/Carbon.framework/Versions/A/Frameworks/Ink.framework/Versions/A/Ink
0x00007fff33e4a000 	/System/Library/Frameworks/Carbon.framework/Versions/A/Frameworks/Print.framework/Versions/A/Print
0x00007fff33e4b000 	/System/Library/Frameworks/Carbon.framework/Versions/A/Frameworks/SecurityHI.framework/Versions/A/SecurityHI
0x00007fff4efc3000 	/System/Library/PrivateFrameworks/DebugSymbols.framework/Versions/A/DebugSymbols
0x00000001319b3000 	/Users/rafadazdoit/.gradle/jdks/azul_systems__inc_-8-x86_64-os_x/zulu8.68.0.21-ca-jdk8.0.362-macosx_x64/zulu-8.jdk/Contents/Home/jre/lib/libawt_lwawt.dylib
0x0000000131a8a000 	/Users/rafadazdoit/.gradle/jdks/azul_systems__inc_-8-x86_64-os_x/zulu8.68.0.21-ca-jdk8.0.362-macosx_x64/zulu-8.jdk/Contents/Home/jre/lib/libosxapp.dylib
0x00007fff373e8000 	/System/Library/Frameworks/ExceptionHandling.framework/Versions/A/ExceptionHandling
0x00007fff4e2ba000 	/System/Library/PrivateFrameworks/CoreServicesInternal.framework/Versions/A/CoreServicesInternal
0x00007fff37407000 	/System/Library/Frameworks/FileProvider.framework/Versions/A/FileProvider
0x00007fff31f9a000 	/System/Library/Frameworks/Accounts.framework/Versions/A/Accounts
0x00007fff566a6000 	/System/Library/PrivateFrameworks/GenerationalStorage.framework/Versions/A/GenerationalStorage
0x00007fff65537000 	/System/Library/PrivateFrameworks/SymptomDiagnosticReporter.framework/Versions/A/SymptomDiagnosticReporter
0x00007fff47ffa000 	/System/Library/PrivateFrameworks/AppContainer.framework/Versions/A/AppContainer
0x00007fff6df2e000 	/usr/lib/libsandbox.1.dylib
0x00007fff66e90000 	/System/Library/PrivateFrameworks/UserManagement.framework/Versions/A/UserManagement
0x00007fff4ad9e000 	/System/Library/PrivateFrameworks/ChunkingLibrary.framework/Versions/A/ChunkingLibrary
0x00007fff4806c000 	/System/Library/PrivateFrameworks/AppSandbox.framework/Versions/A/AppSandbox
0x00007fff62b00000 	/System/Library/PrivateFrameworks/SecCodeWrapper.framework/Versions/A/SecCodeWrapper
0x00007fff6bde5000 	/usr/lib/libMatch.1.dylib
0x00007fff27f82000 	/System/Library/CoreServices/RawCamera.bundle/Contents/MacOS/RawCamera
0x00007fff5bb98000 	/System/Library/PrivateFrameworks/MobileAsset.framework/Versions/A/MobileAsset
0x00007fff653df000 	/System/Library/PrivateFrameworks/StreamingZip.framework/Versions/A/StreamingZip
0x00007fff39cb9000 	/System/Library/Frameworks/MediaToolbox.framework/Versions/A/MediaToolbox
0x00007fff4c7b1000 	/System/Library/PrivateFrameworks/CoreAVCHD.framework/Versions/A/CoreAVCHD
0x00007fff39be3000 	/System/Library/Frameworks/MediaAccessibility.framework/Versions/A/MediaAccessibility
0x00007fff5af4c000 	/System/Library/PrivateFrameworks/Mangrove.framework/Versions/A/Mangrove
0x00007fff360b0000 	/System/Library/Frameworks/CoreMedia.framework/Versions/A/CoreMedia
0x00007fff5b1b8000 	/System/Library/PrivateFrameworks/MediaExperience.framework/Versions/A/MediaExperience
0x00007fff42b90000 	/System/Library/Frameworks/VideoToolbox.framework/Versions/A/VideoToolbox
0x00007fff4c3db000 	/System/Library/PrivateFrameworks/CoreAUC.framework/Versions/A/CoreAUC
0x00007fff6df86000 	/usr/lib/libspindump.dylib
0x00007fff4943a000 	/System/Library/PrivateFrameworks/AudioResourceArbitration.framework/Versions/A/AudioResourceArbitration
0x00007fff48e4f000 	/System/Library/PrivateFrameworks/AppleVA.framework/Versions/A/AppleVA
0x00007fff30b18000 	/System/Library/Frameworks/Accelerate.framework/Versions/A/Frameworks/vImage.framework/Versions/A/Libraries/libCGInterfaces.dylib
0x00000001339cf000 	/usr/lib/libobjc-trampolines.dylib
0x00007fff5173c000 	/System/Library/PrivateFrameworks/FontServices.framework/libTrueTypeScaler.dylib
0x00007fff2c3e7000 	/System/Library/Extensions/AppleIntelICLGraphicsMTLDriver.bundle/Contents/MacOS/AppleIntelICLGraphicsMTLDriver
0x00007fff54cc6000 	/System/Library/PrivateFrameworks/GPUCompiler.framework/Versions/3902/Libraries/libmetal_timestamp.dylib
0x00007fff67c5c000 	/System/Library/PrivateFrameworks/ViewBridge.framework/Versions/A/ViewBridge
0x00007fff68eed000 	/System/Library/PrivateFrameworks/login.framework/Versions/A/login
0x0000000134df7000 	/Users/rafadazdoit/.gradle/jdks/azul_systems__inc_-8-x86_64-os_x/zulu8.68.0.21-ca-jdk8.0.362-macosx_x64/zulu-8.jdk/Contents/Home/jre/lib/libfontmanager.dylib
0x0000000134e78000 	/Users/rafadazdoit/.gradle/jdks/azul_systems__inc_-8-x86_64-os_x/zulu8.68.0.21-ca-jdk8.0.362-macosx_x64/zulu-8.jdk/Contents/Home/jre/lib/libfreetype.dylib.6
0x0000000134f74000 	/Users/rafadazdoit/Documents/GitHub/GTNewHorizons/thaumicboots/run/natives/lwjgl2/liblwjgl.dylib
0x0000000134ff6000 	/Users/rafadazdoit/.gradle/jdks/azul_systems__inc_-8-x86_64-os_x/zulu8.68.0.21-ca-jdk8.0.362-macosx_x64/zulu-8.jdk/Contents/Home/jre/lib/libjawt.dylib
0x00007fff3fa24000 	/System/Library/Frameworks/OpenGL.framework/Versions/A/Resources/GLEngine.bundle/GLEngine
0x00007fff3ee07000 	/System/Library/Frameworks/OpenGL.framework/Versions/A/Libraries/libGLProgrammability.dylib
0x00007fff2b3d3000 	/System/Library/Extensions/AppleIntelICLGraphicsGLDriver.bundle/Contents/MacOS/AppleIntelICLGraphicsGLDriver
0x00007fff56375000 	/System/Library/PrivateFrameworks/GPUSupport.framework/Versions/A/Libraries/libGPUSupportMercury.dylib
0x00007fff3fb9e000 	/System/Library/Frameworks/OpenGL.framework/Versions/A/Resources/GLRendererFloat.bundle/GLRendererFloat
0x00007fff3e3c0000 	/System/Library/Frameworks/OpenCL.framework/Versions/A/Libraries/libcldcpuengine.dylib

VM Arguments:
jvm_args: -Dfml.ignoreInvalidMinecraftCertificates=true -Djava.library.path=/Users/rafadazdoit/Documents/GitHub/GTNewHorizons/thaumicboots/run/natives/lwjgl2:/Users/rafadazdoit/Library/Java/Extensions:/Library/Java/Extensions:/Network/Library/Java/Extensions:/System/Library/Java/Extensions:/usr/lib/java:. -ea:thaumicboots -Xms1G -Xmx6G -Dfile.encoding=UTF-8 -Duser.country=US -Duser.language=en -Duser.variant
java_command: GradleStart --username Developer --version 1.7.10 --gameDir /Users/rafadazdoit/Documents/GitHub/GTNewHorizons/thaumicboots/run --assetsDir /Users/rafadazdoit/.gradle/caches/retro_futura_gradle/assets --assetIndex 1.7.10 --uuid 31c4910d-9b69-4725-8969-9ed53ac8a7dc --userProperties {} --accessToken 0
java_class_path (initial): /Users/rafadazdoit/.gradle/caches/modules-2/files-2.1/org.lwjgl.lwjgl/lwjgl_util/2.9.4-nightly-20150209/d51a7c040a721d13efdfbd34f8b257b2df882ad0/lwjgl_util-2.9.4-nightly-20150209.jar:/Users/rafadazdoit/.gradle/caches/modules-2/files-2.1/org.lwjgl.lwjgl/lwjgl/2.9.4-nightly-20150209/697517568c68e78ae0b4544145af031c81082dfe/lwjgl-2.9.4-nightly-20150209.jar:/Users/rafadazdoit/.gradle/caches/modules-2/files-2.1/org.lwjgl.lwjgl/lwjgl-platform/2.9.4-nightly-20150209/bcab850f8f487c3f4c4dbabde778bb82bd1a40ed/lwjgl-platform-2.9.4-nightly-20150209-natives-osx.jar:/Users/rafadazdoit/.gradle/caches/modules-2/files-2.1/org.lwjgl.lwjgl/lwjgl-platform/2.9.4-nightly-20150209/b84d5102b9dbfabfeb5e43c7e2828d98a7fc80e0/lwjgl-platform-2.9.4-nightly-20150209-natives-windows.jar:/Users/rafadazdoit/.gradle/caches/modules-2/files-2.1/org.lwjgl.lwjgl/lwjgl-platform/2.9.4-nightly-20150209/931074f46c795d2f7b30ed6395df5715cfd7675b/lwjgl-platform-2.9.4-nightly-20150209-natives-linux.jar:/Users/rafadazdoit/.gradle/caches/modules-2/files-2.1/net.java.jinput/jinput/2.0.5/39c7796b469a600f72380316f6b1f11db6c2c7c4/jinput-2.0.5.jar:/Users/rafadazdoit/.gradle/caches/modules-2/files-2.1/net.java.jutils/jutils/1.0.0/e12fe1fda814bd348c1579329c86943d2cd3c6a6/jutils-1.0.0.jar:/Users/rafadazdoit/.gradle/caches/modules-2/files-2.1/net.java.jinput/jinput-platform/2.0.5/7ff832a6eb9ab6a767f1ade2b548092d0fa64795/jinput-platform-2.0.5-natives-linux.jar:/Users/rafadazdoit/.gradle/caches/modules-2/files-2.1/net.java.jinput/jinput-platform/2.0.5/385ee093e01f587f30ee1c8a2ee7d408fd732e16/jinput-platform-2.0.5-natives-windows.jar:/Users/rafadazdoit/.gradle/caches/modules-2/files-2.1/net.java.jinput/jinput-platform/2.0.5/53f9c919f34d2ca9de8c51fc4e1e8282029a9232/jinput-platform-2.0.5-natives-osx.jar:/Users/rafadazdoit/Documents/GitHub/GTNewHorizons/thaumicboots/build/rfg/mclauncher-1.7.10.jar:/Users/rafadazdoit/Documents/GitHub/GTNewHorizons/thaumicboots/build/rfg/recompiled_minecraft-
Launcher Type: SUN_STANDARD

Environment Variables:
PATH=/usr/local/bin:/usr/bin:/bin:/usr/sbin:/sbin:/Applications/VMware Fusion.app/Contents/Public:/opt/X11/bin:/Library/Apple/usr/bin:/Library/Frameworks/Mono.framework/Versions/Current/Commands:/usr/local/bin
SHELL=/bin/bash
DISPLAY=/private/tmp/com.apple.launchd.pdEvNevUQK/org.xquartz:0

Signal Handlers:
SIGSEGV: [libjvm.dylib+0x5b6abb], sa_mask[0]=11111111011111110111111111111111, sa_flags=SA_ONSTACK|SA_RESTART|SA_SIGINFO
SIGBUS: [libjvm.dylib+0x5b6abb], sa_mask[0]=11111111011111110111111111111111, sa_flags=SA_RESTART|SA_SIGINFO
SIGFPE: [libjvm.dylib+0x4a4381], sa_mask[0]=11111111011111110111111111111111, sa_flags=SA_RESTART|SA_SIGINFO
SIGPIPE: [libjvm.dylib+0x4a4381], sa_mask[0]=11111111011111110111111111111111, sa_flags=SA_RESTART|SA_SIGINFO
SIGXFSZ: [libjvm.dylib+0x4a4381], sa_mask[0]=11111111011111110111111111111111, sa_flags=SA_RESTART|SA_SIGINFO
SIGILL: [libjvm.dylib+0x4a4381], sa_mask[0]=11111111011111110111111111111111, sa_flags=SA_RESTART|SA_SIGINFO
SIGUSR1: SIG_DFL, sa_mask[0]=00000000000000000000000000000000, sa_flags=none
SIGUSR2: [libjvm.dylib+0x4a4c70], sa_mask[0]=00100000000000000000000000000000, sa_flags=SA_RESTART|SA_SIGINFO
SIGHUP: [libjvm.dylib+0x4a2db3], sa_mask[0]=11111111011111110111111111111111, sa_flags=SA_RESTART|SA_SIGINFO
SIGINT: [libjvm.dylib+0x4a2db3], sa_mask[0]=11111111011111110111111111111111, sa_flags=SA_RESTART|SA_SIGINFO
SIGTERM: [libjvm.dylib+0x4a2db3], sa_mask[0]=11111111011111110111111111111111, sa_flags=SA_RESTART|SA_SIGINFO
SIGQUIT: [libjvm.dylib+0x4a2db3], sa_mask[0]=11111111011111110111111111111111, sa_flags=SA_RESTART|SA_SIGINFO


---------------  S Y S T E M  ---------------

OS:Bsduname:Darwin 19.6.0 Darwin Kernel Version 19.6.0: Mon Aug 31 22:12:52 PDT 2020; root:xnu-6153.141.2~1/RELEASE_X86_64 x86_64
rlimit: STACK 8192k, CORE 0k, NPROC 2784, NOFILE 10240, AS infinity
load average:2.90 2.69 3.14

CPU:total 8 (initial active 8) (4 cores per cpu, 2 threads per core) family 6 model 126 stepping 5, cmov, cx8, fxsr, mmx, sse, sse2, sse3, ssse3, sse4.1, sse4.2, popcnt, avx, avx2, aes, clmul, erms, 3dnowpref, lzcnt, ht, tsc, tscinvbit, bmi1, bmi2, adx

Memory: 4k page, physical 16777216k(28984k free)

/proc/meminfo:


vm_info: OpenJDK 64-Bit Server VM (25.362-b09) for bsd-amd64 JRE (Zulu 8.68.0.21-CA-macosx) (1.8.0_362-b09), built on Jan 19 2023 08:47:03 by "zulu_re" with gcc 4.2.1 Compatible Apple LLVM 11.0.0 (clang-1100.0.33.17)

time: Sat May 20 16:40:17 2023
timezone: EDT
elapsed time: 7.972645 seconds (0d 0h 0m 7s)

